[1.983s] DEBUG:colcon:Command line arguments: ['/usr/bin/colcon', 'build']
[1.983s] DEBUG:colcon:Parsed command line arguments: Namespace(allow_overriding=[], ament_cmake_args=None, base_paths=['.'], build_base='build', catkin_cmake_args=None, catkin_skip_building_tests=False, cmake_args=None, cmake_clean_cache=False, cmake_clean_first=False, cmake_force_configure=False, cmake_target=None, cmake_target_skip_unavailable=False, continue_on_error=False, event_handlers=None, executor='parallel', ignore_user_meta=False, install_base='install', log_base=None, log_level=None, main=<bound method BuildVerb.main of <colcon_core.verb.build.BuildVerb object at 0x7f9205683550>>, merge_install=False, metas=['./colcon.meta'], packages_above=None, packages_above_and_dependencies=None, packages_above_depth=None, packages_end=None, packages_ignore=None, packages_ignore_regex=None, packages_select=None, packages_select_build_failed=False, packages_select_by_dep=None, packages_select_regex=None, packages_select_test_failures=False, packages_skip=None, packages_skip_build_finished=False, packages_skip_by_dep=None, packages_skip_regex=None, packages_skip_test_passed=False, packages_skip_up_to=None, packages_start=None, packages_up_to=None, packages_up_to_regex=None, parallel_workers=8, paths=None, symlink_install=False, test_result_base=None, verb_extension=<colcon_core.verb.build.BuildVerb object at 0x7f9205683550>, verb_name='build', verb_parser=<colcon_defaults.argument_parser.defaults.DefaultArgumentsDecorator object at 0x7f920528b130>)
[2.060s] Level 1:colcon.colcon_core.package_discovery:discover_packages(colcon_meta) check parameters
[2.060s] Level 1:colcon.colcon_core.package_discovery:discover_packages(recursive) check parameters
[2.060s] Level 1:colcon.colcon_core.package_discovery:discover_packages(ignore) check parameters
[2.060s] Level 1:colcon.colcon_core.package_discovery:discover_packages(path) check parameters
[2.060s] Level 1:colcon.colcon_core.package_discovery:discover_packages(colcon_meta) discover
[2.060s] Level 1:colcon.colcon_core.package_discovery:discover_packages(recursive) discover
[2.060s] INFO:colcon.colcon_core.package_discovery:Crawling recursively for packages in '/home/nishi/ros2_ws'
[2.060s] Level 1:colcon.colcon_core.package_identification:_identify(.) by extensions ['ignore', 'ignore_ament_install']
[2.060s] Level 1:colcon.colcon_core.package_identification:_identify(.) by extension 'ignore'
[2.061s] Level 1:colcon.colcon_core.package_identification:_identify(.) by extension 'ignore_ament_install'
[2.061s] Level 1:colcon.colcon_core.package_identification:_identify(.) by extensions ['colcon_pkg']
[2.061s] Level 1:colcon.colcon_core.package_identification:_identify(.) by extension 'colcon_pkg'
[2.061s] Level 1:colcon.colcon_core.package_identification:_identify(.) by extensions ['colcon_meta']
[2.061s] Level 1:colcon.colcon_core.package_identification:_identify(.) by extension 'colcon_meta'
[2.061s] Level 1:colcon.colcon_core.package_identification:_identify(.) by extensions ['ros']
[2.061s] Level 1:colcon.colcon_core.package_identification:_identify(.) by extension 'ros'
[2.072s] Level 1:colcon.colcon_core.package_identification:_identify(.) by extensions ['cmake', 'python']
[2.072s] Level 1:colcon.colcon_core.package_identification:_identify(.) by extension 'cmake'
[2.072s] Level 1:colcon.colcon_core.package_identification:_identify(.) by extension 'python'
[2.072s] Level 1:colcon.colcon_core.package_identification:_identify(.) by extensions ['python_setup_py']
[2.072s] Level 1:colcon.colcon_core.package_identification:_identify(.) by extension 'python_setup_py'
[2.072s] Level 1:colcon.colcon_core.package_identification:_identify(build) by extensions ['ignore', 'ignore_ament_install']
[2.072s] Level 1:colcon.colcon_core.package_identification:_identify(build) by extension 'ignore'
[2.072s] Level 1:colcon.colcon_core.package_identification:_identify(build) ignored
[2.072s] Level 1:colcon.colcon_core.package_identification:_identify(install) by extensions ['ignore', 'ignore_ament_install']
[2.072s] Level 1:colcon.colcon_core.package_identification:_identify(install) by extension 'ignore'
[2.073s] Level 1:colcon.colcon_core.package_identification:_identify(install) ignored
[2.073s] Level 1:colcon.colcon_core.package_identification:_identify(log) by extensions ['ignore', 'ignore_ament_install']
[2.073s] Level 1:colcon.colcon_core.package_identification:_identify(log) by extension 'ignore'
[2.073s] Level 1:colcon.colcon_core.package_identification:_identify(log) ignored
[2.074s] Level 1:colcon.colcon_core.package_identification:_identify(src) by extensions ['ignore', 'ignore_ament_install']
[2.074s] Level 1:colcon.colcon_core.package_identification:_identify(src) by extension 'ignore'
[2.074s] Level 1:colcon.colcon_core.package_identification:_identify(src) by extension 'ignore_ament_install'
[2.074s] Level 1:colcon.colcon_core.package_identification:_identify(src) by extensions ['colcon_pkg']
[2.074s] Level 1:colcon.colcon_core.package_identification:_identify(src) by extension 'colcon_pkg'
[2.074s] Level 1:colcon.colcon_core.package_identification:_identify(src) by extensions ['colcon_meta']
[2.074s] Level 1:colcon.colcon_core.package_identification:_identify(src) by extension 'colcon_meta'
[2.074s] Level 1:colcon.colcon_core.package_identification:_identify(src) by extensions ['ros']
[2.074s] Level 1:colcon.colcon_core.package_identification:_identify(src) by extension 'ros'
[2.074s] Level 1:colcon.colcon_core.package_identification:_identify(src) by extensions ['cmake', 'python']
[2.074s] Level 1:colcon.colcon_core.package_identification:_identify(src) by extension 'cmake'
[2.074s] Level 1:colcon.colcon_core.package_identification:_identify(src) by extension 'python'
[2.074s] Level 1:colcon.colcon_core.package_identification:_identify(src) by extensions ['python_setup_py']
[2.074s] Level 1:colcon.colcon_core.package_identification:_identify(src) by extension 'python_setup_py'
[2.074s] Level 1:colcon.colcon_core.package_identification:_identify(src/mypkg) by extensions ['ignore', 'ignore_ament_install']
[2.074s] Level 1:colcon.colcon_core.package_identification:_identify(src/mypkg) by extension 'ignore'
[2.074s] Level 1:colcon.colcon_core.package_identification:_identify(src/mypkg) by extension 'ignore_ament_install'
[2.074s] Level 1:colcon.colcon_core.package_identification:_identify(src/mypkg) by extensions ['colcon_pkg']
[2.074s] Level 1:colcon.colcon_core.package_identification:_identify(src/mypkg) by extension 'colcon_pkg'
[2.074s] Level 1:colcon.colcon_core.package_identification:_identify(src/mypkg) by extensions ['colcon_meta']
[2.074s] Level 1:colcon.colcon_core.package_identification:_identify(src/mypkg) by extension 'colcon_meta'
[2.074s] Level 1:colcon.colcon_core.package_identification:_identify(src/mypkg) by extensions ['ros']
[2.074s] Level 1:colcon.colcon_core.package_identification:_identify(src/mypkg) by extension 'ros'
[2.077s] DEBUG:colcon.colcon_core.package_identification:Package 'src/mypkg' with type 'ros.ament_python' and name 'mypkg'
[2.077s] Level 1:colcon.colcon_core.package_identification:_identify(src/person_msgs) by extensions ['ignore', 'ignore_ament_install']
[2.077s] Level 1:colcon.colcon_core.package_identification:_identify(src/person_msgs) by extension 'ignore'
[2.077s] Level 1:colcon.colcon_core.package_identification:_identify(src/person_msgs) by extension 'ignore_ament_install'
[2.077s] Level 1:colcon.colcon_core.package_identification:_identify(src/person_msgs) by extensions ['colcon_pkg']
[2.077s] Level 1:colcon.colcon_core.package_identification:_identify(src/person_msgs) by extension 'colcon_pkg'
[2.077s] Level 1:colcon.colcon_core.package_identification:_identify(src/person_msgs) by extensions ['colcon_meta']
[2.077s] Level 1:colcon.colcon_core.package_identification:_identify(src/person_msgs) by extension 'colcon_meta'
[2.077s] Level 1:colcon.colcon_core.package_identification:_identify(src/person_msgs) by extensions ['ros']
[2.077s] Level 1:colcon.colcon_core.package_identification:_identify(src/person_msgs) by extension 'ros'
[2.078s] DEBUG:colcon.colcon_core.package_identification:Package 'src/person_msgs' with type 'ros.ament_cmake' and name 'person_msgs'
[2.078s] Level 1:colcon.colcon_core.package_discovery:discover_packages(recursive) using defaults
[2.078s] Level 1:colcon.colcon_core.package_discovery:discover_packages(ignore) discover
[2.078s] Level 1:colcon.colcon_core.package_discovery:discover_packages(ignore) using defaults
[2.078s] Level 1:colcon.colcon_core.package_discovery:discover_packages(path) discover
[2.078s] Level 1:colcon.colcon_core.package_discovery:discover_packages(path) using defaults
[2.250s] Level 1:colcon.colcon_core.package_discovery:discover_packages(prefix_path) check parameters
[2.250s] Level 1:colcon.colcon_core.package_discovery:discover_packages(prefix_path) discover
[2.305s] DEBUG:colcon.colcon_installed_package_information.package_discovery:Found 2 installed packages in /home/nishi/ros2_ws/install
[2.354s] DEBUG:colcon.colcon_installed_package_information.package_discovery:Found 256 installed packages in /opt/ros/foxy
[2.355s] Level 1:colcon.colcon_core.package_discovery:discover_packages(prefix_path) using defaults
[2.481s] Level 5:colcon.colcon_core.verb:set package 'mypkg' build argument 'cmake_args' from command line to 'None'
[2.481s] Level 5:colcon.colcon_core.verb:set package 'mypkg' build argument 'cmake_target' from command line to 'None'
[2.481s] Level 5:colcon.colcon_core.verb:set package 'mypkg' build argument 'cmake_target_skip_unavailable' from command line to 'False'
[2.481s] Level 5:colcon.colcon_core.verb:set package 'mypkg' build argument 'cmake_clean_cache' from command line to 'False'
[2.481s] Level 5:colcon.colcon_core.verb:set package 'mypkg' build argument 'cmake_clean_first' from command line to 'False'
[2.481s] Level 5:colcon.colcon_core.verb:set package 'mypkg' build argument 'cmake_force_configure' from command line to 'False'
[2.481s] Level 5:colcon.colcon_core.verb:set package 'mypkg' build argument 'ament_cmake_args' from command line to 'None'
[2.481s] Level 5:colcon.colcon_core.verb:set package 'mypkg' build argument 'catkin_cmake_args' from command line to 'None'
[2.481s] Level 5:colcon.colcon_core.verb:set package 'mypkg' build argument 'catkin_skip_building_tests' from command line to 'False'
[2.481s] DEBUG:colcon.colcon_core.verb:Building package 'mypkg' with the following arguments: {'ament_cmake_args': None, 'build_base': '/home/nishi/ros2_ws/build/mypkg', 'catkin_cmake_args': None, 'catkin_skip_building_tests': False, 'cmake_args': None, 'cmake_clean_cache': False, 'cmake_clean_first': False, 'cmake_force_configure': False, 'cmake_target': None, 'cmake_target_skip_unavailable': False, 'install_base': '/home/nishi/ros2_ws/install/mypkg', 'merge_install': False, 'path': '/home/nishi/ros2_ws/src/mypkg', 'symlink_install': False, 'test_result_base': None}
[2.517s] Level 5:colcon.colcon_core.verb:set package 'person_msgs' build argument 'cmake_args' from command line to 'None'
[2.518s] Level 5:colcon.colcon_core.verb:set package 'person_msgs' build argument 'cmake_target' from command line to 'None'
[2.518s] Level 5:colcon.colcon_core.verb:set package 'person_msgs' build argument 'cmake_target_skip_unavailable' from command line to 'False'
[2.518s] Level 5:colcon.colcon_core.verb:set package 'person_msgs' build argument 'cmake_clean_cache' from command line to 'False'
[2.518s] Level 5:colcon.colcon_core.verb:set package 'person_msgs' build argument 'cmake_clean_first' from command line to 'False'
[2.518s] Level 5:colcon.colcon_core.verb:set package 'person_msgs' build argument 'cmake_force_configure' from command line to 'False'
[2.518s] Level 5:colcon.colcon_core.verb:set package 'person_msgs' build argument 'ament_cmake_args' from command line to 'None'
[2.518s] Level 5:colcon.colcon_core.verb:set package 'person_msgs' build argument 'catkin_cmake_args' from command line to 'None'
[2.518s] Level 5:colcon.colcon_core.verb:set package 'person_msgs' build argument 'catkin_skip_building_tests' from command line to 'False'
[2.518s] DEBUG:colcon.colcon_core.verb:Building package 'person_msgs' with the following arguments: {'ament_cmake_args': None, 'build_base': '/home/nishi/ros2_ws/build/person_msgs', 'catkin_cmake_args': None, 'catkin_skip_building_tests': False, 'cmake_args': None, 'cmake_clean_cache': False, 'cmake_clean_first': False, 'cmake_force_configure': False, 'cmake_target': None, 'cmake_target_skip_unavailable': False, 'install_base': '/home/nishi/ros2_ws/install/person_msgs', 'merge_install': False, 'path': '/home/nishi/ros2_ws/src/person_msgs', 'symlink_install': False, 'test_result_base': None}
[2.560s] INFO:colcon.colcon_core.executor:Executing jobs using 'parallel' executor
[2.590s] DEBUG:colcon.colcon_parallel_executor.executor.parallel:run_until_complete
[2.591s] INFO:colcon.colcon_ros.task.ament_python.build:Building ROS package in '/home/nishi/ros2_ws/src/mypkg' with build type 'ament_python'
[2.591s] Level 1:colcon.colcon_core.shell:create_environment_hook('mypkg', 'ament_prefix_path')
[2.621s] INFO:colcon.colcon_core.plugin_system:Skipping extension 'colcon_core.shell.bat': Not used on non-Windows systems
[2.622s] INFO:colcon.colcon_core.shell:Creating environment hook '/home/nishi/ros2_ws/install/mypkg/share/mypkg/hook/ament_prefix_path.ps1'
[2.623s] INFO:colcon.colcon_core.shell:Creating environment descriptor '/home/nishi/ros2_ws/install/mypkg/share/mypkg/hook/ament_prefix_path.dsv'
[2.624s] INFO:colcon.colcon_core.shell:Creating environment hook '/home/nishi/ros2_ws/install/mypkg/share/mypkg/hook/ament_prefix_path.sh'
[2.656s] INFO:colcon.colcon_core.shell:Skip shell extension 'powershell' for command environment: Not usable outside of PowerShell
[2.656s] DEBUG:colcon.colcon_core.shell:Skip shell extension 'dsv' for command environment
[2.745s] INFO:colcon.colcon_ros.task.ament_cmake.build:Building ROS package in '/home/nishi/ros2_ws/src/person_msgs' with build type 'ament_cmake'
[2.745s] INFO:colcon.colcon_cmake.task.cmake.build:Building CMake package in '/home/nishi/ros2_ws/src/person_msgs'
[2.781s] INFO:colcon.colcon_core.shell:Skip shell extension 'powershell' for command environment: Not usable outside of PowerShell
[2.781s] DEBUG:colcon.colcon_core.shell:Skip shell extension 'dsv' for command environment
[3.092s] INFO:colcon.colcon_core.task.python.build:Building Python package in '/home/nishi/ros2_ws/src/mypkg'
[3.129s] INFO:colcon.colcon_core.shell:Skip shell extension 'powershell' for command environment: Not usable outside of PowerShell
[3.129s] DEBUG:colcon.colcon_core.shell:Skip shell extension 'dsv' for command environment
[3.289s] DEBUG:colcon.colcon_core.event_handler.log_command:Invoking command in '/home/nishi/ros2_ws/build/person_msgs': CMAKE_PREFIX_PATH=${CMAKE_PREFIX_PATH}:/home/nishi/ros2_ws/install/mypkg:/opt/ros/foxy /usr/bin/cmake --build /home/nishi/ros2_ws/build/person_msgs -- -j8 -l8
[3.567s] DEBUG:colcon.colcon_core.event_handler.log_command:Invoked command in '/home/nishi/ros2_ws/build/person_msgs' returned '0': CMAKE_PREFIX_PATH=${CMAKE_PREFIX_PATH}:/home/nishi/ros2_ws/install/mypkg:/opt/ros/foxy /usr/bin/cmake --build /home/nishi/ros2_ws/build/person_msgs -- -j8 -l8
[3.680s] DEBUG:colcon.colcon_core.event_handler.log_command:Invoking command in '/home/nishi/ros2_ws/build/person_msgs': CMAKE_PREFIX_PATH=${CMAKE_PREFIX_PATH}:/home/nishi/ros2_ws/install/mypkg:/opt/ros/foxy /usr/bin/cmake --install /home/nishi/ros2_ws/build/person_msgs
[3.763s] Level 1:colcon.colcon_core.environment:create_environment_scripts_only(person_msgs)
[3.764s] DEBUG:colcon.colcon_core.event_handler.log_command:Invoked command in '/home/nishi/ros2_ws/build/person_msgs' returned '0': CMAKE_PREFIX_PATH=${CMAKE_PREFIX_PATH}:/home/nishi/ros2_ws/install/mypkg:/opt/ros/foxy /usr/bin/cmake --install /home/nishi/ros2_ws/build/person_msgs
[3.797s] Level 1:colcon.colcon_core.environment:checking '/home/nishi/ros2_ws/install/person_msgs' for CMake module files
[3.798s] Level 1:colcon.colcon_core.environment:checking '/home/nishi/ros2_ws/install/person_msgs' for CMake config files
[3.799s] Level 1:colcon.colcon_core.shell:create_environment_hook('person_msgs', 'cmake_prefix_path')
[3.828s] INFO:colcon.colcon_core.shell:Creating environment hook '/home/nishi/ros2_ws/install/person_msgs/share/person_msgs/hook/cmake_prefix_path.ps1'
[3.829s] INFO:colcon.colcon_core.shell:Creating environment descriptor '/home/nishi/ros2_ws/install/person_msgs/share/person_msgs/hook/cmake_prefix_path.dsv'
[3.829s] INFO:colcon.colcon_core.shell:Creating environment hook '/home/nishi/ros2_ws/install/person_msgs/share/person_msgs/hook/cmake_prefix_path.sh'
[3.830s] Level 1:colcon.colcon_core.environment:checking '/home/nishi/ros2_ws/install/person_msgs/lib'
[3.830s] Level 1:colcon.colcon_core.shell:create_environment_hook('person_msgs', 'ld_library_path_lib')
[3.873s] INFO:colcon.colcon_core.shell:Creating environment hook '/home/nishi/ros2_ws/install/person_msgs/share/person_msgs/hook/ld_library_path_lib.ps1'
[3.874s] INFO:colcon.colcon_core.shell:Creating environment descriptor '/home/nishi/ros2_ws/install/person_msgs/share/person_msgs/hook/ld_library_path_lib.dsv'
[3.875s] INFO:colcon.colcon_core.shell:Creating environment hook '/home/nishi/ros2_ws/install/person_msgs/share/person_msgs/hook/ld_library_path_lib.sh'
[3.875s] Level 1:colcon.colcon_core.environment:checking '/home/nishi/ros2_ws/install/person_msgs/bin'
[3.875s] Level 1:colcon.colcon_core.environment:checking '/home/nishi/ros2_ws/install/person_msgs/lib/pkgconfig/person_msgs.pc'
[3.875s] Level 1:colcon.colcon_core.environment:checking '/home/nishi/ros2_ws/install/person_msgs/lib/python3.8/site-packages'
[3.875s] Level 1:colcon.colcon_core.shell:create_environment_hook('person_msgs', 'pythonpath')
[3.901s] INFO:colcon.colcon_core.shell:Creating environment hook '/home/nishi/ros2_ws/install/person_msgs/share/person_msgs/hook/pythonpath.ps1'
[3.902s] INFO:colcon.colcon_core.shell:Creating environment descriptor '/home/nishi/ros2_ws/install/person_msgs/share/person_msgs/hook/pythonpath.dsv'
[3.902s] INFO:colcon.colcon_core.shell:Creating environment hook '/home/nishi/ros2_ws/install/person_msgs/share/person_msgs/hook/pythonpath.sh'
[3.903s] Level 1:colcon.colcon_core.environment:checking '/home/nishi/ros2_ws/install/person_msgs/bin'
[3.932s] INFO:colcon.colcon_core.shell:Creating package script '/home/nishi/ros2_ws/install/person_msgs/share/person_msgs/package.ps1'
[3.933s] INFO:colcon.colcon_core.shell:Creating package descriptor '/home/nishi/ros2_ws/install/person_msgs/share/person_msgs/package.dsv'
[3.934s] INFO:colcon.colcon_core.shell:Creating package script '/home/nishi/ros2_ws/install/person_msgs/share/person_msgs/package.sh'
[3.934s] INFO:colcon.colcon_core.shell:Creating package script '/home/nishi/ros2_ws/install/person_msgs/share/person_msgs/package.bash'
[3.935s] INFO:colcon.colcon_core.shell:Creating package script '/home/nishi/ros2_ws/install/person_msgs/share/person_msgs/package.zsh'
[3.936s] Level 1:colcon.colcon_core.environment:create_file_with_runtime_dependencies(/home/nishi/ros2_ws/install/person_msgs/share/colcon-core/packages/person_msgs)
[3.945s] DEBUG:colcon.colcon_core.event_handler.log_command:Invoking command in '/home/nishi/ros2_ws/src/mypkg': PYTHONPATH=/home/nishi/ros2_ws/build/mypkg/prefix_override:/home/nishi/ros2_ws/install/mypkg/lib/python3.8/site-packages:${PYTHONPATH} /usr/bin/python3 setup.py egg_info --egg-base ../../build/mypkg build --build-base /home/nishi/ros2_ws/build/mypkg/build install --record /home/nishi/ros2_ws/build/mypkg/install.log --install-scripts $base/lib/mypkg --single-version-externally-managed
[4.037s] Level 1:colcon.colcon_core.environment:create_environment_scripts_only(person_msgs)
[4.070s] Level 1:colcon.colcon_core.environment:checking '/home/nishi/ros2_ws/install/person_msgs' for CMake module files
[4.071s] Level 1:colcon.colcon_core.environment:checking '/home/nishi/ros2_ws/install/person_msgs' for CMake config files
[4.071s] Level 1:colcon.colcon_core.shell:create_environment_hook('person_msgs', 'cmake_prefix_path')
[4.110s] INFO:colcon.colcon_core.shell:Creating environment hook '/home/nishi/ros2_ws/install/person_msgs/share/person_msgs/hook/cmake_prefix_path.ps1'
[4.111s] INFO:colcon.colcon_core.shell:Creating environment descriptor '/home/nishi/ros2_ws/install/person_msgs/share/person_msgs/hook/cmake_prefix_path.dsv'
[4.111s] INFO:colcon.colcon_core.shell:Creating environment hook '/home/nishi/ros2_ws/install/person_msgs/share/person_msgs/hook/cmake_prefix_path.sh'
[4.112s] Level 1:colcon.colcon_core.environment:checking '/home/nishi/ros2_ws/install/person_msgs/lib'
[4.112s] Level 1:colcon.colcon_core.shell:create_environment_hook('person_msgs', 'ld_library_path_lib')
[4.141s] INFO:colcon.colcon_core.shell:Creating environment hook '/home/nishi/ros2_ws/install/person_msgs/share/person_msgs/hook/ld_library_path_lib.ps1'
[4.144s] INFO:colcon.colcon_core.shell:Creating environment descriptor '/home/nishi/ros2_ws/install/person_msgs/share/person_msgs/hook/ld_library_path_lib.dsv'
[4.145s] INFO:colcon.colcon_core.shell:Creating environment hook '/home/nishi/ros2_ws/install/person_msgs/share/person_msgs/hook/ld_library_path_lib.sh'
[4.145s] Level 1:colcon.colcon_core.environment:checking '/home/nishi/ros2_ws/install/person_msgs/bin'
[4.145s] Level 1:colcon.colcon_core.environment:checking '/home/nishi/ros2_ws/install/person_msgs/lib/pkgconfig/person_msgs.pc'
[4.145s] Level 1:colcon.colcon_core.environment:checking '/home/nishi/ros2_ws/install/person_msgs/lib/python3.8/site-packages'
[4.146s] Level 1:colcon.colcon_core.shell:create_environment_hook('person_msgs', 'pythonpath')
[4.176s] INFO:colcon.colcon_core.shell:Creating environment hook '/home/nishi/ros2_ws/install/person_msgs/share/person_msgs/hook/pythonpath.ps1'
[4.176s] INFO:colcon.colcon_core.shell:Creating environment descriptor '/home/nishi/ros2_ws/install/person_msgs/share/person_msgs/hook/pythonpath.dsv'
[4.177s] INFO:colcon.colcon_core.shell:Creating environment hook '/home/nishi/ros2_ws/install/person_msgs/share/person_msgs/hook/pythonpath.sh'
[4.178s] Level 1:colcon.colcon_core.environment:checking '/home/nishi/ros2_ws/install/person_msgs/bin'
[4.218s] INFO:colcon.colcon_core.shell:Creating package script '/home/nishi/ros2_ws/install/person_msgs/share/person_msgs/package.ps1'
[4.220s] INFO:colcon.colcon_core.shell:Creating package descriptor '/home/nishi/ros2_ws/install/person_msgs/share/person_msgs/package.dsv'
[4.221s] INFO:colcon.colcon_core.shell:Creating package script '/home/nishi/ros2_ws/install/person_msgs/share/person_msgs/package.sh'
[4.221s] INFO:colcon.colcon_core.shell:Creating package script '/home/nishi/ros2_ws/install/person_msgs/share/person_msgs/package.bash'
[4.222s] INFO:colcon.colcon_core.shell:Creating package script '/home/nishi/ros2_ws/install/person_msgs/share/person_msgs/package.zsh'
[4.222s] Level 1:colcon.colcon_core.environment:create_file_with_runtime_dependencies(/home/nishi/ros2_ws/install/person_msgs/share/colcon-core/packages/person_msgs)
[4.236s] DEBUG:colcon.colcon_core.event_handler.log_command:Invoked command in '/home/nishi/ros2_ws/src/mypkg' returned '0': PYTHONPATH=/home/nishi/ros2_ws/build/mypkg/prefix_override:/home/nishi/ros2_ws/install/mypkg/lib/python3.8/site-packages:${PYTHONPATH} /usr/bin/python3 setup.py egg_info --egg-base ../../build/mypkg build --build-base /home/nishi/ros2_ws/build/mypkg/build install --record /home/nishi/ros2_ws/build/mypkg/install.log --install-scripts $base/lib/mypkg --single-version-externally-managed
[4.280s] Level 1:colcon.colcon_core.environment:checking '/home/nishi/ros2_ws/install/mypkg' for CMake module files
[4.281s] Level 1:colcon.colcon_core.environment:checking '/home/nishi/ros2_ws/install/mypkg' for CMake config files
[4.282s] Level 1:colcon.colcon_core.environment:checking '/home/nishi/ros2_ws/install/mypkg/lib'
[4.282s] Level 1:colcon.colcon_core.environment:checking '/home/nishi/ros2_ws/install/mypkg/bin'
[4.282s] Level 1:colcon.colcon_core.environment:checking '/home/nishi/ros2_ws/install/mypkg/lib/pkgconfig/mypkg.pc'
[4.283s] Level 1:colcon.colcon_core.environment:checking '/home/nishi/ros2_ws/install/mypkg/lib/python3.8/site-packages'
[4.283s] Level 1:colcon.colcon_core.shell:create_environment_hook('mypkg', 'pythonpath')
[4.319s] INFO:colcon.colcon_core.shell:Creating environment hook '/home/nishi/ros2_ws/install/mypkg/share/mypkg/hook/pythonpath.ps1'
[4.320s] INFO:colcon.colcon_core.shell:Creating environment descriptor '/home/nishi/ros2_ws/install/mypkg/share/mypkg/hook/pythonpath.dsv'
[4.320s] INFO:colcon.colcon_core.shell:Creating environment hook '/home/nishi/ros2_ws/install/mypkg/share/mypkg/hook/pythonpath.sh'
[4.320s] Level 1:colcon.colcon_core.environment:checking '/home/nishi/ros2_ws/install/mypkg/bin'
[4.320s] Level 1:colcon.colcon_core.environment:create_environment_scripts_only(mypkg)
[4.361s] INFO:colcon.colcon_core.shell:Creating package script '/home/nishi/ros2_ws/install/mypkg/share/mypkg/package.ps1'
[4.362s] INFO:colcon.colcon_core.shell:Creating package descriptor '/home/nishi/ros2_ws/install/mypkg/share/mypkg/package.dsv'
[4.363s] INFO:colcon.colcon_core.shell:Creating package script '/home/nishi/ros2_ws/install/mypkg/share/mypkg/package.sh'
[4.364s] INFO:colcon.colcon_core.shell:Creating package script '/home/nishi/ros2_ws/install/mypkg/share/mypkg/package.bash'
[4.364s] INFO:colcon.colcon_core.shell:Creating package script '/home/nishi/ros2_ws/install/mypkg/share/mypkg/package.zsh'
[4.364s] Level 1:colcon.colcon_core.environment:create_file_with_runtime_dependencies(/home/nishi/ros2_ws/install/mypkg/share/colcon-core/packages/mypkg)
[4.365s] DEBUG:colcon.colcon_parallel_executor.executor.parallel:closing loop
[4.366s] DEBUG:colcon.colcon_parallel_executor.executor.parallel:loop closed
[4.366s] DEBUG:colcon.colcon_parallel_executor.executor.parallel:run_until_complete finished with '0'
[4.366s] DEBUG:colcon.colcon_core.event_reactor:joining thread
[4.460s] INFO:colcon.colcon_core.plugin_system:Skipping extension 'colcon_notification.desktop_notification.notify_send': Could not find 'notify-send'
[4.461s] INFO:colcon.colcon_core.plugin_system:Skipping extension 'colcon_notification.desktop_notification.terminal_notifier': Not used on non-Darwin systems
[4.461s] INFO:colcon.colcon_core.plugin_system:Skipping extension 'colcon_notification.desktop_notification.win32': Not used on non-Windows systems
[4.461s] INFO:colcon.colcon_notification.desktop_notification:Sending desktop notification using 'notify2'
[4.471s] DEBUG:colcon.colcon_notification.desktop_notification.notify2:Failed to initialize notify2: org.freedesktop.DBus.Error.ServiceUnknown: The name org.freedesktop.Notifications was not provided by any .service files
[4.472s] DEBUG:colcon.colcon_core.event_reactor:joined thread
[4.508s] INFO:colcon.colcon_core.shell:Creating prefix script '/home/nishi/ros2_ws/install/local_setup.ps1'
[4.509s] INFO:colcon.colcon_core.shell:Creating prefix util module '/home/nishi/ros2_ws/install/_local_setup_util_ps1.py'
[4.510s] INFO:colcon.colcon_core.shell:Creating prefix chain script '/home/nishi/ros2_ws/install/setup.ps1'
[4.540s] INFO:colcon.colcon_core.shell:Creating prefix script '/home/nishi/ros2_ws/install/local_setup.sh'
[4.540s] INFO:colcon.colcon_core.shell:Creating prefix util module '/home/nishi/ros2_ws/install/_local_setup_util_sh.py'
[4.541s] INFO:colcon.colcon_core.shell:Creating prefix chain script '/home/nishi/ros2_ws/install/setup.sh'
[4.570s] INFO:colcon.colcon_core.shell:Creating prefix script '/home/nishi/ros2_ws/install/local_setup.bash'
[4.571s] INFO:colcon.colcon_core.shell:Creating prefix chain script '/home/nishi/ros2_ws/install/setup.bash'
[4.600s] INFO:colcon.colcon_core.shell:Creating prefix script '/home/nishi/ros2_ws/install/local_setup.zsh'
[4.600s] INFO:colcon.colcon_core.shell:Creating prefix chain script '/home/nishi/ros2_ws/install/setup.zsh'
