[0.551s] Invoking command in '/home/nishi/ros2_ws/build/person_msgs': CMAKE_PREFIX_PATH=${CMAKE_PREFIX_PATH}:/home/nishi/ros2_ws/install/mypkg:/opt/ros/foxy /usr/bin/cmake --build /home/nishi/ros2_ws/build/person_msgs -- -j8 -l8
[0.632s] -- Found ament_cmake: 0.9.12 (/opt/ros/foxy/share/ament_cmake/cmake)
[0.668s] -- Found PythonInterp: /usr/bin/python3 (found suitable version "3.8.10", minimum required is "3") 
[0.669s] -- Using PYTHON_EXECUTABLE: /usr/bin/python3
[0.856s] -- Found rosidl_default_generators: 1.0.1 (/opt/ros/foxy/share/rosidl_default_generators/cmake)
[0.859s] -- Using all available rosidl_typesupport_c: rosidl_typesupport_fastrtps_c;rosidl_typesupport_introspection_c
[0.864s] -- Found rosidl_adapter: 1.3.1 (/opt/ros/foxy/share/rosidl_adapter/cmake)
[7.819s] -- Using all available rosidl_typesupport_cpp: rosidl_typesupport_fastrtps_cpp;rosidl_typesupport_introspection_cpp
[7.866s] -- Found PythonInterp: /usr/bin/python3 (found version "3.8.10") 
[7.989s] -- Found ament_cmake_ros: 0.9.2 (/opt/ros/foxy/share/ament_cmake_ros/cmake)
[15.326s] -- Using all available rosidl_typesupport_c: rosidl_typesupport_fastrtps_c;rosidl_typesupport_introspection_c
[15.342s] -- Using all available rosidl_typesupport_cpp: rosidl_typesupport_fastrtps_cpp;rosidl_typesupport_introspection_cpp
[15.381s] -- Found PythonInterp: /usr/bin/python3 (found suitable version "3.8.10", minimum required is "3.5") 
[15.382s] -- Found python_cmake_module: 0.8.1 (/opt/ros/foxy/share/python_cmake_module/cmake)
[15.425s] -- Using PYTHON_EXECUTABLE: /usr/bin/python3
[15.426s] -- Using PYTHON_INCLUDE_DIRS: /usr/include/python3.8
[15.426s] -- Using PYTHON_LIBRARIES: /usr/lib/x86_64-linux-gnu/libpython3.8.so
[15.452s] -- Found ament_lint_auto: 0.9.8 (/opt/ros/foxy/share/ament_lint_auto/cmake)
[15.472s] -- Added test 'copyright' to check source files copyright and LICENSE
[15.474s] -- Added test 'lint_cmake' to check CMake code style
[15.474s] -- Added test 'xmllint' to check XML markup files
[15.478s] -- Configuring done
[15.527s] -- Generating done
[15.534s] -- Build files have been written to: /home/nishi/ros2_ws/build/person_msgs
[15.561s] [  2%] [34m[1mGenerating C code for ROS interfaces[0m
[15.561s] [35m[1mScanning dependencies of target person_msgs__cpp[0m
[15.572s] [  4%] [34m[1mGenerating C++ code for ROS interfaces[0m
[15.943s] [  4%] Built target person_msgs__cpp
[15.970s] [  6%] [34m[1mGenerating C++ type support dispatch for ROS interfaces[0m
[15.972s] [  8%] [34m[1mGenerating C++ type support for eProsima Fast-RTPS[0m
[15.976s] [ 10%] [34m[1mGenerating C++ introspection for ROS interfaces[0m
[15.977s] [35m[1mScanning dependencies of target person_msgs__rosidl_generator_c[0m
[15.994s] [ 12%] [32mBuilding C object CMakeFiles/person_msgs__rosidl_generator_c.dir/rosidl_generator_c/person_msgs/srv/detail/query__functions.c.o[0m
[15.996s] [ 14%] [32mBuilding C object CMakeFiles/person_msgs__rosidl_generator_c.dir/rosidl_generator_c/person_msgs/msg/detail/person__functions.c.o[0m
[15.998s] [ 17%] [32mBuilding C object CMakeFiles/person_msgs__rosidl_generator_c.dir/rosidl_generator_c/person_msgs/srv/detail/query2__functions.c.o[0m
[16.147s] [ 19%] [32m[1mLinking C shared library libperson_msgs__rosidl_generator_c.so[0m
[16.245s] [ 19%] Built target person_msgs__rosidl_generator_c
[16.257s] [ 21%] [34m[1mGenerating C introspection for ROS interfaces[0m
[16.257s] [ 23%] [34m[1mGenerating C type support dispatch for ROS interfaces[0m
[16.337s] [35m[1mScanning dependencies of target person_msgs__rosidl_typesupport_cpp[0m
[16.356s] [ 27%] [32mBuilding CXX object CMakeFiles/person_msgs__rosidl_typesupport_cpp.dir/rosidl_typesupport_cpp/person_msgs/srv/query__type_support.cpp.o[0m
[16.356s] [ 27%] [32mBuilding CXX object CMakeFiles/person_msgs__rosidl_typesupport_cpp.dir/rosidl_typesupport_cpp/person_msgs/srv/query2__type_support.cpp.o[0m
[16.356s] [ 29%] [32mBuilding CXX object CMakeFiles/person_msgs__rosidl_typesupport_cpp.dir/rosidl_typesupport_cpp/person_msgs/msg/person__type_support.cpp.o[0m
[16.431s] [35m[1mScanning dependencies of target person_msgs__rosidl_typesupport_introspection_cpp[0m
[16.465s] [ 31%] [32mBuilding CXX object CMakeFiles/person_msgs__rosidl_typesupport_introspection_cpp.dir/rosidl_typesupport_introspection_cpp/person_msgs/msg/detail/person__type_support.cpp.o[0m
[16.467s] [35m[1mScanning dependencies of target person_msgs__rosidl_typesupport_fastrtps_cpp[0m
[16.477s] [ 34%] [32mBuilding CXX object CMakeFiles/person_msgs__rosidl_typesupport_introspection_cpp.dir/rosidl_typesupport_introspection_cpp/person_msgs/srv/detail/query__type_support.cpp.o[0m
[16.559s] [ 36%] [32mBuilding CXX object CMakeFiles/person_msgs__rosidl_typesupport_fastrtps_cpp.dir/rosidl_typesupport_fastrtps_cpp/person_msgs/msg/detail/dds_fastrtps/person__type_support.cpp.o[0m
[16.766s] [35m[1mScanning dependencies of target person_msgs__rosidl_typesupport_c[0m
[16.856s] [ 38%] [32mBuilding CXX object CMakeFiles/person_msgs__rosidl_typesupport_c.dir/rosidl_typesupport_c/person_msgs/msg/person__type_support.cpp.o[0m
[16.877s] [35m[1mScanning dependencies of target person_msgs__rosidl_typesupport_introspection_c[0m
[16.901s] [ 40%] [32mBuilding C object CMakeFiles/person_msgs__rosidl_typesupport_introspection_c.dir/rosidl_typesupport_introspection_c/person_msgs/msg/detail/person__type_support.c.o[0m
[16.934s] [ 42%] [32mBuilding CXX object CMakeFiles/person_msgs__rosidl_typesupport_c.dir/rosidl_typesupport_c/person_msgs/srv/query__type_support.cpp.o[0m
[16.957s] [ 44%] [32mBuilding C object CMakeFiles/person_msgs__rosidl_typesupport_introspection_c.dir/rosidl_typesupport_introspection_c/person_msgs/srv/detail/query__type_support.c.o[0m
[16.981s] [ 46%] [32mBuilding CXX object CMakeFiles/person_msgs__rosidl_typesupport_introspection_cpp.dir/rosidl_typesupport_introspection_cpp/person_msgs/srv/detail/query2__type_support.cpp.o[0m
[16.988s] [ 48%] [32mBuilding CXX object CMakeFiles/person_msgs__rosidl_typesupport_c.dir/rosidl_typesupport_c/person_msgs/srv/query2__type_support.cpp.o[0m
[16.998s] [ 51%] [32mBuilding C object CMakeFiles/person_msgs__rosidl_typesupport_introspection_c.dir/rosidl_typesupport_introspection_c/person_msgs/srv/detail/query2__type_support.c.o[0m
[17.003s] [ 53%] [32m[1mLinking CXX shared library libperson_msgs__rosidl_typesupport_cpp.so[0m
[17.010s] [ 55%] [32mBuilding CXX object CMakeFiles/person_msgs__rosidl_typesupport_fastrtps_cpp.dir/rosidl_typesupport_fastrtps_cpp/person_msgs/srv/detail/dds_fastrtps/query__type_support.cpp.o[0m
[17.023s] [ 57%] [32mBuilding CXX object CMakeFiles/person_msgs__rosidl_typesupport_fastrtps_cpp.dir/rosidl_typesupport_fastrtps_cpp/person_msgs/srv/detail/dds_fastrtps/query2__type_support.cpp.o[0m
[17.050s] [ 59%] [32m[1mLinking CXX shared library libperson_msgs__rosidl_typesupport_c.so[0m
[17.055s] [ 61%] [32m[1mLinking C shared library libperson_msgs__rosidl_typesupport_introspection_c.so[0m
[17.143s] [ 61%] Built target person_msgs__rosidl_typesupport_cpp
[17.145s] [ 61%] Built target person_msgs__rosidl_typesupport_introspection_c
[17.157s] [ 61%] Built target person_msgs__rosidl_typesupport_c
[17.359s] [ 63%] [32m[1mLinking CXX shared library libperson_msgs__rosidl_typesupport_introspection_cpp.so[0m
[17.468s] [ 63%] Built target person_msgs__rosidl_typesupport_introspection_cpp
[17.541s] [ 65%] [32m[1mLinking CXX shared library libperson_msgs__rosidl_typesupport_fastrtps_cpp.so[0m
[17.688s] [ 65%] Built target person_msgs__rosidl_typesupport_fastrtps_cpp
[17.701s] [ 68%] [34m[1mGenerating C type support for eProsima Fast-RTPS[0m
[18.018s] [35m[1mScanning dependencies of target person_msgs__rosidl_typesupport_fastrtps_c[0m
[18.039s] [ 70%] [32mBuilding CXX object CMakeFiles/person_msgs__rosidl_typesupport_fastrtps_c.dir/rosidl_typesupport_fastrtps_c/person_msgs/srv/detail/query__type_support_c.cpp.o[0m
[18.040s] [ 72%] [32mBuilding CXX object CMakeFiles/person_msgs__rosidl_typesupport_fastrtps_c.dir/rosidl_typesupport_fastrtps_c/person_msgs/msg/detail/person__type_support_c.cpp.o[0m
[18.041s] [ 74%] [32mBuilding CXX object CMakeFiles/person_msgs__rosidl_typesupport_fastrtps_c.dir/rosidl_typesupport_fastrtps_c/person_msgs/srv/detail/query2__type_support_c.cpp.o[0m
[18.447s] [ 76%] [32m[1mLinking CXX shared library libperson_msgs__rosidl_typesupport_fastrtps_c.so[0m
[18.581s] [ 76%] Built target person_msgs__rosidl_typesupport_fastrtps_c
[18.599s] [ 76%] Built target person_msgs
[18.610s] [35m[1mScanning dependencies of target person_msgs__py[0m
[18.623s] [ 78%] [34m[1mGenerating Python code for ROS interfaces[0m
[19.362s] [ 78%] Built target person_msgs__py
[19.375s] [35m[1mScanning dependencies of target person_msgs__python[0m
[19.393s] [ 80%] [32mBuilding C object CMakeFiles/person_msgs__python.dir/rosidl_generator_py/person_msgs/msg/_person_s.c.o[0m
[19.393s] [ 82%] [32mBuilding C object CMakeFiles/person_msgs__python.dir/rosidl_generator_py/person_msgs/srv/_query_s.c.o[0m
[19.395s] [ 85%] [32mBuilding C object CMakeFiles/person_msgs__python.dir/rosidl_generator_py/person_msgs/srv/_query2_s.c.o[0m
[19.563s] [ 87%] [32m[1mLinking C shared library rosidl_generator_py/person_msgs/libperson_msgs__python.so[0m
[19.738s] [ 87%] Built target person_msgs__python
[19.762s] [35m[1mScanning dependencies of target person_msgs__rosidl_typesupport_c__pyext[0m
[19.762s] [35m[1mScanning dependencies of target person_msgs__rosidl_typesupport_fastrtps_c__pyext[0m
[19.762s] [35m[1mScanning dependencies of target person_msgs__rosidl_typesupport_introspection_c__pyext[0m
[19.794s] [ 91%] [32mBuilding C object CMakeFiles/person_msgs__rosidl_typesupport_introspection_c__pyext.dir/rosidl_generator_py/person_msgs/_person_msgs_s.ep.rosidl_typesupport_introspection_c.c.o[0m
[19.795s] [ 91%] [32mBuilding C object CMakeFiles/person_msgs__rosidl_typesupport_c__pyext.dir/rosidl_generator_py/person_msgs/_person_msgs_s.ep.rosidl_typesupport_c.c.o[0m
[19.795s] [ 93%] [32mBuilding C object CMakeFiles/person_msgs__rosidl_typesupport_fastrtps_c__pyext.dir/rosidl_generator_py/person_msgs/_person_msgs_s.ep.rosidl_typesupport_fastrtps_c.c.o[0m
[19.904s] [ 95%] [32m[1mLinking C shared library rosidl_generator_py/person_msgs/person_msgs_s__rosidl_typesupport_c.cpython-38-x86_64-linux-gnu.so[0m
[19.912s] [ 97%] [32m[1mLinking CXX shared library rosidl_generator_py/person_msgs/person_msgs_s__rosidl_typesupport_fastrtps_c.cpython-38-x86_64-linux-gnu.so[0m
[19.912s] [100%] [32m[1mLinking C shared library rosidl_generator_py/person_msgs/person_msgs_s__rosidl_typesupport_introspection_c.cpython-38-x86_64-linux-gnu.so[0m
[20.004s] [100%] Built target person_msgs__rosidl_typesupport_c__pyext
[20.005s] [100%] Built target person_msgs__rosidl_typesupport_introspection_c__pyext
[20.036s] [100%] Built target person_msgs__rosidl_typesupport_fastrtps_c__pyext
[20.053s] Invoked command in '/home/nishi/ros2_ws/build/person_msgs' returned '0': CMAKE_PREFIX_PATH=${CMAKE_PREFIX_PATH}:/home/nishi/ros2_ws/install/mypkg:/opt/ros/foxy /usr/bin/cmake --build /home/nishi/ros2_ws/build/person_msgs -- -j8 -l8
[20.218s] Invoking command in '/home/nishi/ros2_ws/build/person_msgs': CMAKE_PREFIX_PATH=${CMAKE_PREFIX_PATH}:/home/nishi/ros2_ws/install/mypkg:/opt/ros/foxy /usr/bin/cmake --install /home/nishi/ros2_ws/build/person_msgs
[20.228s] -- Install configuration: ""
[20.229s] -- Installing: /home/nishi/ros2_ws/install/person_msgs/share/ament_index/resource_index/rosidl_interfaces/person_msgs
[20.229s] -- Up-to-date: /home/nishi/ros2_ws/install/person_msgs/include/person_msgs
[20.230s] -- Up-to-date: /home/nishi/ros2_ws/install/person_msgs/include/person_msgs/srv
[20.230s] -- Installing: /home/nishi/ros2_ws/install/person_msgs/include/person_msgs/srv/query.h
[20.230s] -- Installing: /home/nishi/ros2_ws/install/person_msgs/include/person_msgs/srv/query2.h
[20.231s] -- Up-to-date: /home/nishi/ros2_ws/install/person_msgs/include/person_msgs/srv/detail
[20.231s] -- Installing: /home/nishi/ros2_ws/install/person_msgs/include/person_msgs/srv/detail/query2__struct.h
[20.231s] -- Installing: /home/nishi/ros2_ws/install/person_msgs/include/person_msgs/srv/detail/query__functions.c
[20.232s] -- Installing: /home/nishi/ros2_ws/install/person_msgs/include/person_msgs/srv/detail/query2__functions.h
[20.232s] -- Installing: /home/nishi/ros2_ws/install/person_msgs/include/person_msgs/srv/detail/query2__type_support.h
[20.232s] -- Installing: /home/nishi/ros2_ws/install/person_msgs/include/person_msgs/srv/detail/query__type_support.h
[20.232s] -- Installing: /home/nishi/ros2_ws/install/person_msgs/include/person_msgs/srv/detail/query__functions.h
[20.233s] -- Installing: /home/nishi/ros2_ws/install/person_msgs/include/person_msgs/srv/detail/query2__functions.c
[20.233s] -- Installing: /home/nishi/ros2_ws/install/person_msgs/include/person_msgs/srv/detail/query__struct.h
[20.234s] -- Up-to-date: /home/nishi/ros2_ws/install/person_msgs/include/person_msgs/msg
[20.234s] -- Installing: /home/nishi/ros2_ws/install/person_msgs/include/person_msgs/msg/person.h
[20.234s] -- Up-to-date: /home/nishi/ros2_ws/install/person_msgs/include/person_msgs/msg/rosidl_generator_c__visibility_control.h
[20.234s] -- Up-to-date: /home/nishi/ros2_ws/install/person_msgs/include/person_msgs/msg/detail
[20.234s] -- Installing: /home/nishi/ros2_ws/install/person_msgs/include/person_msgs/msg/detail/person__functions.c
[20.235s] -- Installing: /home/nishi/ros2_ws/install/person_msgs/include/person_msgs/msg/detail/person__type_support.h
[20.235s] -- Installing: /home/nishi/ros2_ws/install/person_msgs/include/person_msgs/msg/detail/person__functions.h
[20.235s] -- Installing: /home/nishi/ros2_ws/install/person_msgs/include/person_msgs/msg/detail/person__struct.h
[20.236s] -- Up-to-date: /home/nishi/ros2_ws/install/person_msgs/share/person_msgs/environment/library_path.sh
[20.237s] -- Installing: /home/nishi/ros2_ws/install/person_msgs/share/person_msgs/environment/library_path.dsv
[20.237s] -- Installing: /home/nishi/ros2_ws/install/person_msgs/lib/libperson_msgs__rosidl_generator_c.so
[20.237s] -- Set runtime path of "/home/nishi/ros2_ws/install/person_msgs/lib/libperson_msgs__rosidl_generator_c.so" to ""
[20.238s] -- Up-to-date: /home/nishi/ros2_ws/install/person_msgs/include/person_msgs
[20.238s] -- Up-to-date: /home/nishi/ros2_ws/install/person_msgs/include/person_msgs/srv
[20.238s] -- Up-to-date: /home/nishi/ros2_ws/install/person_msgs/include/person_msgs/srv/detail
[20.239s] -- Installing: /home/nishi/ros2_ws/install/person_msgs/include/person_msgs/srv/detail/query__rosidl_typesupport_fastrtps_c.h
[20.239s] -- Installing: /home/nishi/ros2_ws/install/person_msgs/include/person_msgs/srv/detail/query2__rosidl_typesupport_fastrtps_c.h
[20.239s] -- Up-to-date: /home/nishi/ros2_ws/install/person_msgs/include/person_msgs/msg
[20.239s] -- Up-to-date: /home/nishi/ros2_ws/install/person_msgs/include/person_msgs/msg/rosidl_typesupport_fastrtps_c__visibility_control.h
[20.239s] -- Up-to-date: /home/nishi/ros2_ws/install/person_msgs/include/person_msgs/msg/detail
[20.239s] -- Installing: /home/nishi/ros2_ws/install/person_msgs/include/person_msgs/msg/detail/person__rosidl_typesupport_fastrtps_c.h
[20.239s] -- Installing: /home/nishi/ros2_ws/install/person_msgs/lib/libperson_msgs__rosidl_typesupport_fastrtps_c.so
[20.240s] -- Set runtime path of "/home/nishi/ros2_ws/install/person_msgs/lib/libperson_msgs__rosidl_typesupport_fastrtps_c.so" to ""
[20.240s] -- Up-to-date: /home/nishi/ros2_ws/install/person_msgs/include/person_msgs
[20.241s] -- Up-to-date: /home/nishi/ros2_ws/install/person_msgs/include/person_msgs/srv
[20.241s] -- Up-to-date: /home/nishi/ros2_ws/install/person_msgs/include/person_msgs/srv/detail
[20.241s] -- Installing: /home/nishi/ros2_ws/install/person_msgs/include/person_msgs/srv/detail/query2__rosidl_typesupport_fastrtps_cpp.hpp
[20.241s] -- Up-to-date: /home/nishi/ros2_ws/install/person_msgs/include/person_msgs/srv/detail/dds_fastrtps
[20.242s] -- Installing: /home/nishi/ros2_ws/install/person_msgs/include/person_msgs/srv/detail/query__rosidl_typesupport_fastrtps_cpp.hpp
[20.242s] -- Up-to-date: /home/nishi/ros2_ws/install/person_msgs/include/person_msgs/msg
[20.242s] -- Up-to-date: /home/nishi/ros2_ws/install/person_msgs/include/person_msgs/msg/rosidl_typesupport_fastrtps_cpp__visibility_control.h
[20.242s] -- Up-to-date: /home/nishi/ros2_ws/install/person_msgs/include/person_msgs/msg/detail
[20.242s] -- Up-to-date: /home/nishi/ros2_ws/install/person_msgs/include/person_msgs/msg/detail/dds_fastrtps
[20.242s] -- Installing: /home/nishi/ros2_ws/install/person_msgs/include/person_msgs/msg/detail/person__rosidl_typesupport_fastrtps_cpp.hpp
[20.242s] -- Installing: /home/nishi/ros2_ws/install/person_msgs/lib/libperson_msgs__rosidl_typesupport_fastrtps_cpp.so
[20.243s] -- Set runtime path of "/home/nishi/ros2_ws/install/person_msgs/lib/libperson_msgs__rosidl_typesupport_fastrtps_cpp.so" to ""
[20.243s] -- Up-to-date: /home/nishi/ros2_ws/install/person_msgs/include/person_msgs
[20.244s] -- Up-to-date: /home/nishi/ros2_ws/install/person_msgs/include/person_msgs/srv
[20.244s] -- Up-to-date: /home/nishi/ros2_ws/install/person_msgs/include/person_msgs/srv/detail
[20.244s] -- Installing: /home/nishi/ros2_ws/install/person_msgs/include/person_msgs/srv/detail/query2__rosidl_typesupport_introspection_c.h
[20.245s] -- Installing: /home/nishi/ros2_ws/install/person_msgs/include/person_msgs/srv/detail/query__type_support.c
[20.245s] -- Installing: /home/nishi/ros2_ws/install/person_msgs/include/person_msgs/srv/detail/query2__type_support.c
[20.245s] -- Installing: /home/nishi/ros2_ws/install/person_msgs/include/person_msgs/srv/detail/query__rosidl_typesupport_introspection_c.h
[20.245s] -- Up-to-date: /home/nishi/ros2_ws/install/person_msgs/include/person_msgs/msg
[20.245s] -- Up-to-date: /home/nishi/ros2_ws/install/person_msgs/include/person_msgs/msg/rosidl_typesupport_introspection_c__visibility_control.h
[20.245s] -- Up-to-date: /home/nishi/ros2_ws/install/person_msgs/include/person_msgs/msg/detail
[20.245s] -- Installing: /home/nishi/ros2_ws/install/person_msgs/include/person_msgs/msg/detail/person__type_support.c
[20.245s] -- Installing: /home/nishi/ros2_ws/install/person_msgs/include/person_msgs/msg/detail/person__rosidl_typesupport_introspection_c.h
[20.245s] -- Installing: /home/nishi/ros2_ws/install/person_msgs/lib/libperson_msgs__rosidl_typesupport_introspection_c.so
[20.246s] -- Set runtime path of "/home/nishi/ros2_ws/install/person_msgs/lib/libperson_msgs__rosidl_typesupport_introspection_c.so" to ""
[20.246s] -- Installing: /home/nishi/ros2_ws/install/person_msgs/lib/libperson_msgs__rosidl_typesupport_c.so
[20.247s] -- Set runtime path of "/home/nishi/ros2_ws/install/person_msgs/lib/libperson_msgs__rosidl_typesupport_c.so" to ""
[20.248s] -- Up-to-date: /home/nishi/ros2_ws/install/person_msgs/include/person_msgs
[20.248s] -- Up-to-date: /home/nishi/ros2_ws/install/person_msgs/include/person_msgs/srv
[20.249s] -- Installing: /home/nishi/ros2_ws/install/person_msgs/include/person_msgs/srv/query2.hpp
[20.249s] -- Installing: /home/nishi/ros2_ws/install/person_msgs/include/person_msgs/srv/query.hpp
[20.249s] -- Up-to-date: /home/nishi/ros2_ws/install/person_msgs/include/person_msgs/srv/detail
[20.250s] -- Installing: /home/nishi/ros2_ws/install/person_msgs/include/person_msgs/srv/detail/query__builder.hpp
[20.250s] -- Installing: /home/nishi/ros2_ws/install/person_msgs/include/person_msgs/srv/detail/query__struct.hpp
[20.250s] -- Installing: /home/nishi/ros2_ws/install/person_msgs/include/person_msgs/srv/detail/query2__struct.hpp
[20.250s] -- Installing: /home/nishi/ros2_ws/install/person_msgs/include/person_msgs/srv/detail/query2__type_support.hpp
[20.251s] -- Installing: /home/nishi/ros2_ws/install/person_msgs/include/person_msgs/srv/detail/query__traits.hpp
[20.251s] -- Installing: /home/nishi/ros2_ws/install/person_msgs/include/person_msgs/srv/detail/query2__builder.hpp
[20.251s] -- Installing: /home/nishi/ros2_ws/install/person_msgs/include/person_msgs/srv/detail/query2__traits.hpp
[20.251s] -- Installing: /home/nishi/ros2_ws/install/person_msgs/include/person_msgs/srv/detail/query__type_support.hpp
[20.251s] -- Up-to-date: /home/nishi/ros2_ws/install/person_msgs/include/person_msgs/msg
[20.252s] -- Installing: /home/nishi/ros2_ws/install/person_msgs/include/person_msgs/msg/person.hpp
[20.295s] -- Up-to-date: /home/nishi/ros2_ws/install/person_msgs/include/person_msgs/msg/rosidl_generator_cpp__visibility_control.hpp
[20.295s] -- Up-to-date: /home/nishi/ros2_ws/install/person_msgs/include/person_msgs/msg/detail
[20.296s] -- Installing: /home/nishi/ros2_ws/install/person_msgs/include/person_msgs/msg/detail/person__builder.hpp
[20.296s] -- Installing: /home/nishi/ros2_ws/install/person_msgs/include/person_msgs/msg/detail/person__type_support.hpp
[20.296s] -- Installing: /home/nishi/ros2_ws/install/person_msgs/include/person_msgs/msg/detail/person__traits.hpp
[20.296s] -- Installing: /home/nishi/ros2_ws/install/person_msgs/include/person_msgs/msg/detail/person__struct.hpp
[20.297s] -- Up-to-date: /home/nishi/ros2_ws/install/person_msgs/include/person_msgs
[20.297s] -- Up-to-date: /home/nishi/ros2_ws/install/person_msgs/include/person_msgs/srv
[20.297s] -- Up-to-date: /home/nishi/ros2_ws/install/person_msgs/include/person_msgs/srv/detail
[20.297s] -- Installing: /home/nishi/ros2_ws/install/person_msgs/include/person_msgs/srv/detail/query__type_support.cpp
[20.298s] -- Installing: /home/nishi/ros2_ws/install/person_msgs/include/person_msgs/srv/detail/query2__type_support.cpp
[20.298s] -- Installing: /home/nishi/ros2_ws/install/person_msgs/include/person_msgs/srv/detail/query2__rosidl_typesupport_introspection_cpp.hpp
[20.299s] -- Installing: /home/nishi/ros2_ws/install/person_msgs/include/person_msgs/srv/detail/query__rosidl_typesupport_introspection_cpp.hpp
[20.299s] -- Up-to-date: /home/nishi/ros2_ws/install/person_msgs/include/person_msgs/msg
[20.299s] -- Up-to-date: /home/nishi/ros2_ws/install/person_msgs/include/person_msgs/msg/detail
[20.299s] -- Installing: /home/nishi/ros2_ws/install/person_msgs/include/person_msgs/msg/detail/person__rosidl_typesupport_introspection_cpp.hpp
[20.299s] -- Installing: /home/nishi/ros2_ws/install/person_msgs/include/person_msgs/msg/detail/person__type_support.cpp
[20.300s] -- Installing: /home/nishi/ros2_ws/install/person_msgs/lib/libperson_msgs__rosidl_typesupport_introspection_cpp.so
[20.301s] -- Set runtime path of "/home/nishi/ros2_ws/install/person_msgs/lib/libperson_msgs__rosidl_typesupport_introspection_cpp.so" to ""
[20.301s] -- Installing: /home/nishi/ros2_ws/install/person_msgs/lib/libperson_msgs__rosidl_typesupport_cpp.so
[20.302s] -- Set runtime path of "/home/nishi/ros2_ws/install/person_msgs/lib/libperson_msgs__rosidl_typesupport_cpp.so" to ""
[20.302s] -- Up-to-date: /home/nishi/ros2_ws/install/person_msgs/share/person_msgs/environment/pythonpath.sh
[20.302s] -- Installing: /home/nishi/ros2_ws/install/person_msgs/share/person_msgs/environment/pythonpath.dsv
[20.303s] -- Installing: /home/nishi/ros2_ws/install/person_msgs/lib/python3.8/site-packages/person_msgs/__init__.py
[20.336s] Compiling '/home/nishi/ros2_ws/install/person_msgs/lib/python3.8/site-packages/person_msgs/__init__.py'...
[20.340s] -- Up-to-date: /home/nishi/ros2_ws/install/person_msgs/lib/python3.8/site-packages/person_msgs/msg
[20.341s] -- Installing: /home/nishi/ros2_ws/install/person_msgs/lib/python3.8/site-packages/person_msgs/msg/_person.py
[20.341s] -- Installing: /home/nishi/ros2_ws/install/person_msgs/lib/python3.8/site-packages/person_msgs/msg/_person_s.c
[20.341s] -- Installing: /home/nishi/ros2_ws/install/person_msgs/lib/python3.8/site-packages/person_msgs/msg/__init__.py
[20.342s] -- Up-to-date: /home/nishi/ros2_ws/install/person_msgs/lib/python3.8/site-packages/person_msgs/srv
[20.342s] -- Installing: /home/nishi/ros2_ws/install/person_msgs/lib/python3.8/site-packages/person_msgs/srv/_query_s.c
[20.342s] -- Installing: /home/nishi/ros2_ws/install/person_msgs/lib/python3.8/site-packages/person_msgs/srv/_query.py
[20.342s] -- Installing: /home/nishi/ros2_ws/install/person_msgs/lib/python3.8/site-packages/person_msgs/srv/_query2_s.c
[20.343s] -- Installing: /home/nishi/ros2_ws/install/person_msgs/lib/python3.8/site-packages/person_msgs/srv/_query2.py
[20.343s] -- Installing: /home/nishi/ros2_ws/install/person_msgs/lib/python3.8/site-packages/person_msgs/srv/__init__.py
[20.344s] -- Installing: /home/nishi/ros2_ws/install/person_msgs/lib/python3.8/site-packages/person_msgs/person_msgs_s__rosidl_typesupport_fastrtps_c.cpython-38-x86_64-linux-gnu.so
[20.345s] -- Set runtime path of "/home/nishi/ros2_ws/install/person_msgs/lib/python3.8/site-packages/person_msgs/person_msgs_s__rosidl_typesupport_fastrtps_c.cpython-38-x86_64-linux-gnu.so" to ""
[20.345s] -- Installing: /home/nishi/ros2_ws/install/person_msgs/lib/python3.8/site-packages/person_msgs/person_msgs_s__rosidl_typesupport_introspection_c.cpython-38-x86_64-linux-gnu.so
[20.346s] -- Set runtime path of "/home/nishi/ros2_ws/install/person_msgs/lib/python3.8/site-packages/person_msgs/person_msgs_s__rosidl_typesupport_introspection_c.cpython-38-x86_64-linux-gnu.so" to ""
[20.347s] -- Installing: /home/nishi/ros2_ws/install/person_msgs/lib/python3.8/site-packages/person_msgs/person_msgs_s__rosidl_typesupport_c.cpython-38-x86_64-linux-gnu.so
[20.347s] -- Set runtime path of "/home/nishi/ros2_ws/install/person_msgs/lib/python3.8/site-packages/person_msgs/person_msgs_s__rosidl_typesupport_c.cpython-38-x86_64-linux-gnu.so" to ""
[20.348s] -- Installing: /home/nishi/ros2_ws/install/person_msgs/lib/libperson_msgs__python.so
[20.348s] -- Set runtime path of "/home/nishi/ros2_ws/install/person_msgs/lib/libperson_msgs__python.so" to ""
[20.349s] -- Up-to-date: /home/nishi/ros2_ws/install/person_msgs/share/person_msgs/msg/Person.idl
[20.349s] -- Installing: /home/nishi/ros2_ws/install/person_msgs/share/person_msgs/srv/Query.idl
[20.349s] -- Installing: /home/nishi/ros2_ws/install/person_msgs/share/person_msgs/srv/Query2.idl
[20.349s] -- Up-to-date: /home/nishi/ros2_ws/install/person_msgs/share/person_msgs/msg/Person.msg
[20.350s] -- Installing: /home/nishi/ros2_ws/install/person_msgs/share/person_msgs/srv/Query.srv
[20.350s] -- Installing: /home/nishi/ros2_ws/install/person_msgs/share/person_msgs/srv/Query_Request.msg
[20.350s] -- Installing: /home/nishi/ros2_ws/install/person_msgs/share/person_msgs/srv/Query_Response.msg
[20.351s] -- Installing: /home/nishi/ros2_ws/install/person_msgs/share/person_msgs/srv/Query2.srv
[20.351s] -- Installing: /home/nishi/ros2_ws/install/person_msgs/share/person_msgs/srv/Query2_Request.msg
[20.351s] -- Installing: /home/nishi/ros2_ws/install/person_msgs/share/person_msgs/srv/Query2_Response.msg
[20.351s] -- Up-to-date: /home/nishi/ros2_ws/install/person_msgs/share/ament_index/resource_index/package_run_dependencies/person_msgs
[20.352s] -- Up-to-date: /home/nishi/ros2_ws/install/person_msgs/share/ament_index/resource_index/parent_prefix_path/person_msgs
[20.352s] -- Up-to-date: /home/nishi/ros2_ws/install/person_msgs/share/person_msgs/environment/ament_prefix_path.sh
[20.352s] -- Installing: /home/nishi/ros2_ws/install/person_msgs/share/person_msgs/environment/ament_prefix_path.dsv
[20.352s] -- Up-to-date: /home/nishi/ros2_ws/install/person_msgs/share/person_msgs/environment/path.sh
[20.353s] -- Installing: /home/nishi/ros2_ws/install/person_msgs/share/person_msgs/environment/path.dsv
[20.353s] -- Up-to-date: /home/nishi/ros2_ws/install/person_msgs/share/person_msgs/local_setup.bash
[20.353s] -- Up-to-date: /home/nishi/ros2_ws/install/person_msgs/share/person_msgs/local_setup.sh
[20.353s] -- Up-to-date: /home/nishi/ros2_ws/install/person_msgs/share/person_msgs/local_setup.zsh
[20.353s] -- Installing: /home/nishi/ros2_ws/install/person_msgs/share/person_msgs/local_setup.dsv
[20.354s] -- Installing: /home/nishi/ros2_ws/install/person_msgs/share/person_msgs/package.dsv
[20.354s] -- Up-to-date: /home/nishi/ros2_ws/install/person_msgs/share/ament_index/resource_index/packages/person_msgs
[20.354s] -- Up-to-date: /home/nishi/ros2_ws/install/person_msgs/share/person_msgs/cmake/person_msgs__rosidl_generator_cExport.cmake
[20.355s] -- Installing: /home/nishi/ros2_ws/install/person_msgs/share/person_msgs/cmake/person_msgs__rosidl_generator_cExport-noconfig.cmake
[20.355s] -- Up-to-date: /home/nishi/ros2_ws/install/person_msgs/share/person_msgs/cmake/person_msgs__rosidl_typesupport_introspection_cExport.cmake
[20.355s] -- Installing: /home/nishi/ros2_ws/install/person_msgs/share/person_msgs/cmake/person_msgs__rosidl_typesupport_introspection_cExport-noconfig.cmake
[20.356s] -- Up-to-date: /home/nishi/ros2_ws/install/person_msgs/share/person_msgs/cmake/person_msgs__rosidl_typesupport_cExport.cmake
[20.356s] -- Installing: /home/nishi/ros2_ws/install/person_msgs/share/person_msgs/cmake/person_msgs__rosidl_typesupport_cExport-noconfig.cmake
[20.356s] -- Up-to-date: /home/nishi/ros2_ws/install/person_msgs/share/person_msgs/cmake/person_msgs__rosidl_generator_cppExport.cmake
[20.356s] -- Up-to-date: /home/nishi/ros2_ws/install/person_msgs/share/person_msgs/cmake/person_msgs__rosidl_typesupport_introspection_cppExport.cmake
[20.356s] -- Installing: /home/nishi/ros2_ws/install/person_msgs/share/person_msgs/cmake/person_msgs__rosidl_typesupport_introspection_cppExport-noconfig.cmake
[20.356s] -- Up-to-date: /home/nishi/ros2_ws/install/person_msgs/share/person_msgs/cmake/person_msgs__rosidl_typesupport_cppExport.cmake
[20.357s] -- Installing: /home/nishi/ros2_ws/install/person_msgs/share/person_msgs/cmake/person_msgs__rosidl_typesupport_cppExport-noconfig.cmake
[20.357s] -- Installing: /home/nishi/ros2_ws/install/person_msgs/share/person_msgs/cmake/rosidl_cmake-extras.cmake
[20.357s] -- Up-to-date: /home/nishi/ros2_ws/install/person_msgs/share/person_msgs/cmake/ament_cmake_export_dependencies-extras.cmake
[20.357s] -- Up-to-date: /home/nishi/ros2_ws/install/person_msgs/share/person_msgs/cmake/ament_cmake_export_libraries-extras.cmake
[20.358s] -- Up-to-date: /home/nishi/ros2_ws/install/person_msgs/share/person_msgs/cmake/ament_cmake_export_targets-extras.cmake
[20.358s] -- Up-to-date: /home/nishi/ros2_ws/install/person_msgs/share/person_msgs/cmake/ament_cmake_export_include_directories-extras.cmake
[20.358s] -- Up-to-date: /home/nishi/ros2_ws/install/person_msgs/share/person_msgs/cmake/rosidl_cmake_export_typesupport_libraries-extras.cmake
[20.358s] -- Up-to-date: /home/nishi/ros2_ws/install/person_msgs/share/person_msgs/cmake/rosidl_cmake_export_typesupport_targets-extras.cmake
[20.358s] -- Up-to-date: /home/nishi/ros2_ws/install/person_msgs/share/person_msgs/cmake/person_msgsConfig.cmake
[20.358s] -- Up-to-date: /home/nishi/ros2_ws/install/person_msgs/share/person_msgs/cmake/person_msgsConfig-version.cmake
[20.358s] -- Up-to-date: /home/nishi/ros2_ws/install/person_msgs/share/person_msgs/package.xml
[20.360s] Invoked command in '/home/nishi/ros2_ws/build/person_msgs' returned '0': CMAKE_PREFIX_PATH=${CMAKE_PREFIX_PATH}:/home/nishi/ros2_ws/install/mypkg:/opt/ros/foxy /usr/bin/cmake --install /home/nishi/ros2_ws/build/person_msgs
