[0.512s] Invoking command in '/home/nishi/ros2_ws/build/person_msgs': CMAKE_PREFIX_PATH=/home/nishi/ros2_ws/install/mypkg:/opt/ros/foxy /usr/bin/cmake /home/nishi/ros2_ws/src/person_msgs -DCMAKE_INSTALL_PREFIX=/home/nishi/ros2_ws/install/person_msgs
[0.525s] -- Found ament_cmake: 0.9.12 (/opt/ros/foxy/share/ament_cmake/cmake)
[0.551s] -- Using PYTHON_EXECUTABLE: /usr/bin/python3
[0.716s] -- Found rosidl_default_generators: 1.0.1 (/opt/ros/foxy/share/rosidl_default_generators/cmake)
[0.718s] -- Using all available rosidl_typesupport_c: rosidl_typesupport_fastrtps_c;rosidl_typesupport_introspection_c
[0.721s] -- Found rosidl_adapter: 1.3.1 (/opt/ros/foxy/share/rosidl_adapter/cmake)
[7.030s] -- Using all available rosidl_typesupport_cpp: rosidl_typesupport_fastrtps_cpp;rosidl_typesupport_introspection_cpp
[7.069s] -- Found PythonInterp: /usr/bin/python3 (found version "3.8.10") 
[7.190s] -- Found ament_cmake_ros: 0.9.2 (/opt/ros/foxy/share/ament_cmake_ros/cmake)
[13.127s] -- Using all available rosidl_typesupport_c: rosidl_typesupport_fastrtps_c;rosidl_typesupport_introspection_c
[13.142s] -- Using all available rosidl_typesupport_cpp: rosidl_typesupport_fastrtps_cpp;rosidl_typesupport_introspection_cpp
[13.164s] -- Found PythonInterp: /usr/bin/python3 (found suitable version "3.8.10", minimum required is "3.5") 
[13.166s] -- Found python_cmake_module: 0.8.1 (/opt/ros/foxy/share/python_cmake_module/cmake)
[14.106s] -- Found PythonLibs: /usr/lib/x86_64-linux-gnu/libpython3.8.so (found suitable version "3.8.10", minimum required is "3.5") 
[14.107s] -- Using PYTHON_EXECUTABLE: /usr/bin/python3
[14.108s] -- Using PYTHON_INCLUDE_DIRS: /usr/include/python3.8
[14.108s] -- Using PYTHON_LIBRARIES: /usr/lib/x86_64-linux-gnu/libpython3.8.so
[14.146s] -- Found PythonExtra: .so  
[14.257s] -- Found ament_lint_auto: 0.9.8 (/opt/ros/foxy/share/ament_lint_auto/cmake)
[14.305s] -- Added test 'copyright' to check source files copyright and LICENSE
[14.309s] -- Added test 'lint_cmake' to check CMake code style
[14.312s] -- Added test 'xmllint' to check XML markup files
[14.320s] -- Configuring done
[14.370s] -- Generating done
[14.375s] -- Build files have been written to: /home/nishi/ros2_ws/build/person_msgs
[14.385s] Invoked command in '/home/nishi/ros2_ws/build/person_msgs' returned '0': CMAKE_PREFIX_PATH=/home/nishi/ros2_ws/install/mypkg:/opt/ros/foxy /usr/bin/cmake /home/nishi/ros2_ws/src/person_msgs -DCMAKE_INSTALL_PREFIX=/home/nishi/ros2_ws/install/person_msgs
[14.388s] Invoking command in '/home/nishi/ros2_ws/build/person_msgs': CMAKE_PREFIX_PATH=/home/nishi/ros2_ws/install/mypkg:/opt/ros/foxy /usr/bin/cmake --build /home/nishi/ros2_ws/build/person_msgs -- -j8 -l8
[14.423s] [  3%] [34m[1mGenerating C code for ROS interfaces[0m
[14.423s] [35m[1mScanning dependencies of target person_msgs__cpp[0m
[14.433s] [  6%] [34m[1mGenerating C++ code for ROS interfaces[0m
[14.661s] [35m[1mScanning dependencies of target person_msgs__rosidl_generator_c[0m
[14.663s] [  6%] Built target person_msgs__cpp
[14.674s] [  9%] [34m[1mGenerating C++ introspection for ROS interfaces[0m
[14.675s] [ 16%] [34m[1mGenerating C++ type support for eProsima Fast-RTPS[0m
[14.675s] [ 16%] [34m[1mGenerating C++ type support dispatch for ROS interfaces[0m
[14.679s] [ 19%] [32mBuilding C object CMakeFiles/person_msgs__rosidl_generator_c.dir/rosidl_generator_c/person_msgs/msg/detail/person__functions.c.o[0m
[14.778s] [ 22%] [32m[1mLinking C shared library libperson_msgs__rosidl_generator_c.so[0m
[14.879s] [ 22%] Built target person_msgs__rosidl_generator_c
[14.890s] [ 25%] [34m[1mGenerating C type support dispatch for ROS interfaces[0m
[14.891s] [ 29%] [34m[1mGenerating C introspection for ROS interfaces[0m
[14.995s] [35m[1mScanning dependencies of target person_msgs__rosidl_typesupport_cpp[0m
[15.016s] [ 32%] [32mBuilding CXX object CMakeFiles/person_msgs__rosidl_typesupport_cpp.dir/rosidl_typesupport_cpp/person_msgs/msg/person__type_support.cpp.o[0m
[15.025s] [35m[1mScanning dependencies of target person_msgs__rosidl_typesupport_introspection_cpp[0m
[15.041s] [ 35%] [32mBuilding CXX object CMakeFiles/person_msgs__rosidl_typesupport_introspection_cpp.dir/rosidl_typesupport_introspection_cpp/person_msgs/msg/detail/person__type_support.cpp.o[0m
[15.044s] [35m[1mScanning dependencies of target person_msgs__rosidl_typesupport_fastrtps_cpp[0m
[15.065s] [ 38%] [32mBuilding CXX object CMakeFiles/person_msgs__rosidl_typesupport_fastrtps_cpp.dir/rosidl_typesupport_fastrtps_cpp/person_msgs/msg/detail/dds_fastrtps/person__type_support.cpp.o[0m
[15.256s] [35m[1mScanning dependencies of target person_msgs__rosidl_typesupport_c[0m
[15.269s] [ 41%] [32mBuilding CXX object CMakeFiles/person_msgs__rosidl_typesupport_c.dir/rosidl_typesupport_c/person_msgs/msg/person__type_support.cpp.o[0m
[15.281s] [35m[1mScanning dependencies of target person_msgs__rosidl_typesupport_introspection_c[0m
[15.297s] [ 45%] [32mBuilding C object CMakeFiles/person_msgs__rosidl_typesupport_introspection_c.dir/rosidl_typesupport_introspection_c/person_msgs/msg/detail/person__type_support.c.o[0m
[15.308s] [ 48%] [32m[1mLinking CXX shared library libperson_msgs__rosidl_typesupport_c.so[0m
[15.337s] [ 51%] [32m[1mLinking C shared library libperson_msgs__rosidl_typesupport_introspection_c.so[0m
[15.434s] [ 51%] Built target person_msgs__rosidl_typesupport_c
[15.443s] [ 51%] Built target person_msgs__rosidl_typesupport_introspection_c
[15.454s] [ 54%] [32m[1mLinking CXX shared library libperson_msgs__rosidl_typesupport_cpp.so[0m
[15.461s] [ 58%] [32m[1mLinking CXX shared library libperson_msgs__rosidl_typesupport_introspection_cpp.so[0m
[15.559s] [ 58%] Built target person_msgs__rosidl_typesupport_cpp
[15.586s] [ 58%] Built target person_msgs__rosidl_typesupport_introspection_cpp
[15.729s] [ 61%] [32m[1mLinking CXX shared library libperson_msgs__rosidl_typesupport_fastrtps_cpp.so[0m
[15.972s] [ 61%] Built target person_msgs__rosidl_typesupport_fastrtps_cpp
[15.980s] [ 64%] [34m[1mGenerating C type support for eProsima Fast-RTPS[0m
[16.199s] [35m[1mScanning dependencies of target person_msgs__rosidl_typesupport_fastrtps_c[0m
[16.217s] [ 67%] [32mBuilding CXX object CMakeFiles/person_msgs__rosidl_typesupport_fastrtps_c.dir/rosidl_typesupport_fastrtps_c/person_msgs/msg/detail/person__type_support_c.cpp.o[0m
[16.573s] [ 70%] [32m[1mLinking CXX shared library libperson_msgs__rosidl_typesupport_fastrtps_c.so[0m
[16.771s] [ 70%] Built target person_msgs__rosidl_typesupport_fastrtps_c
[16.779s] [35m[1mScanning dependencies of target person_msgs[0m
[16.787s] [ 70%] Built target person_msgs
[16.796s] [35m[1mScanning dependencies of target person_msgs__py[0m
[16.804s] [ 74%] [34m[1mGenerating Python code for ROS interfaces[0m
[17.256s] [ 74%] Built target person_msgs__py
[17.266s] [35m[1mScanning dependencies of target person_msgs__python[0m
[17.351s] [ 77%] [32mBuilding C object CMakeFiles/person_msgs__python.dir/rosidl_generator_py/person_msgs/msg/_person_s.c.o[0m
[17.521s] [ 80%] [32m[1mLinking C shared library rosidl_generator_py/person_msgs/libperson_msgs__python.so[0m
[17.706s] [ 80%] Built target person_msgs__python
[17.717s] [35m[1mScanning dependencies of target person_msgs__rosidl_typesupport_introspection_c__pyext[0m
[17.718s] [35m[1mScanning dependencies of target person_msgs__rosidl_typesupport_c__pyext[0m
[17.718s] [35m[1mScanning dependencies of target person_msgs__rosidl_typesupport_fastrtps_c__pyext[0m
[17.778s] [ 83%] [32mBuilding C object CMakeFiles/person_msgs__rosidl_typesupport_introspection_c__pyext.dir/rosidl_generator_py/person_msgs/_person_msgs_s.ep.rosidl_typesupport_introspection_c.c.o[0m
[17.779s] [ 87%] [32mBuilding C object CMakeFiles/person_msgs__rosidl_typesupport_fastrtps_c__pyext.dir/rosidl_generator_py/person_msgs/_person_msgs_s.ep.rosidl_typesupport_fastrtps_c.c.o[0m
[17.780s] [ 90%] [32mBuilding C object CMakeFiles/person_msgs__rosidl_typesupport_c__pyext.dir/rosidl_generator_py/person_msgs/_person_msgs_s.ep.rosidl_typesupport_c.c.o[0m
[17.846s] [ 93%] [32m[1mLinking C shared library rosidl_generator_py/person_msgs/person_msgs_s__rosidl_typesupport_introspection_c.cpython-38-x86_64-linux-gnu.so[0m
[17.874s] [ 96%] [32m[1mLinking C shared library rosidl_generator_py/person_msgs/person_msgs_s__rosidl_typesupport_c.cpython-38-x86_64-linux-gnu.so[0m
[17.878s] [100%] [32m[1mLinking CXX shared library rosidl_generator_py/person_msgs/person_msgs_s__rosidl_typesupport_fastrtps_c.cpython-38-x86_64-linux-gnu.so[0m
[18.025s] [100%] Built target person_msgs__rosidl_typesupport_introspection_c__pyext
[18.028s] [100%] Built target person_msgs__rosidl_typesupport_c__pyext
[18.075s] [100%] Built target person_msgs__rosidl_typesupport_fastrtps_c__pyext
[18.094s] Invoked command in '/home/nishi/ros2_ws/build/person_msgs' returned '0': CMAKE_PREFIX_PATH=/home/nishi/ros2_ws/install/mypkg:/opt/ros/foxy /usr/bin/cmake --build /home/nishi/ros2_ws/build/person_msgs -- -j8 -l8
[18.199s] Invoking command in '/home/nishi/ros2_ws/build/person_msgs': CMAKE_PREFIX_PATH=/home/nishi/ros2_ws/install/mypkg:/opt/ros/foxy /usr/bin/cmake --install /home/nishi/ros2_ws/build/person_msgs
[18.213s] -- Install configuration: ""
[18.214s] -- Installing: /home/nishi/ros2_ws/install/person_msgs/share/ament_index/resource_index/rosidl_interfaces/person_msgs
[18.214s] -- Installing: /home/nishi/ros2_ws/install/person_msgs/include/person_msgs
[18.215s] -- Installing: /home/nishi/ros2_ws/install/person_msgs/include/person_msgs/msg
[18.215s] -- Installing: /home/nishi/ros2_ws/install/person_msgs/include/person_msgs/msg/person.h
[18.216s] -- Installing: /home/nishi/ros2_ws/install/person_msgs/include/person_msgs/msg/rosidl_generator_c__visibility_control.h
[18.216s] -- Installing: /home/nishi/ros2_ws/install/person_msgs/include/person_msgs/msg/detail
[18.217s] -- Installing: /home/nishi/ros2_ws/install/person_msgs/include/person_msgs/msg/detail/person__functions.c
[18.217s] -- Installing: /home/nishi/ros2_ws/install/person_msgs/include/person_msgs/msg/detail/person__type_support.h
[18.217s] -- Installing: /home/nishi/ros2_ws/install/person_msgs/include/person_msgs/msg/detail/person__functions.h
[18.217s] -- Installing: /home/nishi/ros2_ws/install/person_msgs/include/person_msgs/msg/detail/person__struct.h
[18.218s] -- Installing: /home/nishi/ros2_ws/install/person_msgs/share/person_msgs/environment/library_path.sh
[18.218s] -- Installing: /home/nishi/ros2_ws/install/person_msgs/share/person_msgs/environment/library_path.dsv
[18.218s] -- Installing: /home/nishi/ros2_ws/install/person_msgs/lib/libperson_msgs__rosidl_generator_c.so
[18.219s] -- Set runtime path of "/home/nishi/ros2_ws/install/person_msgs/lib/libperson_msgs__rosidl_generator_c.so" to ""
[18.219s] -- Up-to-date: /home/nishi/ros2_ws/install/person_msgs/include/person_msgs
[18.220s] -- Up-to-date: /home/nishi/ros2_ws/install/person_msgs/include/person_msgs/msg
[18.220s] -- Installing: /home/nishi/ros2_ws/install/person_msgs/include/person_msgs/msg/rosidl_typesupport_fastrtps_c__visibility_control.h
[18.220s] -- Up-to-date: /home/nishi/ros2_ws/install/person_msgs/include/person_msgs/msg/detail
[18.221s] -- Installing: /home/nishi/ros2_ws/install/person_msgs/include/person_msgs/msg/detail/person__rosidl_typesupport_fastrtps_c.h
[18.221s] -- Installing: /home/nishi/ros2_ws/install/person_msgs/lib/libperson_msgs__rosidl_typesupport_fastrtps_c.so
[18.222s] -- Set runtime path of "/home/nishi/ros2_ws/install/person_msgs/lib/libperson_msgs__rosidl_typesupport_fastrtps_c.so" to ""
[18.222s] -- Up-to-date: /home/nishi/ros2_ws/install/person_msgs/include/person_msgs
[18.223s] -- Up-to-date: /home/nishi/ros2_ws/install/person_msgs/include/person_msgs/msg
[18.223s] -- Installing: /home/nishi/ros2_ws/install/person_msgs/include/person_msgs/msg/rosidl_typesupport_fastrtps_cpp__visibility_control.h
[18.224s] -- Up-to-date: /home/nishi/ros2_ws/install/person_msgs/include/person_msgs/msg/detail
[18.224s] -- Installing: /home/nishi/ros2_ws/install/person_msgs/include/person_msgs/msg/detail/dds_fastrtps
[18.225s] -- Installing: /home/nishi/ros2_ws/install/person_msgs/include/person_msgs/msg/detail/person__rosidl_typesupport_fastrtps_cpp.hpp
[18.226s] -- Installing: /home/nishi/ros2_ws/install/person_msgs/lib/libperson_msgs__rosidl_typesupport_fastrtps_cpp.so
[18.226s] -- Set runtime path of "/home/nishi/ros2_ws/install/person_msgs/lib/libperson_msgs__rosidl_typesupport_fastrtps_cpp.so" to ""
[18.226s] -- Up-to-date: /home/nishi/ros2_ws/install/person_msgs/include/person_msgs
[18.227s] -- Up-to-date: /home/nishi/ros2_ws/install/person_msgs/include/person_msgs/msg
[18.227s] -- Installing: /home/nishi/ros2_ws/install/person_msgs/include/person_msgs/msg/rosidl_typesupport_introspection_c__visibility_control.h
[18.227s] -- Up-to-date: /home/nishi/ros2_ws/install/person_msgs/include/person_msgs/msg/detail
[18.228s] -- Installing: /home/nishi/ros2_ws/install/person_msgs/include/person_msgs/msg/detail/person__type_support.c
[18.228s] -- Installing: /home/nishi/ros2_ws/install/person_msgs/include/person_msgs/msg/detail/person__rosidl_typesupport_introspection_c.h
[18.228s] -- Installing: /home/nishi/ros2_ws/install/person_msgs/lib/libperson_msgs__rosidl_typesupport_introspection_c.so
[18.229s] -- Set runtime path of "/home/nishi/ros2_ws/install/person_msgs/lib/libperson_msgs__rosidl_typesupport_introspection_c.so" to ""
[18.229s] -- Installing: /home/nishi/ros2_ws/install/person_msgs/lib/libperson_msgs__rosidl_typesupport_c.so
[18.229s] -- Set runtime path of "/home/nishi/ros2_ws/install/person_msgs/lib/libperson_msgs__rosidl_typesupport_c.so" to ""
[18.230s] -- Up-to-date: /home/nishi/ros2_ws/install/person_msgs/include/person_msgs
[18.230s] -- Up-to-date: /home/nishi/ros2_ws/install/person_msgs/include/person_msgs/msg
[18.230s] -- Installing: /home/nishi/ros2_ws/install/person_msgs/include/person_msgs/msg/person.hpp
[18.231s] -- Installing: /home/nishi/ros2_ws/install/person_msgs/include/person_msgs/msg/rosidl_generator_cpp__visibility_control.hpp
[18.231s] -- Up-to-date: /home/nishi/ros2_ws/install/person_msgs/include/person_msgs/msg/detail
[18.231s] -- Installing: /home/nishi/ros2_ws/install/person_msgs/include/person_msgs/msg/detail/person__builder.hpp
[18.232s] -- Installing: /home/nishi/ros2_ws/install/person_msgs/include/person_msgs/msg/detail/person__type_support.hpp
[18.232s] -- Installing: /home/nishi/ros2_ws/install/person_msgs/include/person_msgs/msg/detail/person__traits.hpp
[18.232s] -- Installing: /home/nishi/ros2_ws/install/person_msgs/include/person_msgs/msg/detail/person__struct.hpp
[18.232s] -- Up-to-date: /home/nishi/ros2_ws/install/person_msgs/include/person_msgs
[18.232s] -- Up-to-date: /home/nishi/ros2_ws/install/person_msgs/include/person_msgs/msg
[18.232s] -- Up-to-date: /home/nishi/ros2_ws/install/person_msgs/include/person_msgs/msg/detail
[18.233s] -- Installing: /home/nishi/ros2_ws/install/person_msgs/include/person_msgs/msg/detail/person__rosidl_typesupport_introspection_cpp.hpp
[18.233s] -- Installing: /home/nishi/ros2_ws/install/person_msgs/include/person_msgs/msg/detail/person__type_support.cpp
[18.233s] -- Installing: /home/nishi/ros2_ws/install/person_msgs/lib/libperson_msgs__rosidl_typesupport_introspection_cpp.so
[18.233s] -- Set runtime path of "/home/nishi/ros2_ws/install/person_msgs/lib/libperson_msgs__rosidl_typesupport_introspection_cpp.so" to ""
[18.233s] -- Installing: /home/nishi/ros2_ws/install/person_msgs/lib/libperson_msgs__rosidl_typesupport_cpp.so
[18.233s] -- Set runtime path of "/home/nishi/ros2_ws/install/person_msgs/lib/libperson_msgs__rosidl_typesupport_cpp.so" to ""
[18.234s] -- Installing: /home/nishi/ros2_ws/install/person_msgs/share/person_msgs/environment/pythonpath.sh
[18.234s] -- Installing: /home/nishi/ros2_ws/install/person_msgs/share/person_msgs/environment/pythonpath.dsv
[18.234s] -- Installing: /home/nishi/ros2_ws/install/person_msgs/lib/python3.8/site-packages/person_msgs/__init__.py
[18.280s] Compiling '/home/nishi/ros2_ws/install/person_msgs/lib/python3.8/site-packages/person_msgs/__init__.py'...
[18.285s] -- Installing: /home/nishi/ros2_ws/install/person_msgs/lib/python3.8/site-packages/person_msgs/msg
[18.285s] -- Installing: /home/nishi/ros2_ws/install/person_msgs/lib/python3.8/site-packages/person_msgs/msg/_person.py
[18.285s] -- Installing: /home/nishi/ros2_ws/install/person_msgs/lib/python3.8/site-packages/person_msgs/msg/_person_s.c
[18.285s] -- Installing: /home/nishi/ros2_ws/install/person_msgs/lib/python3.8/site-packages/person_msgs/msg/__init__.py
[18.286s] -- Installing: /home/nishi/ros2_ws/install/person_msgs/lib/python3.8/site-packages/person_msgs/person_msgs_s__rosidl_typesupport_fastrtps_c.cpython-38-x86_64-linux-gnu.so
[18.286s] -- Set runtime path of "/home/nishi/ros2_ws/install/person_msgs/lib/python3.8/site-packages/person_msgs/person_msgs_s__rosidl_typesupport_fastrtps_c.cpython-38-x86_64-linux-gnu.so" to ""
[18.286s] -- Installing: /home/nishi/ros2_ws/install/person_msgs/lib/python3.8/site-packages/person_msgs/person_msgs_s__rosidl_typesupport_introspection_c.cpython-38-x86_64-linux-gnu.so
[18.287s] -- Set runtime path of "/home/nishi/ros2_ws/install/person_msgs/lib/python3.8/site-packages/person_msgs/person_msgs_s__rosidl_typesupport_introspection_c.cpython-38-x86_64-linux-gnu.so" to ""
[18.287s] -- Installing: /home/nishi/ros2_ws/install/person_msgs/lib/python3.8/site-packages/person_msgs/person_msgs_s__rosidl_typesupport_c.cpython-38-x86_64-linux-gnu.so
[18.288s] -- Set runtime path of "/home/nishi/ros2_ws/install/person_msgs/lib/python3.8/site-packages/person_msgs/person_msgs_s__rosidl_typesupport_c.cpython-38-x86_64-linux-gnu.so" to ""
[18.288s] -- Installing: /home/nishi/ros2_ws/install/person_msgs/lib/libperson_msgs__python.so
[18.289s] -- Set runtime path of "/home/nishi/ros2_ws/install/person_msgs/lib/libperson_msgs__python.so" to ""
[18.289s] -- Installing: /home/nishi/ros2_ws/install/person_msgs/share/person_msgs/msg/Person.idl
[18.289s] -- Installing: /home/nishi/ros2_ws/install/person_msgs/share/person_msgs/msg/Person.msg
[18.290s] -- Installing: /home/nishi/ros2_ws/install/person_msgs/share/ament_index/resource_index/package_run_dependencies/person_msgs
[18.290s] -- Installing: /home/nishi/ros2_ws/install/person_msgs/share/ament_index/resource_index/parent_prefix_path/person_msgs
[18.290s] -- Installing: /home/nishi/ros2_ws/install/person_msgs/share/person_msgs/environment/ament_prefix_path.sh
[18.291s] -- Installing: /home/nishi/ros2_ws/install/person_msgs/share/person_msgs/environment/ament_prefix_path.dsv
[18.291s] -- Installing: /home/nishi/ros2_ws/install/person_msgs/share/person_msgs/environment/path.sh
[18.291s] -- Installing: /home/nishi/ros2_ws/install/person_msgs/share/person_msgs/environment/path.dsv
[18.291s] -- Installing: /home/nishi/ros2_ws/install/person_msgs/share/person_msgs/local_setup.bash
[18.292s] -- Installing: /home/nishi/ros2_ws/install/person_msgs/share/person_msgs/local_setup.sh
[18.292s] -- Installing: /home/nishi/ros2_ws/install/person_msgs/share/person_msgs/local_setup.zsh
[18.292s] -- Installing: /home/nishi/ros2_ws/install/person_msgs/share/person_msgs/local_setup.dsv
[18.292s] -- Installing: /home/nishi/ros2_ws/install/person_msgs/share/person_msgs/package.dsv
[18.292s] -- Installing: /home/nishi/ros2_ws/install/person_msgs/share/ament_index/resource_index/packages/person_msgs
[18.293s] -- Installing: /home/nishi/ros2_ws/install/person_msgs/share/person_msgs/cmake/person_msgs__rosidl_generator_cExport.cmake
[18.293s] -- Installing: /home/nishi/ros2_ws/install/person_msgs/share/person_msgs/cmake/person_msgs__rosidl_generator_cExport-noconfig.cmake
[18.293s] -- Installing: /home/nishi/ros2_ws/install/person_msgs/share/person_msgs/cmake/person_msgs__rosidl_typesupport_introspection_cExport.cmake
[18.293s] -- Installing: /home/nishi/ros2_ws/install/person_msgs/share/person_msgs/cmake/person_msgs__rosidl_typesupport_introspection_cExport-noconfig.cmake
[18.294s] -- Installing: /home/nishi/ros2_ws/install/person_msgs/share/person_msgs/cmake/person_msgs__rosidl_typesupport_cExport.cmake
[18.294s] -- Installing: /home/nishi/ros2_ws/install/person_msgs/share/person_msgs/cmake/person_msgs__rosidl_typesupport_cExport-noconfig.cmake
[18.294s] -- Installing: /home/nishi/ros2_ws/install/person_msgs/share/person_msgs/cmake/person_msgs__rosidl_generator_cppExport.cmake
[18.294s] -- Installing: /home/nishi/ros2_ws/install/person_msgs/share/person_msgs/cmake/person_msgs__rosidl_typesupport_introspection_cppExport.cmake
[18.295s] -- Installing: /home/nishi/ros2_ws/install/person_msgs/share/person_msgs/cmake/person_msgs__rosidl_typesupport_introspection_cppExport-noconfig.cmake
[18.295s] -- Installing: /home/nishi/ros2_ws/install/person_msgs/share/person_msgs/cmake/person_msgs__rosidl_typesupport_cppExport.cmake
[18.295s] -- Installing: /home/nishi/ros2_ws/install/person_msgs/share/person_msgs/cmake/person_msgs__rosidl_typesupport_cppExport-noconfig.cmake
[18.295s] -- Installing: /home/nishi/ros2_ws/install/person_msgs/share/person_msgs/cmake/rosidl_cmake-extras.cmake
[18.296s] -- Installing: /home/nishi/ros2_ws/install/person_msgs/share/person_msgs/cmake/ament_cmake_export_dependencies-extras.cmake
[18.296s] -- Installing: /home/nishi/ros2_ws/install/person_msgs/share/person_msgs/cmake/ament_cmake_export_libraries-extras.cmake
[18.296s] -- Installing: /home/nishi/ros2_ws/install/person_msgs/share/person_msgs/cmake/ament_cmake_export_targets-extras.cmake
[18.296s] -- Installing: /home/nishi/ros2_ws/install/person_msgs/share/person_msgs/cmake/ament_cmake_export_include_directories-extras.cmake
[18.296s] -- Installing: /home/nishi/ros2_ws/install/person_msgs/share/person_msgs/cmake/rosidl_cmake_export_typesupport_libraries-extras.cmake
[18.296s] -- Installing: /home/nishi/ros2_ws/install/person_msgs/share/person_msgs/cmake/rosidl_cmake_export_typesupport_targets-extras.cmake
[18.296s] -- Installing: /home/nishi/ros2_ws/install/person_msgs/share/person_msgs/cmake/person_msgsConfig.cmake
[18.297s] -- Installing: /home/nishi/ros2_ws/install/person_msgs/share/person_msgs/cmake/person_msgsConfig-version.cmake
[18.297s] -- Installing: /home/nishi/ros2_ws/install/person_msgs/share/person_msgs/package.xml
[18.299s] Invoked command in '/home/nishi/ros2_ws/build/person_msgs' returned '0': CMAKE_PREFIX_PATH=/home/nishi/ros2_ws/install/mypkg:/opt/ros/foxy /usr/bin/cmake --install /home/nishi/ros2_ws/build/person_msgs
