[0.871s] Invoking command in '/home/nishi/ros2_ws/src/mypkg': PYTHONPATH=/home/nishi/ros2_ws/src/mypkg/build/mypkg/prefix_override:/home/nishi/ros2_ws/src/mypkg/install/mypkg/lib/python3.8/site-packages:${PYTHONPATH} /usr/bin/python3 setup.py egg_info --egg-base build/mypkg build --build-base /home/nishi/ros2_ws/src/mypkg/build/mypkg/build install --record /home/nishi/ros2_ws/src/mypkg/build/mypkg/install.log --install-scripts $base/lib/mypkg --single-version-externally-managed
[1.050s] running egg_info
[1.051s] writing build/mypkg/mypkg.egg-info/PKG-INFO
[1.051s] writing dependency_links to build/mypkg/mypkg.egg-info/dependency_links.txt
[1.052s] writing entry points to build/mypkg/mypkg.egg-info/entry_points.txt
[1.052s] writing requirements to build/mypkg/mypkg.egg-info/requires.txt
[1.053s] writing top-level names to build/mypkg/mypkg.egg-info/top_level.txt
[1.090s] reading manifest file 'build/mypkg/mypkg.egg-info/SOURCES.txt'
[1.090s] writing manifest file 'build/mypkg/mypkg.egg-info/SOURCES.txt'
[1.090s] running build
[1.090s] running build_py
[1.091s] copying mypkg/talker.py -> /home/nishi/ros2_ws/src/mypkg/build/mypkg/build/lib/mypkg
[1.091s] copying mypkg/listener.py -> /home/nishi/ros2_ws/src/mypkg/build/mypkg/build/lib/mypkg
[1.092s] running install
[1.092s] running install_lib
[1.093s] copying /home/nishi/ros2_ws/src/mypkg/build/mypkg/build/lib/mypkg/talker.py -> /home/nishi/ros2_ws/src/mypkg/install/mypkg/lib/python3.8/site-packages/mypkg
[1.093s] copying /home/nishi/ros2_ws/src/mypkg/build/mypkg/build/lib/mypkg/listener.py -> /home/nishi/ros2_ws/src/mypkg/install/mypkg/lib/python3.8/site-packages/mypkg
[1.093s] byte-compiling /home/nishi/ros2_ws/src/mypkg/install/mypkg/lib/python3.8/site-packages/mypkg/talker.py to talker.cpython-38.pyc
[1.095s] byte-compiling /home/nishi/ros2_ws/src/mypkg/install/mypkg/lib/python3.8/site-packages/mypkg/listener.py to listener.cpython-38.pyc
[1.095s] running install_data
[1.096s] running install_egg_info
[1.098s] removing '/home/nishi/ros2_ws/src/mypkg/install/mypkg/lib/python3.8/site-packages/mypkg-0.0.0-py3.8.egg-info' (and everything under it)
[1.099s] Copying build/mypkg/mypkg.egg-info to /home/nishi/ros2_ws/src/mypkg/install/mypkg/lib/python3.8/site-packages/mypkg-0.0.0-py3.8.egg-info
[1.099s] running install_scripts
[1.115s] Installing listener script to /home/nishi/ros2_ws/src/mypkg/install/mypkg/lib/mypkg
[1.116s] Installing talker script to /home/nishi/ros2_ws/src/mypkg/install/mypkg/lib/mypkg
[1.116s] writing list of installed files to '/home/nishi/ros2_ws/src/mypkg/build/mypkg/install.log'
[1.135s] Invoked command in '/home/nishi/ros2_ws/src/mypkg' returned '0': PYTHONPATH=/home/nishi/ros2_ws/src/mypkg/build/mypkg/prefix_override:/home/nishi/ros2_ws/src/mypkg/install/mypkg/lib/python3.8/site-packages:${PYTHONPATH} /usr/bin/python3 setup.py egg_info --egg-base build/mypkg build --build-base /home/nishi/ros2_ws/src/mypkg/build/mypkg/build install --record /home/nishi/ros2_ws/src/mypkg/build/mypkg/install.log --install-scripts $base/lib/mypkg --single-version-externally-managed
