[0.743s] Invoking command in '/home/nishi/ros2_ws/src/mypkg': PYTHONPATH=/home/nishi/ros2_ws/build/mypkg/prefix_override:/home/nishi/ros2_ws/install/mypkg/lib/python3.8/site-packages:${PYTHONPATH} /usr/bin/python3 setup.py egg_info --egg-base ../../build/mypkg build --build-base /home/nishi/ros2_ws/build/mypkg/build install --record /home/nishi/ros2_ws/build/mypkg/install.log --install-scripts $base/lib/mypkg --single-version-externally-managed
[0.868s] running egg_info
[0.869s] writing ../../build/mypkg/mypkg.egg-info/PKG-INFO
[0.869s] writing dependency_links to ../../build/mypkg/mypkg.egg-info/dependency_links.txt
[0.869s] writing entry points to ../../build/mypkg/mypkg.egg-info/entry_points.txt
[0.869s] writing requirements to ../../build/mypkg/mypkg.egg-info/requires.txt
[0.869s] writing top-level names to ../../build/mypkg/mypkg.egg-info/top_level.txt
[0.888s] reading manifest file '../../build/mypkg/mypkg.egg-info/SOURCES.txt'
[0.888s] writing manifest file '../../build/mypkg/mypkg.egg-info/SOURCES.txt'
[0.888s] running build
[0.888s] running build_py
[0.889s] running install
[0.889s] running install_lib
[0.890s] running install_data
[0.890s] running install_egg_info
[0.898s] removing '/home/nishi/ros2_ws/install/mypkg/lib/python3.8/site-packages/mypkg-0.0.0-py3.8.egg-info' (and everything under it)
[0.898s] Copying ../../build/mypkg/mypkg.egg-info to /home/nishi/ros2_ws/install/mypkg/lib/python3.8/site-packages/mypkg-0.0.0-py3.8.egg-info
[0.898s] running install_scripts
[0.912s] Installing listener script to /home/nishi/ros2_ws/install/mypkg/lib/mypkg
[0.912s] Installing talker script to /home/nishi/ros2_ws/install/mypkg/lib/mypkg
[0.912s] writing list of installed files to '/home/nishi/ros2_ws/build/mypkg/install.log'
[0.922s] Invoked command in '/home/nishi/ros2_ws/src/mypkg' returned '0': PYTHONPATH=/home/nishi/ros2_ws/build/mypkg/prefix_override:/home/nishi/ros2_ws/install/mypkg/lib/python3.8/site-packages:${PYTHONPATH} /usr/bin/python3 setup.py egg_info --egg-base ../../build/mypkg build --build-base /home/nishi/ros2_ws/build/mypkg/build install --record /home/nishi/ros2_ws/build/mypkg/install.log --install-scripts $base/lib/mypkg --single-version-externally-managed
