[0.753s] Invoking command in '/home/nishi/ros2_ws/src/mypkg': PYTHONPATH=/home/nishi/ros2_ws/build/mypkg/prefix_override:/home/nishi/ros2_ws/install/mypkg/lib/python3.8/site-packages:${PYTHONPATH} /usr/bin/python3 setup.py egg_info --egg-base ../../build/mypkg build --build-base /home/nishi/ros2_ws/build/mypkg/build install --record /home/nishi/ros2_ws/build/mypkg/install.log --install-scripts $base/lib/mypkg --single-version-externally-managed
[0.881s] running egg_info
[0.881s] writing ../../build/mypkg/mypkg.egg-info/PKG-INFO
[0.881s] writing dependency_links to ../../build/mypkg/mypkg.egg-info/dependency_links.txt
[0.881s] writing entry points to ../../build/mypkg/mypkg.egg-info/entry_points.txt
[0.881s] writing requirements to ../../build/mypkg/mypkg.egg-info/requires.txt
[0.881s] writing top-level names to ../../build/mypkg/mypkg.egg-info/top_level.txt
[0.905s] reading manifest file '../../build/mypkg/mypkg.egg-info/SOURCES.txt'
[0.906s] writing manifest file '../../build/mypkg/mypkg.egg-info/SOURCES.txt'
[0.906s] running build
[0.906s] running build_py
[0.906s] running install
[0.906s] running install_lib
[0.907s] running install_data
[0.907s] running install_egg_info
[0.913s] removing '/home/nishi/ros2_ws/install/mypkg/lib/python3.8/site-packages/mypkg-0.0.0-py3.8.egg-info' (and everything under it)
[0.914s] Copying ../../build/mypkg/mypkg.egg-info to /home/nishi/ros2_ws/install/mypkg/lib/python3.8/site-packages/mypkg-0.0.0-py3.8.egg-info
[0.914s] running install_scripts
[0.922s] Installing listener script to /home/nishi/ros2_ws/install/mypkg/lib/mypkg
[0.922s] Installing talker script to /home/nishi/ros2_ws/install/mypkg/lib/mypkg
[0.922s] writing list of installed files to '/home/nishi/ros2_ws/build/mypkg/install.log'
[0.937s] Invoked command in '/home/nishi/ros2_ws/src/mypkg' returned '0': PYTHONPATH=/home/nishi/ros2_ws/build/mypkg/prefix_override:/home/nishi/ros2_ws/install/mypkg/lib/python3.8/site-packages:${PYTHONPATH} /usr/bin/python3 setup.py egg_info --egg-base ../../build/mypkg build --build-base /home/nishi/ros2_ws/build/mypkg/build install --record /home/nishi/ros2_ws/build/mypkg/install.log --install-scripts $base/lib/mypkg --single-version-externally-managed
