[2.192s] DEBUG:colcon:Command line arguments: ['/usr/bin/colcon', 'build']
[2.192s] DEBUG:colcon:Parsed command line arguments: Namespace(allow_overriding=[], ament_cmake_args=None, base_paths=['.'], build_base='build', catkin_cmake_args=None, catkin_skip_building_tests=False, cmake_args=None, cmake_clean_cache=False, cmake_clean_first=False, cmake_force_configure=False, cmake_target=None, cmake_target_skip_unavailable=False, continue_on_error=False, event_handlers=None, executor='parallel', ignore_user_meta=False, install_base='install', log_base=None, log_level=None, main=<bound method BuildVerb.main of <colcon_core.verb.build.BuildVerb object at 0x7face8c7c9a0>>, merge_install=False, metas=['./colcon.meta'], packages_above=None, packages_above_and_dependencies=None, packages_above_depth=None, packages_end=None, packages_ignore=None, packages_ignore_regex=None, packages_select=None, packages_select_build_failed=False, packages_select_by_dep=None, packages_select_regex=None, packages_select_test_failures=False, packages_skip=None, packages_skip_build_finished=False, packages_skip_by_dep=None, packages_skip_regex=None, packages_skip_test_passed=False, packages_skip_up_to=None, packages_start=None, packages_up_to=None, packages_up_to_regex=None, parallel_workers=8, paths=None, symlink_install=False, test_result_base=None, verb_extension=<colcon_core.verb.build.BuildVerb object at 0x7face8c7c9a0>, verb_name='build', verb_parser=<colcon_defaults.argument_parser.defaults.DefaultArgumentsDecorator object at 0x7face884e1c0>)
[2.300s] Level 1:colcon.colcon_core.package_discovery:discover_packages(colcon_meta) check parameters
[2.300s] Level 1:colcon.colcon_core.package_discovery:discover_packages(recursive) check parameters
[2.300s] Level 1:colcon.colcon_core.package_discovery:discover_packages(ignore) check parameters
[2.300s] Level 1:colcon.colcon_core.package_discovery:discover_packages(path) check parameters
[2.300s] Level 1:colcon.colcon_core.package_discovery:discover_packages(colcon_meta) discover
[2.301s] Level 1:colcon.colcon_core.package_discovery:discover_packages(recursive) discover
[2.301s] INFO:colcon.colcon_core.package_discovery:Crawling recursively for packages in '/home/nishi/ros2_ws'
[2.301s] Level 1:colcon.colcon_core.package_identification:_identify(.) by extensions ['ignore', 'ignore_ament_install']
[2.301s] Level 1:colcon.colcon_core.package_identification:_identify(.) by extension 'ignore'
[2.301s] Level 1:colcon.colcon_core.package_identification:_identify(.) by extension 'ignore_ament_install'
[2.301s] Level 1:colcon.colcon_core.package_identification:_identify(.) by extensions ['colcon_pkg']
[2.301s] Level 1:colcon.colcon_core.package_identification:_identify(.) by extension 'colcon_pkg'
[2.301s] Level 1:colcon.colcon_core.package_identification:_identify(.) by extensions ['colcon_meta']
[2.301s] Level 1:colcon.colcon_core.package_identification:_identify(.) by extension 'colcon_meta'
[2.301s] Level 1:colcon.colcon_core.package_identification:_identify(.) by extensions ['ros']
[2.301s] Level 1:colcon.colcon_core.package_identification:_identify(.) by extension 'ros'
[2.314s] Level 1:colcon.colcon_core.package_identification:_identify(.) by extensions ['cmake', 'python']
[2.314s] Level 1:colcon.colcon_core.package_identification:_identify(.) by extension 'cmake'
[2.314s] Level 1:colcon.colcon_core.package_identification:_identify(.) by extension 'python'
[2.314s] Level 1:colcon.colcon_core.package_identification:_identify(.) by extensions ['python_setup_py']
[2.314s] Level 1:colcon.colcon_core.package_identification:_identify(.) by extension 'python_setup_py'
[2.314s] Level 1:colcon.colcon_core.package_identification:_identify(build) by extensions ['ignore', 'ignore_ament_install']
[2.315s] Level 1:colcon.colcon_core.package_identification:_identify(build) by extension 'ignore'
[2.315s] Level 1:colcon.colcon_core.package_identification:_identify(build) ignored
[2.315s] Level 1:colcon.colcon_core.package_identification:_identify(install) by extensions ['ignore', 'ignore_ament_install']
[2.315s] Level 1:colcon.colcon_core.package_identification:_identify(install) by extension 'ignore'
[2.315s] Level 1:colcon.colcon_core.package_identification:_identify(install) ignored
[2.315s] Level 1:colcon.colcon_core.package_identification:_identify(log) by extensions ['ignore', 'ignore_ament_install']
[2.315s] Level 1:colcon.colcon_core.package_identification:_identify(log) by extension 'ignore'
[2.315s] Level 1:colcon.colcon_core.package_identification:_identify(log) ignored
[2.315s] Level 1:colcon.colcon_core.package_identification:_identify(src) by extensions ['ignore', 'ignore_ament_install']
[2.315s] Level 1:colcon.colcon_core.package_identification:_identify(src) by extension 'ignore'
[2.315s] Level 1:colcon.colcon_core.package_identification:_identify(src) by extension 'ignore_ament_install'
[2.315s] Level 1:colcon.colcon_core.package_identification:_identify(src) by extensions ['colcon_pkg']
[2.315s] Level 1:colcon.colcon_core.package_identification:_identify(src) by extension 'colcon_pkg'
[2.316s] Level 1:colcon.colcon_core.package_identification:_identify(src) by extensions ['colcon_meta']
[2.316s] Level 1:colcon.colcon_core.package_identification:_identify(src) by extension 'colcon_meta'
[2.316s] Level 1:colcon.colcon_core.package_identification:_identify(src) by extensions ['ros']
[2.316s] Level 1:colcon.colcon_core.package_identification:_identify(src) by extension 'ros'
[2.316s] Level 1:colcon.colcon_core.package_identification:_identify(src) by extensions ['cmake', 'python']
[2.316s] Level 1:colcon.colcon_core.package_identification:_identify(src) by extension 'cmake'
[2.316s] Level 1:colcon.colcon_core.package_identification:_identify(src) by extension 'python'
[2.316s] Level 1:colcon.colcon_core.package_identification:_identify(src) by extensions ['python_setup_py']
[2.316s] Level 1:colcon.colcon_core.package_identification:_identify(src) by extension 'python_setup_py'
[2.316s] Level 1:colcon.colcon_core.package_identification:_identify(src/mypkg) by extensions ['ignore', 'ignore_ament_install']
[2.316s] Level 1:colcon.colcon_core.package_identification:_identify(src/mypkg) by extension 'ignore'
[2.316s] Level 1:colcon.colcon_core.package_identification:_identify(src/mypkg) by extension 'ignore_ament_install'
[2.316s] Level 1:colcon.colcon_core.package_identification:_identify(src/mypkg) by extensions ['colcon_pkg']
[2.316s] Level 1:colcon.colcon_core.package_identification:_identify(src/mypkg) by extension 'colcon_pkg'
[2.316s] Level 1:colcon.colcon_core.package_identification:_identify(src/mypkg) by extensions ['colcon_meta']
[2.316s] Level 1:colcon.colcon_core.package_identification:_identify(src/mypkg) by extension 'colcon_meta'
[2.316s] Level 1:colcon.colcon_core.package_identification:_identify(src/mypkg) by extensions ['ros']
[2.316s] Level 1:colcon.colcon_core.package_identification:_identify(src/mypkg) by extension 'ros'
[2.319s] DEBUG:colcon.colcon_core.package_identification:Package 'src/mypkg' with type 'ros.ament_python' and name 'mypkg'
[2.319s] Level 1:colcon.colcon_core.package_discovery:discover_packages(recursive) using defaults
[2.319s] Level 1:colcon.colcon_core.package_discovery:discover_packages(ignore) discover
[2.319s] Level 1:colcon.colcon_core.package_discovery:discover_packages(ignore) using defaults
[2.319s] Level 1:colcon.colcon_core.package_discovery:discover_packages(path) discover
[2.319s] Level 1:colcon.colcon_core.package_discovery:discover_packages(path) using defaults
[2.518s] Level 1:colcon.colcon_core.package_discovery:discover_packages(prefix_path) check parameters
[2.518s] Level 1:colcon.colcon_core.package_discovery:discover_packages(prefix_path) discover
[2.590s] DEBUG:colcon.colcon_installed_package_information.package_discovery:Found 1 installed packages in /home/nishi/ros2_ws/install
[2.691s] DEBUG:colcon.colcon_installed_package_information.package_discovery:Found 256 installed packages in /opt/ros/foxy
[2.695s] Level 1:colcon.colcon_core.package_discovery:discover_packages(prefix_path) using defaults
[2.902s] Level 5:colcon.colcon_core.verb:set package 'mypkg' build argument 'cmake_args' from command line to 'None'
[2.902s] Level 5:colcon.colcon_core.verb:set package 'mypkg' build argument 'cmake_target' from command line to 'None'
[2.902s] Level 5:colcon.colcon_core.verb:set package 'mypkg' build argument 'cmake_target_skip_unavailable' from command line to 'False'
[2.902s] Level 5:colcon.colcon_core.verb:set package 'mypkg' build argument 'cmake_clean_cache' from command line to 'False'
[2.902s] Level 5:colcon.colcon_core.verb:set package 'mypkg' build argument 'cmake_clean_first' from command line to 'False'
[2.902s] Level 5:colcon.colcon_core.verb:set package 'mypkg' build argument 'cmake_force_configure' from command line to 'False'
[2.902s] Level 5:colcon.colcon_core.verb:set package 'mypkg' build argument 'ament_cmake_args' from command line to 'None'
[2.902s] Level 5:colcon.colcon_core.verb:set package 'mypkg' build argument 'catkin_cmake_args' from command line to 'None'
[2.902s] Level 5:colcon.colcon_core.verb:set package 'mypkg' build argument 'catkin_skip_building_tests' from command line to 'False'
[2.902s] DEBUG:colcon.colcon_core.verb:Building package 'mypkg' with the following arguments: {'ament_cmake_args': None, 'build_base': '/home/nishi/ros2_ws/build/mypkg', 'catkin_cmake_args': None, 'catkin_skip_building_tests': False, 'cmake_args': None, 'cmake_clean_cache': False, 'cmake_clean_first': False, 'cmake_force_configure': False, 'cmake_target': None, 'cmake_target_skip_unavailable': False, 'install_base': '/home/nishi/ros2_ws/install/mypkg', 'merge_install': False, 'path': '/home/nishi/ros2_ws/src/mypkg', 'symlink_install': False, 'test_result_base': None}
[2.941s] INFO:colcon.colcon_core.executor:Executing jobs using 'parallel' executor
[2.971s] DEBUG:colcon.colcon_parallel_executor.executor.parallel:run_until_complete
[2.972s] INFO:colcon.colcon_ros.task.ament_python.build:Building ROS package in '/home/nishi/ros2_ws/src/mypkg' with build type 'ament_python'
[2.972s] Level 1:colcon.colcon_core.shell:create_environment_hook('mypkg', 'ament_prefix_path')
[3.009s] INFO:colcon.colcon_core.plugin_system:Skipping extension 'colcon_core.shell.bat': Not used on non-Windows systems
[3.009s] INFO:colcon.colcon_core.shell:Creating environment hook '/home/nishi/ros2_ws/install/mypkg/share/mypkg/hook/ament_prefix_path.ps1'
[3.010s] INFO:colcon.colcon_core.shell:Creating environment descriptor '/home/nishi/ros2_ws/install/mypkg/share/mypkg/hook/ament_prefix_path.dsv'
[3.010s] INFO:colcon.colcon_core.shell:Creating environment hook '/home/nishi/ros2_ws/install/mypkg/share/mypkg/hook/ament_prefix_path.sh'
[3.043s] INFO:colcon.colcon_core.shell:Skip shell extension 'powershell' for command environment: Not usable outside of PowerShell
[3.043s] DEBUG:colcon.colcon_core.shell:Skip shell extension 'dsv' for command environment
[3.369s] INFO:colcon.colcon_core.task.python.build:Building Python package in '/home/nishi/ros2_ws/src/mypkg'
[3.410s] INFO:colcon.colcon_core.shell:Skip shell extension 'powershell' for command environment: Not usable outside of PowerShell
[3.410s] DEBUG:colcon.colcon_core.shell:Skip shell extension 'dsv' for command environment
[3.931s] DEBUG:colcon.colcon_core.event_handler.log_command:Invoking command in '/home/nishi/ros2_ws/src/mypkg': PYTHONPATH=/home/nishi/ros2_ws/build/mypkg/prefix_override:/home/nishi/ros2_ws/install/mypkg/lib/python3.8/site-packages:${PYTHONPATH} /usr/bin/python3 setup.py egg_info --egg-base ../../build/mypkg build --build-base /home/nishi/ros2_ws/build/mypkg/build install --record /home/nishi/ros2_ws/build/mypkg/install.log --install-scripts $base/lib/mypkg --single-version-externally-managed
[4.261s] DEBUG:colcon.colcon_core.event_handler.log_command:Invoked command in '/home/nishi/ros2_ws/src/mypkg' returned '0': PYTHONPATH=/home/nishi/ros2_ws/build/mypkg/prefix_override:/home/nishi/ros2_ws/install/mypkg/lib/python3.8/site-packages:${PYTHONPATH} /usr/bin/python3 setup.py egg_info --egg-base ../../build/mypkg build --build-base /home/nishi/ros2_ws/build/mypkg/build install --record /home/nishi/ros2_ws/build/mypkg/install.log --install-scripts $base/lib/mypkg --single-version-externally-managed
[4.317s] Level 1:colcon.colcon_core.environment:checking '/home/nishi/ros2_ws/install/mypkg' for CMake module files
[4.317s] Level 1:colcon.colcon_core.environment:checking '/home/nishi/ros2_ws/install/mypkg' for CMake config files
[4.318s] Level 1:colcon.colcon_core.environment:checking '/home/nishi/ros2_ws/install/mypkg/lib'
[4.318s] Level 1:colcon.colcon_core.environment:checking '/home/nishi/ros2_ws/install/mypkg/bin'
[4.318s] Level 1:colcon.colcon_core.environment:checking '/home/nishi/ros2_ws/install/mypkg/lib/pkgconfig/mypkg.pc'
[4.318s] Level 1:colcon.colcon_core.environment:checking '/home/nishi/ros2_ws/install/mypkg/lib/python3.8/site-packages'
[4.318s] Level 1:colcon.colcon_core.shell:create_environment_hook('mypkg', 'pythonpath')
[4.354s] INFO:colcon.colcon_core.shell:Creating environment hook '/home/nishi/ros2_ws/install/mypkg/share/mypkg/hook/pythonpath.ps1'
[4.355s] INFO:colcon.colcon_core.shell:Creating environment descriptor '/home/nishi/ros2_ws/install/mypkg/share/mypkg/hook/pythonpath.dsv'
[4.355s] INFO:colcon.colcon_core.shell:Creating environment hook '/home/nishi/ros2_ws/install/mypkg/share/mypkg/hook/pythonpath.sh'
[4.356s] Level 1:colcon.colcon_core.environment:checking '/home/nishi/ros2_ws/install/mypkg/bin'
[4.356s] Level 1:colcon.colcon_core.environment:create_environment_scripts_only(mypkg)
[4.391s] INFO:colcon.colcon_core.shell:Creating package script '/home/nishi/ros2_ws/install/mypkg/share/mypkg/package.ps1'
[4.392s] INFO:colcon.colcon_core.shell:Creating package descriptor '/home/nishi/ros2_ws/install/mypkg/share/mypkg/package.dsv'
[4.393s] INFO:colcon.colcon_core.shell:Creating package script '/home/nishi/ros2_ws/install/mypkg/share/mypkg/package.sh'
[4.394s] INFO:colcon.colcon_core.shell:Creating package script '/home/nishi/ros2_ws/install/mypkg/share/mypkg/package.bash'
[4.394s] INFO:colcon.colcon_core.shell:Creating package script '/home/nishi/ros2_ws/install/mypkg/share/mypkg/package.zsh'
[4.395s] Level 1:colcon.colcon_core.environment:create_file_with_runtime_dependencies(/home/nishi/ros2_ws/install/mypkg/share/colcon-core/packages/mypkg)
[4.396s] DEBUG:colcon.colcon_parallel_executor.executor.parallel:closing loop
[4.397s] DEBUG:colcon.colcon_parallel_executor.executor.parallel:loop closed
[4.397s] DEBUG:colcon.colcon_parallel_executor.executor.parallel:run_until_complete finished with '0'
[4.398s] DEBUG:colcon.colcon_core.event_reactor:joining thread
[4.521s] INFO:colcon.colcon_core.plugin_system:Skipping extension 'colcon_notification.desktop_notification.notify_send': Could not find 'notify-send'
[4.521s] INFO:colcon.colcon_core.plugin_system:Skipping extension 'colcon_notification.desktop_notification.terminal_notifier': Not used on non-Darwin systems
[4.521s] INFO:colcon.colcon_core.plugin_system:Skipping extension 'colcon_notification.desktop_notification.win32': Not used on non-Windows systems
[4.521s] INFO:colcon.colcon_notification.desktop_notification:Sending desktop notification using 'notify2'
[4.532s] DEBUG:colcon.colcon_notification.desktop_notification.notify2:Failed to initialize notify2: org.freedesktop.DBus.Error.ServiceUnknown: The name org.freedesktop.Notifications was not provided by any .service files
[4.533s] DEBUG:colcon.colcon_core.event_reactor:joined thread
[4.623s] INFO:colcon.colcon_core.shell:Creating prefix script '/home/nishi/ros2_ws/install/local_setup.ps1'
[4.625s] INFO:colcon.colcon_core.shell:Creating prefix util module '/home/nishi/ros2_ws/install/_local_setup_util_ps1.py'
[4.626s] INFO:colcon.colcon_core.shell:Creating prefix chain script '/home/nishi/ros2_ws/install/setup.ps1'
[4.704s] INFO:colcon.colcon_core.shell:Creating prefix script '/home/nishi/ros2_ws/install/local_setup.sh'
[4.704s] INFO:colcon.colcon_core.shell:Creating prefix util module '/home/nishi/ros2_ws/install/_local_setup_util_sh.py'
[4.705s] INFO:colcon.colcon_core.shell:Creating prefix chain script '/home/nishi/ros2_ws/install/setup.sh'
[4.776s] INFO:colcon.colcon_core.shell:Creating prefix script '/home/nishi/ros2_ws/install/local_setup.bash'
[4.777s] INFO:colcon.colcon_core.shell:Creating prefix chain script '/home/nishi/ros2_ws/install/setup.bash'
[4.843s] INFO:colcon.colcon_core.shell:Creating prefix script '/home/nishi/ros2_ws/install/local_setup.zsh'
[4.844s] INFO:colcon.colcon_core.shell:Creating prefix chain script '/home/nishi/ros2_ws/install/setup.zsh'
