[0.655s] Invoking command in '/home/nishi/ros2_ws/build/person_msgs': CMAKE_PREFIX_PATH=${CMAKE_PREFIX_PATH}:/home/nishi/ros2_ws/install/mypkg:/opt/ros/foxy /usr/bin/cmake --build /home/nishi/ros2_ws/build/person_msgs -- -j8 -l8
[0.863s] [  2%] Built target person_msgs__cpp
[0.867s] [ 12%] Built target person_msgs__rosidl_generator_c
[0.894s] [ 29%] Built target person_msgs__rosidl_typesupport_cpp
[0.894s] [ 34%] Built target person_msgs__rosidl_typesupport_c
[0.894s] [ 44%] Built target person_msgs__rosidl_typesupport_introspection_cpp
[0.896s] [ 55%] Built target person_msgs__rosidl_typesupport_introspection_c
[0.902s] [ 65%] Built target person_msgs__rosidl_typesupport_fastrtps_cpp
[0.934s] [ 76%] Built target person_msgs__rosidl_typesupport_fastrtps_c
[0.960s] [ 76%] Built target person_msgs
[0.990s] [ 78%] Built target person_msgs__py
[1.030s] [ 87%] Built target person_msgs__python
[1.059s] [ 91%] Built target person_msgs__rosidl_typesupport_introspection_c__pyext
[1.060s] [ 95%] Built target person_msgs__rosidl_typesupport_c__pyext
[1.060s] [100%] Built target person_msgs__rosidl_typesupport_fastrtps_c__pyext
[1.070s] Invoked command in '/home/nishi/ros2_ws/build/person_msgs' returned '0': CMAKE_PREFIX_PATH=${CMAKE_PREFIX_PATH}:/home/nishi/ros2_ws/install/mypkg:/opt/ros/foxy /usr/bin/cmake --build /home/nishi/ros2_ws/build/person_msgs -- -j8 -l8
[1.152s] Invoking command in '/home/nishi/ros2_ws/build/person_msgs': CMAKE_PREFIX_PATH=${CMAKE_PREFIX_PATH}:/home/nishi/ros2_ws/install/mypkg:/opt/ros/foxy /usr/bin/cmake --install /home/nishi/ros2_ws/build/person_msgs
[1.160s] -- Install configuration: ""
[1.161s] -- Up-to-date: /home/nishi/ros2_ws/install/person_msgs/share/ament_index/resource_index/rosidl_interfaces/person_msgs
[1.161s] -- Up-to-date: /home/nishi/ros2_ws/install/person_msgs/include/person_msgs
[1.161s] -- Up-to-date: /home/nishi/ros2_ws/install/person_msgs/include/person_msgs/srv
[1.162s] -- Up-to-date: /home/nishi/ros2_ws/install/person_msgs/include/person_msgs/srv/query.h
[1.162s] -- Up-to-date: /home/nishi/ros2_ws/install/person_msgs/include/person_msgs/srv/query2.h
[1.163s] -- Up-to-date: /home/nishi/ros2_ws/install/person_msgs/include/person_msgs/srv/detail
[1.163s] -- Up-to-date: /home/nishi/ros2_ws/install/person_msgs/include/person_msgs/srv/detail/query2__struct.h
[1.163s] -- Up-to-date: /home/nishi/ros2_ws/install/person_msgs/include/person_msgs/srv/detail/query__functions.c
[1.163s] -- Up-to-date: /home/nishi/ros2_ws/install/person_msgs/include/person_msgs/srv/detail/query2__functions.h
[1.163s] -- Up-to-date: /home/nishi/ros2_ws/install/person_msgs/include/person_msgs/srv/detail/query2__type_support.h
[1.163s] -- Up-to-date: /home/nishi/ros2_ws/install/person_msgs/include/person_msgs/srv/detail/query__type_support.h
[1.163s] -- Up-to-date: /home/nishi/ros2_ws/install/person_msgs/include/person_msgs/srv/detail/query__functions.h
[1.163s] -- Up-to-date: /home/nishi/ros2_ws/install/person_msgs/include/person_msgs/srv/detail/query2__functions.c
[1.163s] -- Up-to-date: /home/nishi/ros2_ws/install/person_msgs/include/person_msgs/srv/detail/query__struct.h
[1.163s] -- Up-to-date: /home/nishi/ros2_ws/install/person_msgs/include/person_msgs/msg
[1.163s] -- Up-to-date: /home/nishi/ros2_ws/install/person_msgs/include/person_msgs/msg/person.h
[1.164s] -- Up-to-date: /home/nishi/ros2_ws/install/person_msgs/include/person_msgs/msg/rosidl_generator_c__visibility_control.h
[1.164s] -- Up-to-date: /home/nishi/ros2_ws/install/person_msgs/include/person_msgs/msg/detail
[1.164s] -- Up-to-date: /home/nishi/ros2_ws/install/person_msgs/include/person_msgs/msg/detail/person__functions.c
[1.164s] -- Up-to-date: /home/nishi/ros2_ws/install/person_msgs/include/person_msgs/msg/detail/person__type_support.h
[1.164s] -- Up-to-date: /home/nishi/ros2_ws/install/person_msgs/include/person_msgs/msg/detail/person__functions.h
[1.164s] -- Up-to-date: /home/nishi/ros2_ws/install/person_msgs/include/person_msgs/msg/detail/person__struct.h
[1.165s] -- Up-to-date: /home/nishi/ros2_ws/install/person_msgs/share/person_msgs/environment/library_path.sh
[1.165s] -- Up-to-date: /home/nishi/ros2_ws/install/person_msgs/share/person_msgs/environment/library_path.dsv
[1.165s] -- Up-to-date: /home/nishi/ros2_ws/install/person_msgs/lib/libperson_msgs__rosidl_generator_c.so
[1.165s] -- Up-to-date: /home/nishi/ros2_ws/install/person_msgs/include/person_msgs
[1.166s] -- Up-to-date: /home/nishi/ros2_ws/install/person_msgs/include/person_msgs/srv
[1.166s] -- Up-to-date: /home/nishi/ros2_ws/install/person_msgs/include/person_msgs/srv/detail
[1.166s] -- Up-to-date: /home/nishi/ros2_ws/install/person_msgs/include/person_msgs/srv/detail/query__rosidl_typesupport_fastrtps_c.h
[1.166s] -- Up-to-date: /home/nishi/ros2_ws/install/person_msgs/include/person_msgs/srv/detail/query2__rosidl_typesupport_fastrtps_c.h
[1.166s] -- Up-to-date: /home/nishi/ros2_ws/install/person_msgs/include/person_msgs/msg
[1.167s] -- Up-to-date: /home/nishi/ros2_ws/install/person_msgs/include/person_msgs/msg/rosidl_typesupport_fastrtps_c__visibility_control.h
[1.167s] -- Up-to-date: /home/nishi/ros2_ws/install/person_msgs/include/person_msgs/msg/detail
[1.167s] -- Up-to-date: /home/nishi/ros2_ws/install/person_msgs/include/person_msgs/msg/detail/person__rosidl_typesupport_fastrtps_c.h
[1.167s] -- Up-to-date: /home/nishi/ros2_ws/install/person_msgs/lib/libperson_msgs__rosidl_typesupport_fastrtps_c.so
[1.168s] -- Up-to-date: /home/nishi/ros2_ws/install/person_msgs/include/person_msgs
[1.168s] -- Up-to-date: /home/nishi/ros2_ws/install/person_msgs/include/person_msgs/srv
[1.168s] -- Up-to-date: /home/nishi/ros2_ws/install/person_msgs/include/person_msgs/srv/detail
[1.168s] -- Up-to-date: /home/nishi/ros2_ws/install/person_msgs/include/person_msgs/srv/detail/query2__rosidl_typesupport_fastrtps_cpp.hpp
[1.169s] -- Up-to-date: /home/nishi/ros2_ws/install/person_msgs/include/person_msgs/srv/detail/dds_fastrtps
[1.169s] -- Up-to-date: /home/nishi/ros2_ws/install/person_msgs/include/person_msgs/srv/detail/query__rosidl_typesupport_fastrtps_cpp.hpp
[1.169s] -- Up-to-date: /home/nishi/ros2_ws/install/person_msgs/include/person_msgs/msg
[1.169s] -- Up-to-date: /home/nishi/ros2_ws/install/person_msgs/include/person_msgs/msg/rosidl_typesupport_fastrtps_cpp__visibility_control.h
[1.169s] -- Up-to-date: /home/nishi/ros2_ws/install/person_msgs/include/person_msgs/msg/detail
[1.169s] -- Up-to-date: /home/nishi/ros2_ws/install/person_msgs/include/person_msgs/msg/detail/dds_fastrtps
[1.170s] -- Up-to-date: /home/nishi/ros2_ws/install/person_msgs/include/person_msgs/msg/detail/person__rosidl_typesupport_fastrtps_cpp.hpp
[1.170s] -- Up-to-date: /home/nishi/ros2_ws/install/person_msgs/lib/libperson_msgs__rosidl_typesupport_fastrtps_cpp.so
[1.170s] -- Up-to-date: /home/nishi/ros2_ws/install/person_msgs/include/person_msgs
[1.170s] -- Up-to-date: /home/nishi/ros2_ws/install/person_msgs/include/person_msgs/srv
[1.170s] -- Up-to-date: /home/nishi/ros2_ws/install/person_msgs/include/person_msgs/srv/detail
[1.170s] -- Up-to-date: /home/nishi/ros2_ws/install/person_msgs/include/person_msgs/srv/detail/query2__rosidl_typesupport_introspection_c.h
[1.171s] -- Up-to-date: /home/nishi/ros2_ws/install/person_msgs/include/person_msgs/srv/detail/query__type_support.c
[1.171s] -- Up-to-date: /home/nishi/ros2_ws/install/person_msgs/include/person_msgs/srv/detail/query2__type_support.c
[1.171s] -- Up-to-date: /home/nishi/ros2_ws/install/person_msgs/include/person_msgs/srv/detail/query__rosidl_typesupport_introspection_c.h
[1.171s] -- Up-to-date: /home/nishi/ros2_ws/install/person_msgs/include/person_msgs/msg
[1.171s] -- Up-to-date: /home/nishi/ros2_ws/install/person_msgs/include/person_msgs/msg/rosidl_typesupport_introspection_c__visibility_control.h
[1.171s] -- Up-to-date: /home/nishi/ros2_ws/install/person_msgs/include/person_msgs/msg/detail
[1.172s] -- Up-to-date: /home/nishi/ros2_ws/install/person_msgs/include/person_msgs/msg/detail/person__type_support.c
[1.172s] -- Up-to-date: /home/nishi/ros2_ws/install/person_msgs/include/person_msgs/msg/detail/person__rosidl_typesupport_introspection_c.h
[1.172s] -- Up-to-date: /home/nishi/ros2_ws/install/person_msgs/lib/libperson_msgs__rosidl_typesupport_introspection_c.so
[1.172s] -- Up-to-date: /home/nishi/ros2_ws/install/person_msgs/lib/libperson_msgs__rosidl_typesupport_c.so
[1.172s] -- Up-to-date: /home/nishi/ros2_ws/install/person_msgs/include/person_msgs
[1.172s] -- Up-to-date: /home/nishi/ros2_ws/install/person_msgs/include/person_msgs/srv
[1.172s] -- Up-to-date: /home/nishi/ros2_ws/install/person_msgs/include/person_msgs/srv/query2.hpp
[1.172s] -- Up-to-date: /home/nishi/ros2_ws/install/person_msgs/include/person_msgs/srv/query.hpp
[1.172s] -- Up-to-date: /home/nishi/ros2_ws/install/person_msgs/include/person_msgs/srv/detail
[1.172s] -- Up-to-date: /home/nishi/ros2_ws/install/person_msgs/include/person_msgs/srv/detail/query__builder.hpp
[1.172s] -- Up-to-date: /home/nishi/ros2_ws/install/person_msgs/include/person_msgs/srv/detail/query__struct.hpp
[1.172s] -- Up-to-date: /home/nishi/ros2_ws/install/person_msgs/include/person_msgs/srv/detail/query2__struct.hpp
[1.172s] -- Up-to-date: /home/nishi/ros2_ws/install/person_msgs/include/person_msgs/srv/detail/query2__type_support.hpp
[1.173s] -- Up-to-date: /home/nishi/ros2_ws/install/person_msgs/include/person_msgs/srv/detail/query__traits.hpp
[1.173s] -- Up-to-date: /home/nishi/ros2_ws/install/person_msgs/include/person_msgs/srv/detail/query2__builder.hpp
[1.173s] -- Up-to-date: /home/nishi/ros2_ws/install/person_msgs/include/person_msgs/srv/detail/query2__traits.hpp
[1.173s] -- Up-to-date: /home/nishi/ros2_ws/install/person_msgs/include/person_msgs/srv/detail/query__type_support.hpp
[1.173s] -- Up-to-date: /home/nishi/ros2_ws/install/person_msgs/include/person_msgs/msg
[1.173s] -- Up-to-date: /home/nishi/ros2_ws/install/person_msgs/include/person_msgs/msg/person.hpp
[1.173s] -- Up-to-date: /home/nishi/ros2_ws/install/person_msgs/include/person_msgs/msg/rosidl_generator_cpp__visibility_control.hpp
[1.173s] -- Up-to-date: /home/nishi/ros2_ws/install/person_msgs/include/person_msgs/msg/detail
[1.173s] -- Up-to-date: /home/nishi/ros2_ws/install/person_msgs/include/person_msgs/msg/detail/person__builder.hpp
[1.173s] -- Up-to-date: /home/nishi/ros2_ws/install/person_msgs/include/person_msgs/msg/detail/person__type_support.hpp
[1.173s] -- Up-to-date: /home/nishi/ros2_ws/install/person_msgs/include/person_msgs/msg/detail/person__traits.hpp
[1.173s] -- Up-to-date: /home/nishi/ros2_ws/install/person_msgs/include/person_msgs/msg/detail/person__struct.hpp
[1.173s] -- Up-to-date: /home/nishi/ros2_ws/install/person_msgs/include/person_msgs
[1.173s] -- Up-to-date: /home/nishi/ros2_ws/install/person_msgs/include/person_msgs/srv
[1.173s] -- Up-to-date: /home/nishi/ros2_ws/install/person_msgs/include/person_msgs/srv/detail
[1.173s] -- Up-to-date: /home/nishi/ros2_ws/install/person_msgs/include/person_msgs/srv/detail/query__type_support.cpp
[1.173s] -- Up-to-date: /home/nishi/ros2_ws/install/person_msgs/include/person_msgs/srv/detail/query2__type_support.cpp
[1.173s] -- Up-to-date: /home/nishi/ros2_ws/install/person_msgs/include/person_msgs/srv/detail/query2__rosidl_typesupport_introspection_cpp.hpp
[1.173s] -- Up-to-date: /home/nishi/ros2_ws/install/person_msgs/include/person_msgs/srv/detail/query__rosidl_typesupport_introspection_cpp.hpp
[1.173s] -- Up-to-date: /home/nishi/ros2_ws/install/person_msgs/include/person_msgs/msg
[1.173s] -- Up-to-date: /home/nishi/ros2_ws/install/person_msgs/include/person_msgs/msg/detail
[1.173s] -- Up-to-date: /home/nishi/ros2_ws/install/person_msgs/include/person_msgs/msg/detail/person__rosidl_typesupport_introspection_cpp.hpp
[1.174s] -- Up-to-date: /home/nishi/ros2_ws/install/person_msgs/include/person_msgs/msg/detail/person__type_support.cpp
[1.174s] -- Up-to-date: /home/nishi/ros2_ws/install/person_msgs/lib/libperson_msgs__rosidl_typesupport_introspection_cpp.so
[1.174s] -- Up-to-date: /home/nishi/ros2_ws/install/person_msgs/lib/libperson_msgs__rosidl_typesupport_cpp.so
[1.174s] -- Up-to-date: /home/nishi/ros2_ws/install/person_msgs/share/person_msgs/environment/pythonpath.sh
[1.174s] -- Up-to-date: /home/nishi/ros2_ws/install/person_msgs/share/person_msgs/environment/pythonpath.dsv
[1.174s] -- Up-to-date: /home/nishi/ros2_ws/install/person_msgs/lib/python3.8/site-packages/person_msgs/__init__.py
[1.209s] -- Up-to-date: /home/nishi/ros2_ws/install/person_msgs/lib/python3.8/site-packages/person_msgs/msg
[1.209s] -- Up-to-date: /home/nishi/ros2_ws/install/person_msgs/lib/python3.8/site-packages/person_msgs/msg/_person.py
[1.210s] -- Up-to-date: /home/nishi/ros2_ws/install/person_msgs/lib/python3.8/site-packages/person_msgs/msg/_person_s.c
[1.210s] -- Up-to-date: /home/nishi/ros2_ws/install/person_msgs/lib/python3.8/site-packages/person_msgs/msg/__init__.py
[1.210s] -- Up-to-date: /home/nishi/ros2_ws/install/person_msgs/lib/python3.8/site-packages/person_msgs/srv
[1.210s] -- Up-to-date: /home/nishi/ros2_ws/install/person_msgs/lib/python3.8/site-packages/person_msgs/srv/_query_s.c
[1.210s] -- Up-to-date: /home/nishi/ros2_ws/install/person_msgs/lib/python3.8/site-packages/person_msgs/srv/_query.py
[1.210s] -- Up-to-date: /home/nishi/ros2_ws/install/person_msgs/lib/python3.8/site-packages/person_msgs/srv/_query2_s.c
[1.210s] -- Up-to-date: /home/nishi/ros2_ws/install/person_msgs/lib/python3.8/site-packages/person_msgs/srv/_query2.py
[1.210s] -- Up-to-date: /home/nishi/ros2_ws/install/person_msgs/lib/python3.8/site-packages/person_msgs/srv/__init__.py
[1.210s] -- Up-to-date: /home/nishi/ros2_ws/install/person_msgs/lib/python3.8/site-packages/person_msgs/person_msgs_s__rosidl_typesupport_fastrtps_c.cpython-38-x86_64-linux-gnu.so
[1.212s] -- Up-to-date: /home/nishi/ros2_ws/install/person_msgs/lib/python3.8/site-packages/person_msgs/person_msgs_s__rosidl_typesupport_introspection_c.cpython-38-x86_64-linux-gnu.so
[1.212s] -- Up-to-date: /home/nishi/ros2_ws/install/person_msgs/lib/python3.8/site-packages/person_msgs/person_msgs_s__rosidl_typesupport_c.cpython-38-x86_64-linux-gnu.so
[1.212s] -- Up-to-date: /home/nishi/ros2_ws/install/person_msgs/lib/libperson_msgs__python.so
[1.213s] -- Up-to-date: /home/nishi/ros2_ws/install/person_msgs/share/person_msgs/msg/Person.idl
[1.213s] -- Up-to-date: /home/nishi/ros2_ws/install/person_msgs/share/person_msgs/srv/Query.idl
[1.214s] -- Up-to-date: /home/nishi/ros2_ws/install/person_msgs/share/person_msgs/srv/Query2.idl
[1.214s] -- Up-to-date: /home/nishi/ros2_ws/install/person_msgs/share/person_msgs/msg/Person.msg
[1.214s] -- Up-to-date: /home/nishi/ros2_ws/install/person_msgs/share/person_msgs/srv/Query.srv
[1.214s] -- Up-to-date: /home/nishi/ros2_ws/install/person_msgs/share/person_msgs/srv/Query_Request.msg
[1.214s] -- Up-to-date: /home/nishi/ros2_ws/install/person_msgs/share/person_msgs/srv/Query_Response.msg
[1.215s] -- Up-to-date: /home/nishi/ros2_ws/install/person_msgs/share/person_msgs/srv/Query2.srv
[1.215s] -- Up-to-date: /home/nishi/ros2_ws/install/person_msgs/share/person_msgs/srv/Query2_Request.msg
[1.215s] -- Up-to-date: /home/nishi/ros2_ws/install/person_msgs/share/person_msgs/srv/Query2_Response.msg
[1.215s] -- Up-to-date: /home/nishi/ros2_ws/install/person_msgs/share/ament_index/resource_index/package_run_dependencies/person_msgs
[1.215s] -- Up-to-date: /home/nishi/ros2_ws/install/person_msgs/share/ament_index/resource_index/parent_prefix_path/person_msgs
[1.215s] -- Up-to-date: /home/nishi/ros2_ws/install/person_msgs/share/person_msgs/environment/ament_prefix_path.sh
[1.215s] -- Up-to-date: /home/nishi/ros2_ws/install/person_msgs/share/person_msgs/environment/ament_prefix_path.dsv
[1.216s] -- Up-to-date: /home/nishi/ros2_ws/install/person_msgs/share/person_msgs/environment/path.sh
[1.216s] -- Up-to-date: /home/nishi/ros2_ws/install/person_msgs/share/person_msgs/environment/path.dsv
[1.216s] -- Up-to-date: /home/nishi/ros2_ws/install/person_msgs/share/person_msgs/local_setup.bash
[1.216s] -- Up-to-date: /home/nishi/ros2_ws/install/person_msgs/share/person_msgs/local_setup.sh
[1.216s] -- Up-to-date: /home/nishi/ros2_ws/install/person_msgs/share/person_msgs/local_setup.zsh
[1.216s] -- Up-to-date: /home/nishi/ros2_ws/install/person_msgs/share/person_msgs/local_setup.dsv
[1.216s] -- Installing: /home/nishi/ros2_ws/install/person_msgs/share/person_msgs/package.dsv
[1.217s] -- Up-to-date: /home/nishi/ros2_ws/install/person_msgs/share/ament_index/resource_index/packages/person_msgs
[1.217s] -- Up-to-date: /home/nishi/ros2_ws/install/person_msgs/share/person_msgs/cmake/person_msgs__rosidl_generator_cExport.cmake
[1.217s] -- Up-to-date: /home/nishi/ros2_ws/install/person_msgs/share/person_msgs/cmake/person_msgs__rosidl_generator_cExport-noconfig.cmake
[1.217s] -- Up-to-date: /home/nishi/ros2_ws/install/person_msgs/share/person_msgs/cmake/person_msgs__rosidl_typesupport_introspection_cExport.cmake
[1.217s] -- Up-to-date: /home/nishi/ros2_ws/install/person_msgs/share/person_msgs/cmake/person_msgs__rosidl_typesupport_introspection_cExport-noconfig.cmake
[1.217s] -- Up-to-date: /home/nishi/ros2_ws/install/person_msgs/share/person_msgs/cmake/person_msgs__rosidl_typesupport_cExport.cmake
[1.218s] -- Up-to-date: /home/nishi/ros2_ws/install/person_msgs/share/person_msgs/cmake/person_msgs__rosidl_typesupport_cExport-noconfig.cmake
[1.218s] -- Up-to-date: /home/nishi/ros2_ws/install/person_msgs/share/person_msgs/cmake/person_msgs__rosidl_generator_cppExport.cmake
[1.218s] -- Up-to-date: /home/nishi/ros2_ws/install/person_msgs/share/person_msgs/cmake/person_msgs__rosidl_typesupport_introspection_cppExport.cmake
[1.219s] -- Up-to-date: /home/nishi/ros2_ws/install/person_msgs/share/person_msgs/cmake/person_msgs__rosidl_typesupport_introspection_cppExport-noconfig.cmake
[1.219s] -- Up-to-date: /home/nishi/ros2_ws/install/person_msgs/share/person_msgs/cmake/person_msgs__rosidl_typesupport_cppExport.cmake
[1.219s] -- Up-to-date: /home/nishi/ros2_ws/install/person_msgs/share/person_msgs/cmake/person_msgs__rosidl_typesupport_cppExport-noconfig.cmake
[1.220s] -- Up-to-date: /home/nishi/ros2_ws/install/person_msgs/share/person_msgs/cmake/rosidl_cmake-extras.cmake
[1.220s] -- Up-to-date: /home/nishi/ros2_ws/install/person_msgs/share/person_msgs/cmake/ament_cmake_export_dependencies-extras.cmake
[1.220s] -- Up-to-date: /home/nishi/ros2_ws/install/person_msgs/share/person_msgs/cmake/ament_cmake_export_libraries-extras.cmake
[1.220s] -- Up-to-date: /home/nishi/ros2_ws/install/person_msgs/share/person_msgs/cmake/ament_cmake_export_targets-extras.cmake
[1.220s] -- Up-to-date: /home/nishi/ros2_ws/install/person_msgs/share/person_msgs/cmake/ament_cmake_export_include_directories-extras.cmake
[1.220s] -- Up-to-date: /home/nishi/ros2_ws/install/person_msgs/share/person_msgs/cmake/rosidl_cmake_export_typesupport_libraries-extras.cmake
[1.220s] -- Up-to-date: /home/nishi/ros2_ws/install/person_msgs/share/person_msgs/cmake/rosidl_cmake_export_typesupport_targets-extras.cmake
[1.220s] -- Up-to-date: /home/nishi/ros2_ws/install/person_msgs/share/person_msgs/cmake/person_msgsConfig.cmake
[1.220s] -- Up-to-date: /home/nishi/ros2_ws/install/person_msgs/share/person_msgs/cmake/person_msgsConfig-version.cmake
[1.221s] -- Up-to-date: /home/nishi/ros2_ws/install/person_msgs/share/person_msgs/package.xml
[1.222s] Invoked command in '/home/nishi/ros2_ws/build/person_msgs' returned '0': CMAKE_PREFIX_PATH=${CMAKE_PREFIX_PATH}:/home/nishi/ros2_ws/install/mypkg:/opt/ros/foxy /usr/bin/cmake --install /home/nishi/ros2_ws/build/person_msgs
