[1.949s] DEBUG:colcon:Command line arguments: ['/usr/bin/colcon', 'build']
[1.949s] DEBUG:colcon:Parsed command line arguments: Namespace(allow_overriding=[], ament_cmake_args=None, base_paths=['.'], build_base='build', catkin_cmake_args=None, catkin_skip_building_tests=False, cmake_args=None, cmake_clean_cache=False, cmake_clean_first=False, cmake_force_configure=False, cmake_target=None, cmake_target_skip_unavailable=False, continue_on_error=False, event_handlers=None, executor='parallel', ignore_user_meta=False, install_base='install', log_base=None, log_level=None, main=<bound method BuildVerb.main of <colcon_core.verb.build.BuildVerb object at 0x7f012e823550>>, merge_install=False, metas=['./colcon.meta'], packages_above=None, packages_above_and_dependencies=None, packages_above_depth=None, packages_end=None, packages_ignore=None, packages_ignore_regex=None, packages_select=None, packages_select_build_failed=False, packages_select_by_dep=None, packages_select_regex=None, packages_select_test_failures=False, packages_skip=None, packages_skip_build_finished=False, packages_skip_by_dep=None, packages_skip_regex=None, packages_skip_test_passed=False, packages_skip_up_to=None, packages_start=None, packages_up_to=None, packages_up_to_regex=None, parallel_workers=8, paths=None, symlink_install=False, test_result_base=None, verb_extension=<colcon_core.verb.build.BuildVerb object at 0x7f012e823550>, verb_name='build', verb_parser=<colcon_defaults.argument_parser.defaults.DefaultArgumentsDecorator object at 0x7f012e3f45b0>)
[2.038s] Level 1:colcon.colcon_core.package_discovery:discover_packages(colcon_meta) check parameters
[2.038s] Level 1:colcon.colcon_core.package_discovery:discover_packages(recursive) check parameters
[2.038s] Level 1:colcon.colcon_core.package_discovery:discover_packages(ignore) check parameters
[2.038s] Level 1:colcon.colcon_core.package_discovery:discover_packages(path) check parameters
[2.039s] Level 1:colcon.colcon_core.package_discovery:discover_packages(colcon_meta) discover
[2.039s] Level 1:colcon.colcon_core.package_discovery:discover_packages(recursive) discover
[2.039s] INFO:colcon.colcon_core.package_discovery:Crawling recursively for packages in '/home/nishi/ros2_ws'
[2.039s] Level 1:colcon.colcon_core.package_identification:_identify(.) by extensions ['ignore', 'ignore_ament_install']
[2.039s] Level 1:colcon.colcon_core.package_identification:_identify(.) by extension 'ignore'
[2.039s] Level 1:colcon.colcon_core.package_identification:_identify(.) by extension 'ignore_ament_install'
[2.039s] Level 1:colcon.colcon_core.package_identification:_identify(.) by extensions ['colcon_pkg']
[2.039s] Level 1:colcon.colcon_core.package_identification:_identify(.) by extension 'colcon_pkg'
[2.039s] Level 1:colcon.colcon_core.package_identification:_identify(.) by extensions ['colcon_meta']
[2.039s] Level 1:colcon.colcon_core.package_identification:_identify(.) by extension 'colcon_meta'
[2.039s] Level 1:colcon.colcon_core.package_identification:_identify(.) by extensions ['ros']
[2.039s] Level 1:colcon.colcon_core.package_identification:_identify(.) by extension 'ros'
[2.052s] Level 1:colcon.colcon_core.package_identification:_identify(.) by extensions ['cmake', 'python']
[2.052s] Level 1:colcon.colcon_core.package_identification:_identify(.) by extension 'cmake'
[2.052s] Level 1:colcon.colcon_core.package_identification:_identify(.) by extension 'python'
[2.052s] Level 1:colcon.colcon_core.package_identification:_identify(.) by extensions ['python_setup_py']
[2.052s] Level 1:colcon.colcon_core.package_identification:_identify(.) by extension 'python_setup_py'
[2.052s] Level 1:colcon.colcon_core.package_identification:_identify(build) by extensions ['ignore', 'ignore_ament_install']
[2.052s] Level 1:colcon.colcon_core.package_identification:_identify(build) by extension 'ignore'
[2.052s] Level 1:colcon.colcon_core.package_identification:_identify(build) ignored
[2.052s] Level 1:colcon.colcon_core.package_identification:_identify(install) by extensions ['ignore', 'ignore_ament_install']
[2.052s] Level 1:colcon.colcon_core.package_identification:_identify(install) by extension 'ignore'
[2.052s] Level 1:colcon.colcon_core.package_identification:_identify(install) ignored
[2.053s] Level 1:colcon.colcon_core.package_identification:_identify(log) by extensions ['ignore', 'ignore_ament_install']
[2.053s] Level 1:colcon.colcon_core.package_identification:_identify(log) by extension 'ignore'
[2.053s] Level 1:colcon.colcon_core.package_identification:_identify(log) ignored
[2.053s] Level 1:colcon.colcon_core.package_identification:_identify(src) by extensions ['ignore', 'ignore_ament_install']
[2.053s] Level 1:colcon.colcon_core.package_identification:_identify(src) by extension 'ignore'
[2.053s] Level 1:colcon.colcon_core.package_identification:_identify(src) by extension 'ignore_ament_install'
[2.053s] Level 1:colcon.colcon_core.package_identification:_identify(src) by extensions ['colcon_pkg']
[2.053s] Level 1:colcon.colcon_core.package_identification:_identify(src) by extension 'colcon_pkg'
[2.053s] Level 1:colcon.colcon_core.package_identification:_identify(src) by extensions ['colcon_meta']
[2.053s] Level 1:colcon.colcon_core.package_identification:_identify(src) by extension 'colcon_meta'
[2.053s] Level 1:colcon.colcon_core.package_identification:_identify(src) by extensions ['ros']
[2.053s] Level 1:colcon.colcon_core.package_identification:_identify(src) by extension 'ros'
[2.053s] Level 1:colcon.colcon_core.package_identification:_identify(src) by extensions ['cmake', 'python']
[2.053s] Level 1:colcon.colcon_core.package_identification:_identify(src) by extension 'cmake'
[2.053s] Level 1:colcon.colcon_core.package_identification:_identify(src) by extension 'python'
[2.053s] Level 1:colcon.colcon_core.package_identification:_identify(src) by extensions ['python_setup_py']
[2.053s] Level 1:colcon.colcon_core.package_identification:_identify(src) by extension 'python_setup_py'
[2.053s] Level 1:colcon.colcon_core.package_identification:_identify(src/mypkg) by extensions ['ignore', 'ignore_ament_install']
[2.053s] Level 1:colcon.colcon_core.package_identification:_identify(src/mypkg) by extension 'ignore'
[2.054s] Level 1:colcon.colcon_core.package_identification:_identify(src/mypkg) by extension 'ignore_ament_install'
[2.054s] Level 1:colcon.colcon_core.package_identification:_identify(src/mypkg) by extensions ['colcon_pkg']
[2.054s] Level 1:colcon.colcon_core.package_identification:_identify(src/mypkg) by extension 'colcon_pkg'
[2.054s] Level 1:colcon.colcon_core.package_identification:_identify(src/mypkg) by extensions ['colcon_meta']
[2.054s] Level 1:colcon.colcon_core.package_identification:_identify(src/mypkg) by extension 'colcon_meta'
[2.054s] Level 1:colcon.colcon_core.package_identification:_identify(src/mypkg) by extensions ['ros']
[2.054s] Level 1:colcon.colcon_core.package_identification:_identify(src/mypkg) by extension 'ros'
[2.056s] DEBUG:colcon.colcon_core.package_identification:Package 'src/mypkg' with type 'ros.ament_python' and name 'mypkg'
[2.056s] Level 1:colcon.colcon_core.package_identification:_identify(src/person_msgs) by extensions ['ignore', 'ignore_ament_install']
[2.056s] Level 1:colcon.colcon_core.package_identification:_identify(src/person_msgs) by extension 'ignore'
[2.056s] Level 1:colcon.colcon_core.package_identification:_identify(src/person_msgs) by extension 'ignore_ament_install'
[2.056s] Level 1:colcon.colcon_core.package_identification:_identify(src/person_msgs) by extensions ['colcon_pkg']
[2.056s] Level 1:colcon.colcon_core.package_identification:_identify(src/person_msgs) by extension 'colcon_pkg'
[2.057s] Level 1:colcon.colcon_core.package_identification:_identify(src/person_msgs) by extensions ['colcon_meta']
[2.057s] Level 1:colcon.colcon_core.package_identification:_identify(src/person_msgs) by extension 'colcon_meta'
[2.057s] Level 1:colcon.colcon_core.package_identification:_identify(src/person_msgs) by extensions ['ros']
[2.057s] Level 1:colcon.colcon_core.package_identification:_identify(src/person_msgs) by extension 'ros'
[2.057s] DEBUG:colcon.colcon_core.package_identification:Package 'src/person_msgs' with type 'ros.ament_cmake' and name 'person_msgs'
[2.057s] Level 1:colcon.colcon_core.package_discovery:discover_packages(recursive) using defaults
[2.057s] Level 1:colcon.colcon_core.package_discovery:discover_packages(ignore) discover
[2.057s] Level 1:colcon.colcon_core.package_discovery:discover_packages(ignore) using defaults
[2.057s] Level 1:colcon.colcon_core.package_discovery:discover_packages(path) discover
[2.057s] Level 1:colcon.colcon_core.package_discovery:discover_packages(path) using defaults
[2.235s] Level 1:colcon.colcon_core.package_discovery:discover_packages(prefix_path) check parameters
[2.235s] Level 1:colcon.colcon_core.package_discovery:discover_packages(prefix_path) discover
[2.292s] DEBUG:colcon.colcon_installed_package_information.package_discovery:Found 2 installed packages in /home/nishi/ros2_ws/install
[2.338s] DEBUG:colcon.colcon_installed_package_information.package_discovery:Found 256 installed packages in /opt/ros/foxy
[2.339s] Level 1:colcon.colcon_core.package_discovery:discover_packages(prefix_path) using defaults
[2.464s] Level 5:colcon.colcon_core.verb:set package 'mypkg' build argument 'cmake_args' from command line to 'None'
[2.464s] Level 5:colcon.colcon_core.verb:set package 'mypkg' build argument 'cmake_target' from command line to 'None'
[2.464s] Level 5:colcon.colcon_core.verb:set package 'mypkg' build argument 'cmake_target_skip_unavailable' from command line to 'False'
[2.465s] Level 5:colcon.colcon_core.verb:set package 'mypkg' build argument 'cmake_clean_cache' from command line to 'False'
[2.465s] Level 5:colcon.colcon_core.verb:set package 'mypkg' build argument 'cmake_clean_first' from command line to 'False'
[2.465s] Level 5:colcon.colcon_core.verb:set package 'mypkg' build argument 'cmake_force_configure' from command line to 'False'
[2.465s] Level 5:colcon.colcon_core.verb:set package 'mypkg' build argument 'ament_cmake_args' from command line to 'None'
[2.465s] Level 5:colcon.colcon_core.verb:set package 'mypkg' build argument 'catkin_cmake_args' from command line to 'None'
[2.465s] Level 5:colcon.colcon_core.verb:set package 'mypkg' build argument 'catkin_skip_building_tests' from command line to 'False'
[2.465s] DEBUG:colcon.colcon_core.verb:Building package 'mypkg' with the following arguments: {'ament_cmake_args': None, 'build_base': '/home/nishi/ros2_ws/build/mypkg', 'catkin_cmake_args': None, 'catkin_skip_building_tests': False, 'cmake_args': None, 'cmake_clean_cache': False, 'cmake_clean_first': False, 'cmake_force_configure': False, 'cmake_target': None, 'cmake_target_skip_unavailable': False, 'install_base': '/home/nishi/ros2_ws/install/mypkg', 'merge_install': False, 'path': '/home/nishi/ros2_ws/src/mypkg', 'symlink_install': False, 'test_result_base': None}
[2.491s] Level 5:colcon.colcon_core.verb:set package 'person_msgs' build argument 'cmake_args' from command line to 'None'
[2.492s] Level 5:colcon.colcon_core.verb:set package 'person_msgs' build argument 'cmake_target' from command line to 'None'
[2.492s] Level 5:colcon.colcon_core.verb:set package 'person_msgs' build argument 'cmake_target_skip_unavailable' from command line to 'False'
[2.492s] Level 5:colcon.colcon_core.verb:set package 'person_msgs' build argument 'cmake_clean_cache' from command line to 'False'
[2.492s] Level 5:colcon.colcon_core.verb:set package 'person_msgs' build argument 'cmake_clean_first' from command line to 'False'
[2.492s] Level 5:colcon.colcon_core.verb:set package 'person_msgs' build argument 'cmake_force_configure' from command line to 'False'
[2.492s] Level 5:colcon.colcon_core.verb:set package 'person_msgs' build argument 'ament_cmake_args' from command line to 'None'
[2.492s] Level 5:colcon.colcon_core.verb:set package 'person_msgs' build argument 'catkin_cmake_args' from command line to 'None'
[2.492s] Level 5:colcon.colcon_core.verb:set package 'person_msgs' build argument 'catkin_skip_building_tests' from command line to 'False'
[2.492s] DEBUG:colcon.colcon_core.verb:Building package 'person_msgs' with the following arguments: {'ament_cmake_args': None, 'build_base': '/home/nishi/ros2_ws/build/person_msgs', 'catkin_cmake_args': None, 'catkin_skip_building_tests': False, 'cmake_args': None, 'cmake_clean_cache': False, 'cmake_clean_first': False, 'cmake_force_configure': False, 'cmake_target': None, 'cmake_target_skip_unavailable': False, 'install_base': '/home/nishi/ros2_ws/install/person_msgs', 'merge_install': False, 'path': '/home/nishi/ros2_ws/src/person_msgs', 'symlink_install': False, 'test_result_base': None}
[2.521s] INFO:colcon.colcon_core.executor:Executing jobs using 'parallel' executor
[2.549s] DEBUG:colcon.colcon_parallel_executor.executor.parallel:run_until_complete
[2.549s] INFO:colcon.colcon_ros.task.ament_python.build:Building ROS package in '/home/nishi/ros2_ws/src/mypkg' with build type 'ament_python'
[2.549s] Level 1:colcon.colcon_core.shell:create_environment_hook('mypkg', 'ament_prefix_path')
[2.582s] INFO:colcon.colcon_core.plugin_system:Skipping extension 'colcon_core.shell.bat': Not used on non-Windows systems
[2.582s] INFO:colcon.colcon_core.shell:Creating environment hook '/home/nishi/ros2_ws/install/mypkg/share/mypkg/hook/ament_prefix_path.ps1'
[2.583s] INFO:colcon.colcon_core.shell:Creating environment descriptor '/home/nishi/ros2_ws/install/mypkg/share/mypkg/hook/ament_prefix_path.dsv'
[2.584s] INFO:colcon.colcon_core.shell:Creating environment hook '/home/nishi/ros2_ws/install/mypkg/share/mypkg/hook/ament_prefix_path.sh'
[2.619s] INFO:colcon.colcon_core.shell:Skip shell extension 'powershell' for command environment: Not usable outside of PowerShell
[2.620s] DEBUG:colcon.colcon_core.shell:Skip shell extension 'dsv' for command environment
[2.715s] INFO:colcon.colcon_ros.task.ament_cmake.build:Building ROS package in '/home/nishi/ros2_ws/src/person_msgs' with build type 'ament_cmake'
[2.716s] INFO:colcon.colcon_cmake.task.cmake.build:Building CMake package in '/home/nishi/ros2_ws/src/person_msgs'
[2.747s] INFO:colcon.colcon_core.shell:Skip shell extension 'powershell' for command environment: Not usable outside of PowerShell
[2.747s] DEBUG:colcon.colcon_core.shell:Skip shell extension 'dsv' for command environment
[3.041s] INFO:colcon.colcon_core.task.python.build:Building Python package in '/home/nishi/ros2_ws/src/mypkg'
[3.084s] INFO:colcon.colcon_core.shell:Skip shell extension 'powershell' for command environment: Not usable outside of PowerShell
[3.084s] DEBUG:colcon.colcon_core.shell:Skip shell extension 'dsv' for command environment
[3.189s] DEBUG:colcon.colcon_core.event_handler.log_command:Invoking command in '/home/nishi/ros2_ws/build/person_msgs': CMAKE_PREFIX_PATH=${CMAKE_PREFIX_PATH}:/home/nishi/ros2_ws/install/mypkg:/opt/ros/foxy /usr/bin/cmake --build /home/nishi/ros2_ws/build/person_msgs -- -j8 -l8
[3.563s] DEBUG:colcon.colcon_core.event_handler.log_command:Invoking command in '/home/nishi/ros2_ws/src/mypkg': PYTHONPATH=/home/nishi/ros2_ws/build/mypkg/prefix_override:/home/nishi/ros2_ws/install/mypkg/lib/python3.8/site-packages:${PYTHONPATH} /usr/bin/python3 setup.py egg_info --egg-base ../../build/mypkg build --build-base /home/nishi/ros2_ws/build/mypkg/build install --record /home/nishi/ros2_ws/build/mypkg/install.log --install-scripts $base/lib/mypkg --single-version-externally-managed
[3.829s] DEBUG:colcon.colcon_core.event_handler.log_command:Invoked command in '/home/nishi/ros2_ws/src/mypkg' returned '0': PYTHONPATH=/home/nishi/ros2_ws/build/mypkg/prefix_override:/home/nishi/ros2_ws/install/mypkg/lib/python3.8/site-packages:${PYTHONPATH} /usr/bin/python3 setup.py egg_info --egg-base ../../build/mypkg build --build-base /home/nishi/ros2_ws/build/mypkg/build install --record /home/nishi/ros2_ws/build/mypkg/install.log --install-scripts $base/lib/mypkg --single-version-externally-managed
[3.862s] Level 1:colcon.colcon_core.environment:checking '/home/nishi/ros2_ws/install/mypkg' for CMake module files
[3.863s] Level 1:colcon.colcon_core.environment:checking '/home/nishi/ros2_ws/install/mypkg' for CMake config files
[3.864s] Level 1:colcon.colcon_core.environment:checking '/home/nishi/ros2_ws/install/mypkg/lib'
[3.864s] Level 1:colcon.colcon_core.environment:checking '/home/nishi/ros2_ws/install/mypkg/bin'
[3.864s] Level 1:colcon.colcon_core.environment:checking '/home/nishi/ros2_ws/install/mypkg/lib/pkgconfig/mypkg.pc'
[3.864s] Level 1:colcon.colcon_core.environment:checking '/home/nishi/ros2_ws/install/mypkg/lib/python3.8/site-packages'
[3.864s] Level 1:colcon.colcon_core.shell:create_environment_hook('mypkg', 'pythonpath')
[3.892s] INFO:colcon.colcon_core.shell:Creating environment hook '/home/nishi/ros2_ws/install/mypkg/share/mypkg/hook/pythonpath.ps1'
[3.893s] INFO:colcon.colcon_core.shell:Creating environment descriptor '/home/nishi/ros2_ws/install/mypkg/share/mypkg/hook/pythonpath.dsv'
[3.894s] INFO:colcon.colcon_core.shell:Creating environment hook '/home/nishi/ros2_ws/install/mypkg/share/mypkg/hook/pythonpath.sh'
[3.895s] Level 1:colcon.colcon_core.environment:checking '/home/nishi/ros2_ws/install/mypkg/bin'
[3.895s] Level 1:colcon.colcon_core.environment:create_environment_scripts_only(mypkg)
[3.929s] INFO:colcon.colcon_core.shell:Creating package script '/home/nishi/ros2_ws/install/mypkg/share/mypkg/package.ps1'
[3.930s] INFO:colcon.colcon_core.shell:Creating package descriptor '/home/nishi/ros2_ws/install/mypkg/share/mypkg/package.dsv'
[3.931s] INFO:colcon.colcon_core.shell:Creating package script '/home/nishi/ros2_ws/install/mypkg/share/mypkg/package.sh'
[3.931s] INFO:colcon.colcon_core.shell:Creating package script '/home/nishi/ros2_ws/install/mypkg/share/mypkg/package.bash'
[3.932s] INFO:colcon.colcon_core.shell:Creating package script '/home/nishi/ros2_ws/install/mypkg/share/mypkg/package.zsh'
[3.933s] Level 1:colcon.colcon_core.environment:create_file_with_runtime_dependencies(/home/nishi/ros2_ws/install/mypkg/share/colcon-core/packages/mypkg)
[22.062s] DEBUG:colcon.colcon_core.event_handler.log_command:Invoked command in '/home/nishi/ros2_ws/build/person_msgs' returned '0': CMAKE_PREFIX_PATH=${CMAKE_PREFIX_PATH}:/home/nishi/ros2_ws/install/mypkg:/opt/ros/foxy /usr/bin/cmake --build /home/nishi/ros2_ws/build/person_msgs -- -j8 -l8
[22.155s] DEBUG:colcon.colcon_core.event_handler.log_command:Invoking command in '/home/nishi/ros2_ws/build/person_msgs': CMAKE_PREFIX_PATH=${CMAKE_PREFIX_PATH}:/home/nishi/ros2_ws/install/mypkg:/opt/ros/foxy /usr/bin/cmake --install /home/nishi/ros2_ws/build/person_msgs
[22.264s] Level 1:colcon.colcon_core.environment:create_environment_scripts_only(person_msgs)
[22.265s] DEBUG:colcon.colcon_core.event_handler.log_command:Invoked command in '/home/nishi/ros2_ws/build/person_msgs' returned '0': CMAKE_PREFIX_PATH=${CMAKE_PREFIX_PATH}:/home/nishi/ros2_ws/install/mypkg:/opt/ros/foxy /usr/bin/cmake --install /home/nishi/ros2_ws/build/person_msgs
[22.307s] Level 1:colcon.colcon_core.environment:checking '/home/nishi/ros2_ws/install/person_msgs' for CMake module files
[22.308s] Level 1:colcon.colcon_core.environment:checking '/home/nishi/ros2_ws/install/person_msgs' for CMake config files
[22.309s] Level 1:colcon.colcon_core.shell:create_environment_hook('person_msgs', 'cmake_prefix_path')
[22.338s] INFO:colcon.colcon_core.shell:Creating environment hook '/home/nishi/ros2_ws/install/person_msgs/share/person_msgs/hook/cmake_prefix_path.ps1'
[22.339s] INFO:colcon.colcon_core.shell:Creating environment descriptor '/home/nishi/ros2_ws/install/person_msgs/share/person_msgs/hook/cmake_prefix_path.dsv'
[22.339s] INFO:colcon.colcon_core.shell:Creating environment hook '/home/nishi/ros2_ws/install/person_msgs/share/person_msgs/hook/cmake_prefix_path.sh'
[22.340s] Level 1:colcon.colcon_core.environment:checking '/home/nishi/ros2_ws/install/person_msgs/lib'
[22.340s] Level 1:colcon.colcon_core.shell:create_environment_hook('person_msgs', 'ld_library_path_lib')
[22.367s] INFO:colcon.colcon_core.shell:Creating environment hook '/home/nishi/ros2_ws/install/person_msgs/share/person_msgs/hook/ld_library_path_lib.ps1'
[22.368s] INFO:colcon.colcon_core.shell:Creating environment descriptor '/home/nishi/ros2_ws/install/person_msgs/share/person_msgs/hook/ld_library_path_lib.dsv'
[22.368s] INFO:colcon.colcon_core.shell:Creating environment hook '/home/nishi/ros2_ws/install/person_msgs/share/person_msgs/hook/ld_library_path_lib.sh'
[22.369s] Level 1:colcon.colcon_core.environment:checking '/home/nishi/ros2_ws/install/person_msgs/bin'
[22.369s] Level 1:colcon.colcon_core.environment:checking '/home/nishi/ros2_ws/install/person_msgs/lib/pkgconfig/person_msgs.pc'
[22.370s] Level 1:colcon.colcon_core.environment:checking '/home/nishi/ros2_ws/install/person_msgs/lib/python3.8/site-packages'
[22.370s] Level 1:colcon.colcon_core.shell:create_environment_hook('person_msgs', 'pythonpath')
[22.397s] INFO:colcon.colcon_core.shell:Creating environment hook '/home/nishi/ros2_ws/install/person_msgs/share/person_msgs/hook/pythonpath.ps1'
[22.397s] INFO:colcon.colcon_core.shell:Creating environment descriptor '/home/nishi/ros2_ws/install/person_msgs/share/person_msgs/hook/pythonpath.dsv'
[22.398s] INFO:colcon.colcon_core.shell:Creating environment hook '/home/nishi/ros2_ws/install/person_msgs/share/person_msgs/hook/pythonpath.sh'
[22.398s] Level 1:colcon.colcon_core.environment:checking '/home/nishi/ros2_ws/install/person_msgs/bin'
[22.434s] INFO:colcon.colcon_core.shell:Creating package script '/home/nishi/ros2_ws/install/person_msgs/share/person_msgs/package.ps1'
[22.435s] INFO:colcon.colcon_core.shell:Creating package descriptor '/home/nishi/ros2_ws/install/person_msgs/share/person_msgs/package.dsv'
[22.436s] INFO:colcon.colcon_core.shell:Creating package script '/home/nishi/ros2_ws/install/person_msgs/share/person_msgs/package.sh'
[22.436s] INFO:colcon.colcon_core.shell:Creating package script '/home/nishi/ros2_ws/install/person_msgs/share/person_msgs/package.bash'
[22.436s] INFO:colcon.colcon_core.shell:Creating package script '/home/nishi/ros2_ws/install/person_msgs/share/person_msgs/package.zsh'
[22.437s] Level 1:colcon.colcon_core.environment:create_file_with_runtime_dependencies(/home/nishi/ros2_ws/install/person_msgs/share/colcon-core/packages/person_msgs)
[22.584s] Level 1:colcon.colcon_core.environment:create_environment_scripts_only(person_msgs)
[22.621s] Level 1:colcon.colcon_core.environment:checking '/home/nishi/ros2_ws/install/person_msgs' for CMake module files
[22.622s] Level 1:colcon.colcon_core.environment:checking '/home/nishi/ros2_ws/install/person_msgs' for CMake config files
[22.623s] Level 1:colcon.colcon_core.shell:create_environment_hook('person_msgs', 'cmake_prefix_path')
[22.667s] INFO:colcon.colcon_core.shell:Creating environment hook '/home/nishi/ros2_ws/install/person_msgs/share/person_msgs/hook/cmake_prefix_path.ps1'
[22.668s] INFO:colcon.colcon_core.shell:Creating environment descriptor '/home/nishi/ros2_ws/install/person_msgs/share/person_msgs/hook/cmake_prefix_path.dsv'
[22.668s] INFO:colcon.colcon_core.shell:Creating environment hook '/home/nishi/ros2_ws/install/person_msgs/share/person_msgs/hook/cmake_prefix_path.sh'
[22.669s] Level 1:colcon.colcon_core.environment:checking '/home/nishi/ros2_ws/install/person_msgs/lib'
[22.669s] Level 1:colcon.colcon_core.shell:create_environment_hook('person_msgs', 'ld_library_path_lib')
[22.704s] INFO:colcon.colcon_core.shell:Creating environment hook '/home/nishi/ros2_ws/install/person_msgs/share/person_msgs/hook/ld_library_path_lib.ps1'
[22.705s] INFO:colcon.colcon_core.shell:Creating environment descriptor '/home/nishi/ros2_ws/install/person_msgs/share/person_msgs/hook/ld_library_path_lib.dsv'
[22.706s] INFO:colcon.colcon_core.shell:Creating environment hook '/home/nishi/ros2_ws/install/person_msgs/share/person_msgs/hook/ld_library_path_lib.sh'
[22.706s] Level 1:colcon.colcon_core.environment:checking '/home/nishi/ros2_ws/install/person_msgs/bin'
[22.706s] Level 1:colcon.colcon_core.environment:checking '/home/nishi/ros2_ws/install/person_msgs/lib/pkgconfig/person_msgs.pc'
[22.707s] Level 1:colcon.colcon_core.environment:checking '/home/nishi/ros2_ws/install/person_msgs/lib/python3.8/site-packages'
[22.707s] Level 1:colcon.colcon_core.shell:create_environment_hook('person_msgs', 'pythonpath')
[22.733s] INFO:colcon.colcon_core.shell:Creating environment hook '/home/nishi/ros2_ws/install/person_msgs/share/person_msgs/hook/pythonpath.ps1'
[22.733s] INFO:colcon.colcon_core.shell:Creating environment descriptor '/home/nishi/ros2_ws/install/person_msgs/share/person_msgs/hook/pythonpath.dsv'
[22.734s] INFO:colcon.colcon_core.shell:Creating environment hook '/home/nishi/ros2_ws/install/person_msgs/share/person_msgs/hook/pythonpath.sh'
[22.734s] Level 1:colcon.colcon_core.environment:checking '/home/nishi/ros2_ws/install/person_msgs/bin'
[22.761s] INFO:colcon.colcon_core.shell:Creating package script '/home/nishi/ros2_ws/install/person_msgs/share/person_msgs/package.ps1'
[22.762s] INFO:colcon.colcon_core.shell:Creating package descriptor '/home/nishi/ros2_ws/install/person_msgs/share/person_msgs/package.dsv'
[22.763s] INFO:colcon.colcon_core.shell:Creating package script '/home/nishi/ros2_ws/install/person_msgs/share/person_msgs/package.sh'
[22.763s] INFO:colcon.colcon_core.shell:Creating package script '/home/nishi/ros2_ws/install/person_msgs/share/person_msgs/package.bash'
[22.763s] INFO:colcon.colcon_core.shell:Creating package script '/home/nishi/ros2_ws/install/person_msgs/share/person_msgs/package.zsh'
[22.764s] Level 1:colcon.colcon_core.environment:create_file_with_runtime_dependencies(/home/nishi/ros2_ws/install/person_msgs/share/colcon-core/packages/person_msgs)
[22.764s] DEBUG:colcon.colcon_parallel_executor.executor.parallel:closing loop
[22.765s] DEBUG:colcon.colcon_parallel_executor.executor.parallel:loop closed
[22.765s] DEBUG:colcon.colcon_parallel_executor.executor.parallel:run_until_complete finished with '0'
[22.766s] DEBUG:colcon.colcon_core.event_reactor:joining thread
[22.869s] INFO:colcon.colcon_core.plugin_system:Skipping extension 'colcon_notification.desktop_notification.notify_send': Could not find 'notify-send'
[22.869s] INFO:colcon.colcon_core.plugin_system:Skipping extension 'colcon_notification.desktop_notification.terminal_notifier': Not used on non-Darwin systems
[22.869s] INFO:colcon.colcon_core.plugin_system:Skipping extension 'colcon_notification.desktop_notification.win32': Not used on non-Windows systems
[22.869s] INFO:colcon.colcon_notification.desktop_notification:Sending desktop notification using 'notify2'
[22.880s] DEBUG:colcon.colcon_notification.desktop_notification.notify2:Failed to initialize notify2: org.freedesktop.DBus.Error.ServiceUnknown: The name org.freedesktop.Notifications was not provided by any .service files
[22.881s] DEBUG:colcon.colcon_core.event_reactor:joined thread
[22.917s] INFO:colcon.colcon_core.shell:Creating prefix script '/home/nishi/ros2_ws/install/local_setup.ps1'
[22.918s] INFO:colcon.colcon_core.shell:Creating prefix util module '/home/nishi/ros2_ws/install/_local_setup_util_ps1.py'
[22.919s] INFO:colcon.colcon_core.shell:Creating prefix chain script '/home/nishi/ros2_ws/install/setup.ps1'
[22.949s] INFO:colcon.colcon_core.shell:Creating prefix script '/home/nishi/ros2_ws/install/local_setup.sh'
[22.950s] INFO:colcon.colcon_core.shell:Creating prefix util module '/home/nishi/ros2_ws/install/_local_setup_util_sh.py'
[22.950s] INFO:colcon.colcon_core.shell:Creating prefix chain script '/home/nishi/ros2_ws/install/setup.sh'
[22.978s] INFO:colcon.colcon_core.shell:Creating prefix script '/home/nishi/ros2_ws/install/local_setup.bash'
[22.978s] INFO:colcon.colcon_core.shell:Creating prefix chain script '/home/nishi/ros2_ws/install/setup.bash'
[23.005s] INFO:colcon.colcon_core.shell:Creating prefix script '/home/nishi/ros2_ws/install/local_setup.zsh'
[23.006s] INFO:colcon.colcon_core.shell:Creating prefix chain script '/home/nishi/ros2_ws/install/setup.zsh'
