[1.199s] Invoking command in '/home/nishi/ros2_ws/src/mypkg': PYTHONPATH=/home/nishi/ros2_ws/build/mypkg/prefix_override:/home/nishi/ros2_ws/install/mypkg/lib/python3.8/site-packages:${PYTHONPATH} /usr/bin/python3 setup.py egg_info --egg-base ../../build/mypkg build --build-base /home/nishi/ros2_ws/build/mypkg/build install --record /home/nishi/ros2_ws/build/mypkg/install.log --install-scripts $base/lib/mypkg --single-version-externally-managed
[1.402s] running egg_info
[1.403s] writing ../../build/mypkg/mypkg.egg-info/PKG-INFO
[1.404s] writing dependency_links to ../../build/mypkg/mypkg.egg-info/dependency_links.txt
[1.404s] writing entry points to ../../build/mypkg/mypkg.egg-info/entry_points.txt
[1.404s] writing requirements to ../../build/mypkg/mypkg.egg-info/requires.txt
[1.404s] writing top-level names to ../../build/mypkg/mypkg.egg-info/top_level.txt
[1.440s] reading manifest file '../../build/mypkg/mypkg.egg-info/SOURCES.txt'
[1.440s] writing manifest file '../../build/mypkg/mypkg.egg-info/SOURCES.txt'
[1.441s] running build
[1.441s] running build_py
[1.441s] copying mypkg/talker.py -> /home/nishi/ros2_ws/build/mypkg/build/lib/mypkg
[1.442s] copying mypkg/listener.py -> /home/nishi/ros2_ws/build/mypkg/build/lib/mypkg
[1.442s] running install
[1.444s] running install_lib
[1.444s] copying /home/nishi/ros2_ws/build/mypkg/build/lib/mypkg/talker.py -> /home/nishi/ros2_ws/install/mypkg/lib/python3.8/site-packages/mypkg
[1.445s] copying /home/nishi/ros2_ws/build/mypkg/build/lib/mypkg/listener.py -> /home/nishi/ros2_ws/install/mypkg/lib/python3.8/site-packages/mypkg
[1.445s] byte-compiling /home/nishi/ros2_ws/install/mypkg/lib/python3.8/site-packages/mypkg/talker.py to talker.cpython-38.pyc
[1.447s] byte-compiling /home/nishi/ros2_ws/install/mypkg/lib/python3.8/site-packages/mypkg/listener.py to listener.cpython-38.pyc
[1.448s] running install_data
[1.448s] running install_egg_info
[1.450s] removing '/home/nishi/ros2_ws/install/mypkg/lib/python3.8/site-packages/mypkg-0.0.0-py3.8.egg-info' (and everything under it)
[1.451s] Copying ../../build/mypkg/mypkg.egg-info to /home/nishi/ros2_ws/install/mypkg/lib/python3.8/site-packages/mypkg-0.0.0-py3.8.egg-info
[1.452s] running install_scripts
[1.474s] Installing listener script to /home/nishi/ros2_ws/install/mypkg/lib/mypkg
[1.475s] Installing talker script to /home/nishi/ros2_ws/install/mypkg/lib/mypkg
[1.475s] writing list of installed files to '/home/nishi/ros2_ws/build/mypkg/install.log'
[1.497s] Invoked command in '/home/nishi/ros2_ws/src/mypkg' returned '0': PYTHONPATH=/home/nishi/ros2_ws/build/mypkg/prefix_override:/home/nishi/ros2_ws/install/mypkg/lib/python3.8/site-packages:${PYTHONPATH} /usr/bin/python3 setup.py egg_info --egg-base ../../build/mypkg build --build-base /home/nishi/ros2_ws/build/mypkg/build install --record /home/nishi/ros2_ws/build/mypkg/install.log --install-scripts $base/lib/mypkg --single-version-externally-managed
