[0.450s] Invoking command in '/home/nishi/ros2_ws/build/person_msgs': CMAKE_PREFIX_PATH=/home/nishi/ros2_ws/install/mypkg:/opt/ros/foxy /usr/bin/cmake /home/nishi/ros2_ws/src/person_msgs -DCMAKE_INSTALL_PREFIX=/home/nishi/ros2_ws/install/person_msgs
[1.059s] -- The C compiler identification is GNU 9.4.0
[1.564s] -- The CXX compiler identification is GNU 9.4.0
[1.697s] -- Check for working C compiler: /usr/bin/cc
[1.947s] -- Check for working C compiler: /usr/bin/cc -- works
[1.993s] -- Detecting C compiler ABI info
[2.231s] -- Detecting C compiler ABI info - done
[2.300s] -- Detecting C compile features
[2.301s] -- Detecting C compile features - done
[2.310s] -- Check for working CXX compiler: /usr/bin/c++
[2.636s] -- Check for working CXX compiler: /usr/bin/c++ -- works
[2.638s] -- Detecting CXX compiler ABI info
[2.934s] -- Detecting CXX compiler ABI info - done
[2.947s] -- Detecting CXX compile features
[2.947s] -- Detecting CXX compile features - done
[3.002s] -- Found ament_cmake: 0.9.12 (/opt/ros/foxy/share/ament_cmake/cmake)
[3.058s] -- Found PythonInterp: /usr/bin/python3 (found suitable version "3.8.10", minimum required is "3") 
[3.058s] -- Using PYTHON_EXECUTABLE: /usr/bin/python3
[3.411s] -- Found rosidl_default_generators: 1.0.1 (/opt/ros/foxy/share/rosidl_default_generators/cmake)
[3.427s] -- Using all available rosidl_typesupport_c: rosidl_typesupport_fastrtps_c;rosidl_typesupport_introspection_c
[3.452s] -- Found rosidl_adapter: 1.3.1 (/opt/ros/foxy/share/rosidl_adapter/cmake)
[6.214s] -- Found OpenSSL: /usr/lib/x86_64-linux-gnu/libcrypto.so (found version "1.1.1f")  
[8.657s] -- Found FastRTPS: /opt/ros/foxy/include  
[12.319s] -- Using all available rosidl_typesupport_cpp: rosidl_typesupport_fastrtps_cpp;rosidl_typesupport_introspection_cpp
[12.419s] CMake Error at /opt/ros/foxy/share/rosidl_cmake/cmake/rosidl_generate_interfaces.cmake:93 (message):
[12.419s]   rosidl_generate_interfaces() the passed file 'msg/Person.msg' doesn't exist
[12.419s]   relative to the CMAKE_CURRENT_SOURCE_DIR
[12.419s]   '/home/nishi/ros2_ws/src/person_msgs'
[12.419s] Call Stack (most recent call first):
[12.419s]   CMakeLists.txt:24 (rosidl_generate_interfaces)
[12.419s] 
[12.420s] 
[12.420s] -- Configuring incomplete, errors occurred!
[12.420s] See also "/home/nishi/ros2_ws/build/person_msgs/CMakeFiles/CMakeOutput.log".
[12.433s] Invoked command in '/home/nishi/ros2_ws/build/person_msgs' returned '1': CMAKE_PREFIX_PATH=/home/nishi/ros2_ws/install/mypkg:/opt/ros/foxy /usr/bin/cmake /home/nishi/ros2_ws/src/person_msgs -DCMAKE_INSTALL_PREFIX=/home/nishi/ros2_ws/install/person_msgs
