[1.087s] Invoking command in '/home/nishi/ros2_ws/src/mypkg': PYTHONPATH=/home/nishi/ros2_ws/build/mypkg/prefix_override:/home/nishi/ros2_ws/install/mypkg/lib/python3.8/site-packages:${PYTHONPATH} /usr/bin/python3 setup.py egg_info --egg-base ../../build/mypkg build --build-base /home/nishi/ros2_ws/build/mypkg/build install --record /home/nishi/ros2_ws/build/mypkg/install.log --install-scripts $base/lib/mypkg --single-version-externally-managed
[1.263s] running egg_info
[1.263s] creating ../../build/mypkg/mypkg.egg-info
[1.263s] writing ../../build/mypkg/mypkg.egg-info/PKG-INFO
[1.264s] writing dependency_links to ../../build/mypkg/mypkg.egg-info/dependency_links.txt
[1.264s] writing entry points to ../../build/mypkg/mypkg.egg-info/entry_points.txt
[1.264s] writing requirements to ../../build/mypkg/mypkg.egg-info/requires.txt
[1.264s] writing top-level names to ../../build/mypkg/mypkg.egg-info/top_level.txt
[1.313s] writing manifest file '../../build/mypkg/mypkg.egg-info/SOURCES.txt'
[1.356s] reading manifest file '../../build/mypkg/mypkg.egg-info/SOURCES.txt'
[1.356s] writing manifest file '../../build/mypkg/mypkg.egg-info/SOURCES.txt'
[1.357s] running build
[1.357s] running build_py
[1.357s] creating /home/nishi/ros2_ws/build/mypkg/build
[1.357s] creating /home/nishi/ros2_ws/build/mypkg/build/lib
[1.357s] creating /home/nishi/ros2_ws/build/mypkg/build/lib/mypkg
[1.357s] copying mypkg/__init__.py -> /home/nishi/ros2_ws/build/mypkg/build/lib/mypkg
[1.357s] running install
[1.358s] running install_lib
[1.359s] creating /home/nishi/ros2_ws/install/mypkg/lib/python3.8/site-packages/mypkg
[1.359s] copying /home/nishi/ros2_ws/build/mypkg/build/lib/mypkg/__init__.py -> /home/nishi/ros2_ws/install/mypkg/lib/python3.8/site-packages/mypkg
[1.359s] byte-compiling /home/nishi/ros2_ws/install/mypkg/lib/python3.8/site-packages/mypkg/__init__.py to __init__.cpython-38.pyc
[1.360s] running install_data
[1.361s] creating /home/nishi/ros2_ws/install/mypkg/share/ament_index
[1.361s] creating /home/nishi/ros2_ws/install/mypkg/share/ament_index/resource_index
[1.362s] creating /home/nishi/ros2_ws/install/mypkg/share/ament_index/resource_index/packages
[1.363s] copying resource/mypkg -> /home/nishi/ros2_ws/install/mypkg/share/ament_index/resource_index/packages
[1.363s] copying package.xml -> /home/nishi/ros2_ws/install/mypkg/share/mypkg
[1.363s] running install_egg_info
[1.364s] Copying ../../build/mypkg/mypkg.egg-info to /home/nishi/ros2_ws/install/mypkg/lib/python3.8/site-packages/mypkg-0.0.0-py3.8.egg-info
[1.365s] running install_scripts
[1.379s] writing list of installed files to '/home/nishi/ros2_ws/build/mypkg/install.log'
[1.404s] Invoked command in '/home/nishi/ros2_ws/src/mypkg' returned '0': PYTHONPATH=/home/nishi/ros2_ws/build/mypkg/prefix_override:/home/nishi/ros2_ws/install/mypkg/lib/python3.8/site-packages:${PYTHONPATH} /usr/bin/python3 setup.py egg_info --egg-base ../../build/mypkg build --build-base /home/nishi/ros2_ws/build/mypkg/build install --record /home/nishi/ros2_ws/build/mypkg/install.log --install-scripts $base/lib/mypkg --single-version-externally-managed
