[2.036s] Invoking command in '/home/nishi/ros2_ws/src/mypkg': PYTHONPATH=/home/nishi/ros2_ws/build/mypkg/prefix_override:/home/nishi/ros2_ws/install/mypkg/lib/python3.8/site-packages:${PYTHONPATH} /usr/bin/python3 setup.py egg_info --egg-base ../../build/mypkg build --build-base /home/nishi/ros2_ws/build/mypkg/build install --record /home/nishi/ros2_ws/build/mypkg/install.log --install-scripts $base/lib/mypkg --single-version-externally-managed
[2.266s] running egg_info
[2.266s] writing ../../build/mypkg/mypkg.egg-info/PKG-INFO
[2.266s] writing dependency_links to ../../build/mypkg/mypkg.egg-info/dependency_links.txt
[2.266s] writing entry points to ../../build/mypkg/mypkg.egg-info/entry_points.txt
[2.266s] writing requirements to ../../build/mypkg/mypkg.egg-info/requires.txt
[2.266s] writing top-level names to ../../build/mypkg/mypkg.egg-info/top_level.txt
[2.300s] reading manifest file '../../build/mypkg/mypkg.egg-info/SOURCES.txt'
[2.302s] writing manifest file '../../build/mypkg/mypkg.egg-info/SOURCES.txt'
[2.302s] running build
[2.302s] running build_py
[2.302s] copying mypkg/listener.py -> /home/nishi/ros2_ws/build/mypkg/build/lib/mypkg
[2.303s] running install
[2.303s] running install_lib
[2.305s] copying /home/nishi/ros2_ws/build/mypkg/build/lib/mypkg/listener.py -> /home/nishi/ros2_ws/install/mypkg/lib/python3.8/site-packages/mypkg
[2.305s] byte-compiling /home/nishi/ros2_ws/install/mypkg/lib/python3.8/site-packages/mypkg/listener.py to listener.cpython-38.pyc
[2.308s] running install_data
[2.308s] running install_egg_info
[2.310s] removing '/home/nishi/ros2_ws/install/mypkg/lib/python3.8/site-packages/mypkg-0.0.0-py3.8.egg-info' (and everything under it)
[2.310s] Copying ../../build/mypkg/mypkg.egg-info to /home/nishi/ros2_ws/install/mypkg/lib/python3.8/site-packages/mypkg-0.0.0-py3.8.egg-info
[2.311s] running install_scripts
[2.339s] Installing listener script to /home/nishi/ros2_ws/install/mypkg/lib/mypkg
[2.339s] Installing talker script to /home/nishi/ros2_ws/install/mypkg/lib/mypkg
[2.340s] writing list of installed files to '/home/nishi/ros2_ws/build/mypkg/install.log'
[2.351s] Invoked command in '/home/nishi/ros2_ws/src/mypkg' returned '0': PYTHONPATH=/home/nishi/ros2_ws/build/mypkg/prefix_override:/home/nishi/ros2_ws/install/mypkg/lib/python3.8/site-packages:${PYTHONPATH} /usr/bin/python3 setup.py egg_info --egg-base ../../build/mypkg build --build-base /home/nishi/ros2_ws/build/mypkg/build install --record /home/nishi/ros2_ws/build/mypkg/install.log --install-scripts $base/lib/mypkg --single-version-externally-managed
