[1.077s] Invoking command in '/home/nishi/ros2_ws/src/mypkg': PYTHONPATH=/home/nishi/ros2_ws/build/mypkg/prefix_override:/home/nishi/ros2_ws/install/mypkg/lib/python3.8/site-packages:${PYTHONPATH} /usr/bin/python3 setup.py egg_info --egg-base ../../build/mypkg build --build-base /home/nishi/ros2_ws/build/mypkg/build install --record /home/nishi/ros2_ws/build/mypkg/install.log --install-scripts $base/lib/mypkg --single-version-externally-managed
[1.282s] running egg_info
[1.282s] writing ../../build/mypkg/mypkg.egg-info/PKG-INFO
[1.283s] writing dependency_links to ../../build/mypkg/mypkg.egg-info/dependency_links.txt
[1.283s] writing entry points to ../../build/mypkg/mypkg.egg-info/entry_points.txt
[1.283s] writing requirements to ../../build/mypkg/mypkg.egg-info/requires.txt
[1.283s] writing top-level names to ../../build/mypkg/mypkg.egg-info/top_level.txt
[1.319s] reading manifest file '../../build/mypkg/mypkg.egg-info/SOURCES.txt'
[1.320s] writing manifest file '../../build/mypkg/mypkg.egg-info/SOURCES.txt'
[1.320s] running build
[1.321s] running build_py
[1.321s] copying mypkg/talker.py -> /home/nishi/ros2_ws/build/mypkg/build/lib/mypkg
[1.321s] running install
[1.322s] running install_lib
[1.323s] copying /home/nishi/ros2_ws/build/mypkg/build/lib/mypkg/talker.py -> /home/nishi/ros2_ws/install/mypkg/lib/python3.8/site-packages/mypkg
[1.323s] byte-compiling /home/nishi/ros2_ws/install/mypkg/lib/python3.8/site-packages/mypkg/talker.py to talker.cpython-38.pyc
[1.326s] running install_data
[1.327s] running install_egg_info
[1.329s] removing '/home/nishi/ros2_ws/install/mypkg/lib/python3.8/site-packages/mypkg-0.0.0-py3.8.egg-info' (and everything under it)
[1.329s] Copying ../../build/mypkg/mypkg.egg-info to /home/nishi/ros2_ws/install/mypkg/lib/python3.8/site-packages/mypkg-0.0.0-py3.8.egg-info
[1.331s] running install_scripts
[1.349s] Installing listener script to /home/nishi/ros2_ws/install/mypkg/lib/mypkg
[1.352s] Installing talker script to /home/nishi/ros2_ws/install/mypkg/lib/mypkg
[1.352s] writing list of installed files to '/home/nishi/ros2_ws/build/mypkg/install.log'
[1.375s] Invoked command in '/home/nishi/ros2_ws/src/mypkg' returned '0': PYTHONPATH=/home/nishi/ros2_ws/build/mypkg/prefix_override:/home/nishi/ros2_ws/install/mypkg/lib/python3.8/site-packages:${PYTHONPATH} /usr/bin/python3 setup.py egg_info --egg-base ../../build/mypkg build --build-base /home/nishi/ros2_ws/build/mypkg/build install --record /home/nishi/ros2_ws/build/mypkg/install.log --install-scripts $base/lib/mypkg --single-version-externally-managed
