[0.985s] Invoking command in '/home/nishi/ros2_ws/src/mypkg': PYTHONPATH=/home/nishi/ros2_ws/build/mypkg/prefix_override:/home/nishi/ros2_ws/install/mypkg/lib/python3.8/site-packages:${PYTHONPATH} /usr/bin/python3 setup.py egg_info --egg-base ../../build/mypkg build --build-base /home/nishi/ros2_ws/build/mypkg/build install --record /home/nishi/ros2_ws/build/mypkg/install.log --install-scripts $base/lib/mypkg --single-version-externally-managed
[1.177s] running egg_info
[1.177s] writing ../../build/mypkg/mypkg.egg-info/PKG-INFO
[1.177s] writing dependency_links to ../../build/mypkg/mypkg.egg-info/dependency_links.txt
[1.178s] writing entry points to ../../build/mypkg/mypkg.egg-info/entry_points.txt
[1.178s] writing requirements to ../../build/mypkg/mypkg.egg-info/requires.txt
[1.178s] writing top-level names to ../../build/mypkg/mypkg.egg-info/top_level.txt
[1.214s] reading manifest file '../../build/mypkg/mypkg.egg-info/SOURCES.txt'
[1.216s] writing manifest file '../../build/mypkg/mypkg.egg-info/SOURCES.txt'
[1.216s] running build
[1.217s] running build_py
[1.217s] copying mypkg/listener.py -> /home/nishi/ros2_ws/build/mypkg/build/lib/mypkg
[1.217s] running install
[1.218s] running install_lib
[1.219s] copying /home/nishi/ros2_ws/build/mypkg/build/lib/mypkg/listener.py -> /home/nishi/ros2_ws/install/mypkg/lib/python3.8/site-packages/mypkg
[1.219s] byte-compiling /home/nishi/ros2_ws/install/mypkg/lib/python3.8/site-packages/mypkg/listener.py to listener.cpython-38.pyc
[1.221s] running install_data
[1.221s] running install_egg_info
[1.223s] removing '/home/nishi/ros2_ws/install/mypkg/lib/python3.8/site-packages/mypkg-0.0.0-py3.8.egg-info' (and everything under it)
[1.223s] Copying ../../build/mypkg/mypkg.egg-info to /home/nishi/ros2_ws/install/mypkg/lib/python3.8/site-packages/mypkg-0.0.0-py3.8.egg-info
[1.224s] running install_scripts
[1.243s] Installing listener script to /home/nishi/ros2_ws/install/mypkg/lib/mypkg
[1.243s] Installing talker script to /home/nishi/ros2_ws/install/mypkg/lib/mypkg
[1.244s] writing list of installed files to '/home/nishi/ros2_ws/build/mypkg/install.log'
[1.409s] Invoked command in '/home/nishi/ros2_ws/src/mypkg' returned '0': PYTHONPATH=/home/nishi/ros2_ws/build/mypkg/prefix_override:/home/nishi/ros2_ws/install/mypkg/lib/python3.8/site-packages:${PYTHONPATH} /usr/bin/python3 setup.py egg_info --egg-base ../../build/mypkg build --build-base /home/nishi/ros2_ws/build/mypkg/build install --record /home/nishi/ros2_ws/build/mypkg/install.log --install-scripts $base/lib/mypkg --single-version-externally-managed
