[0.753s] Invoking command in '/home/nishi/ros2_ws/src/mypkg': PYTHONPATH=/home/nishi/ros2_ws/build/mypkg/prefix_override:/home/nishi/ros2_ws/install/mypkg/lib/python3.8/site-packages:${PYTHONPATH} /usr/bin/python3 setup.py egg_info --egg-base ../../build/mypkg build --build-base /home/nishi/ros2_ws/build/mypkg/build install --record /home/nishi/ros2_ws/build/mypkg/install.log --install-scripts $base/lib/mypkg --single-version-externally-managed
[0.929s] running egg_info
[0.930s] writing ../../build/mypkg/mypkg.egg-info/PKG-INFO
[0.931s] writing dependency_links to ../../build/mypkg/mypkg.egg-info/dependency_links.txt
[0.931s] writing entry points to ../../build/mypkg/mypkg.egg-info/entry_points.txt
[0.931s] writing requirements to ../../build/mypkg/mypkg.egg-info/requires.txt
[0.931s] writing top-level names to ../../build/mypkg/mypkg.egg-info/top_level.txt
[0.964s] reading manifest file '../../build/mypkg/mypkg.egg-info/SOURCES.txt'
[0.965s] writing manifest file '../../build/mypkg/mypkg.egg-info/SOURCES.txt'
[0.965s] running build
[0.966s] running build_py
[0.966s] copying mypkg/talker.py -> /home/nishi/ros2_ws/build/mypkg/build/lib/mypkg
[0.966s] running install
[0.967s] running install_lib
[0.968s] copying /home/nishi/ros2_ws/build/mypkg/build/lib/mypkg/talker.py -> /home/nishi/ros2_ws/install/mypkg/lib/python3.8/site-packages/mypkg
[0.969s] byte-compiling /home/nishi/ros2_ws/install/mypkg/lib/python3.8/site-packages/mypkg/talker.py to talker.cpython-38.pyc
[0.970s] running install_data
[0.970s] copying package.xml -> /home/nishi/ros2_ws/install/mypkg/share/mypkg
[0.971s] running install_egg_info
[0.972s] removing '/home/nishi/ros2_ws/install/mypkg/lib/python3.8/site-packages/mypkg-0.0.0-py3.8.egg-info' (and everything under it)
[0.972s] Copying ../../build/mypkg/mypkg.egg-info to /home/nishi/ros2_ws/install/mypkg/lib/python3.8/site-packages/mypkg-0.0.0-py3.8.egg-info
[0.973s] running install_scripts
[0.991s] Installing talker script to /home/nishi/ros2_ws/install/mypkg/lib/mypkg
[0.991s] writing list of installed files to '/home/nishi/ros2_ws/build/mypkg/install.log'
[1.014s] Invoked command in '/home/nishi/ros2_ws/src/mypkg' returned '0': PYTHONPATH=/home/nishi/ros2_ws/build/mypkg/prefix_override:/home/nishi/ros2_ws/install/mypkg/lib/python3.8/site-packages:${PYTHONPATH} /usr/bin/python3 setup.py egg_info --egg-base ../../build/mypkg build --build-base /home/nishi/ros2_ws/build/mypkg/build install --record /home/nishi/ros2_ws/build/mypkg/install.log --install-scripts $base/lib/mypkg --single-version-externally-managed
