[2.121s] DEBUG:colcon:Command line arguments: ['/usr/bin/colcon', 'build']
[2.122s] DEBUG:colcon:Parsed command line arguments: Namespace(allow_overriding=[], ament_cmake_args=None, base_paths=['.'], build_base='build', catkin_cmake_args=None, catkin_skip_building_tests=False, cmake_args=None, cmake_clean_cache=False, cmake_clean_first=False, cmake_force_configure=False, cmake_target=None, cmake_target_skip_unavailable=False, continue_on_error=False, event_handlers=None, executor='parallel', ignore_user_meta=False, install_base='install', log_base=None, log_level=None, main=<bound method BuildVerb.main of <colcon_core.verb.build.BuildVerb object at 0x7f90308dd550>>, merge_install=False, metas=['./colcon.meta'], packages_above=None, packages_above_and_dependencies=None, packages_above_depth=None, packages_end=None, packages_ignore=None, packages_ignore_regex=None, packages_select=None, packages_select_build_failed=False, packages_select_by_dep=None, packages_select_regex=None, packages_select_test_failures=False, packages_skip=None, packages_skip_build_finished=False, packages_skip_by_dep=None, packages_skip_regex=None, packages_skip_test_passed=False, packages_skip_up_to=None, packages_start=None, packages_up_to=None, packages_up_to_regex=None, parallel_workers=8, paths=None, symlink_install=False, test_result_base=None, verb_extension=<colcon_core.verb.build.BuildVerb object at 0x7f90308dd550>, verb_name='build', verb_parser=<colcon_defaults.argument_parser.defaults.DefaultArgumentsDecorator object at 0x7f90304e5af0>)
[2.195s] Level 1:colcon.colcon_core.package_discovery:discover_packages(colcon_meta) check parameters
[2.195s] Level 1:colcon.colcon_core.package_discovery:discover_packages(recursive) check parameters
[2.195s] Level 1:colcon.colcon_core.package_discovery:discover_packages(ignore) check parameters
[2.195s] Level 1:colcon.colcon_core.package_discovery:discover_packages(path) check parameters
[2.195s] Level 1:colcon.colcon_core.package_discovery:discover_packages(colcon_meta) discover
[2.195s] Level 1:colcon.colcon_core.package_discovery:discover_packages(recursive) discover
[2.195s] INFO:colcon.colcon_core.package_discovery:Crawling recursively for packages in '/home/nishi/ros2_ws'
[2.195s] Level 1:colcon.colcon_core.package_identification:_identify(.) by extensions ['ignore', 'ignore_ament_install']
[2.195s] Level 1:colcon.colcon_core.package_identification:_identify(.) by extension 'ignore'
[2.196s] Level 1:colcon.colcon_core.package_identification:_identify(.) by extension 'ignore_ament_install'
[2.196s] Level 1:colcon.colcon_core.package_identification:_identify(.) by extensions ['colcon_pkg']
[2.196s] Level 1:colcon.colcon_core.package_identification:_identify(.) by extension 'colcon_pkg'
[2.196s] Level 1:colcon.colcon_core.package_identification:_identify(.) by extensions ['colcon_meta']
[2.196s] Level 1:colcon.colcon_core.package_identification:_identify(.) by extension 'colcon_meta'
[2.196s] Level 1:colcon.colcon_core.package_identification:_identify(.) by extensions ['ros']
[2.196s] Level 1:colcon.colcon_core.package_identification:_identify(.) by extension 'ros'
[2.205s] Level 1:colcon.colcon_core.package_identification:_identify(.) by extensions ['cmake', 'python']
[2.205s] Level 1:colcon.colcon_core.package_identification:_identify(.) by extension 'cmake'
[2.205s] Level 1:colcon.colcon_core.package_identification:_identify(.) by extension 'python'
[2.205s] Level 1:colcon.colcon_core.package_identification:_identify(.) by extensions ['python_setup_py']
[2.205s] Level 1:colcon.colcon_core.package_identification:_identify(.) by extension 'python_setup_py'
[2.206s] Level 1:colcon.colcon_core.package_identification:_identify(build) by extensions ['ignore', 'ignore_ament_install']
[2.206s] Level 1:colcon.colcon_core.package_identification:_identify(build) by extension 'ignore'
[2.206s] Level 1:colcon.colcon_core.package_identification:_identify(build) ignored
[2.206s] Level 1:colcon.colcon_core.package_identification:_identify(install) by extensions ['ignore', 'ignore_ament_install']
[2.206s] Level 1:colcon.colcon_core.package_identification:_identify(install) by extension 'ignore'
[2.206s] Level 1:colcon.colcon_core.package_identification:_identify(install) ignored
[2.206s] Level 1:colcon.colcon_core.package_identification:_identify(log) by extensions ['ignore', 'ignore_ament_install']
[2.206s] Level 1:colcon.colcon_core.package_identification:_identify(log) by extension 'ignore'
[2.206s] Level 1:colcon.colcon_core.package_identification:_identify(log) ignored
[2.206s] Level 1:colcon.colcon_core.package_identification:_identify(src) by extensions ['ignore', 'ignore_ament_install']
[2.206s] Level 1:colcon.colcon_core.package_identification:_identify(src) by extension 'ignore'
[2.206s] Level 1:colcon.colcon_core.package_identification:_identify(src) by extension 'ignore_ament_install'
[2.206s] Level 1:colcon.colcon_core.package_identification:_identify(src) by extensions ['colcon_pkg']
[2.206s] Level 1:colcon.colcon_core.package_identification:_identify(src) by extension 'colcon_pkg'
[2.206s] Level 1:colcon.colcon_core.package_identification:_identify(src) by extensions ['colcon_meta']
[2.206s] Level 1:colcon.colcon_core.package_identification:_identify(src) by extension 'colcon_meta'
[2.207s] Level 1:colcon.colcon_core.package_identification:_identify(src) by extensions ['ros']
[2.207s] Level 1:colcon.colcon_core.package_identification:_identify(src) by extension 'ros'
[2.207s] Level 1:colcon.colcon_core.package_identification:_identify(src) by extensions ['cmake', 'python']
[2.207s] Level 1:colcon.colcon_core.package_identification:_identify(src) by extension 'cmake'
[2.207s] Level 1:colcon.colcon_core.package_identification:_identify(src) by extension 'python'
[2.207s] Level 1:colcon.colcon_core.package_identification:_identify(src) by extensions ['python_setup_py']
[2.207s] Level 1:colcon.colcon_core.package_identification:_identify(src) by extension 'python_setup_py'
[2.207s] Level 1:colcon.colcon_core.package_identification:_identify(src/mypkg) by extensions ['ignore', 'ignore_ament_install']
[2.207s] Level 1:colcon.colcon_core.package_identification:_identify(src/mypkg) by extension 'ignore'
[2.207s] Level 1:colcon.colcon_core.package_identification:_identify(src/mypkg) by extension 'ignore_ament_install'
[2.207s] Level 1:colcon.colcon_core.package_identification:_identify(src/mypkg) by extensions ['colcon_pkg']
[2.207s] Level 1:colcon.colcon_core.package_identification:_identify(src/mypkg) by extension 'colcon_pkg'
[2.207s] Level 1:colcon.colcon_core.package_identification:_identify(src/mypkg) by extensions ['colcon_meta']
[2.207s] Level 1:colcon.colcon_core.package_identification:_identify(src/mypkg) by extension 'colcon_meta'
[2.207s] Level 1:colcon.colcon_core.package_identification:_identify(src/mypkg) by extensions ['ros']
[2.207s] Level 1:colcon.colcon_core.package_identification:_identify(src/mypkg) by extension 'ros'
[2.211s] DEBUG:colcon.colcon_core.package_identification:Package 'src/mypkg' with type 'ros.ament_python' and name 'mypkg'
[2.211s] Level 1:colcon.colcon_core.package_identification:_identify(src/person_msgs) by extensions ['ignore', 'ignore_ament_install']
[2.211s] Level 1:colcon.colcon_core.package_identification:_identify(src/person_msgs) by extension 'ignore'
[2.211s] Level 1:colcon.colcon_core.package_identification:_identify(src/person_msgs) by extension 'ignore_ament_install'
[2.212s] Level 1:colcon.colcon_core.package_identification:_identify(src/person_msgs) by extensions ['colcon_pkg']
[2.212s] Level 1:colcon.colcon_core.package_identification:_identify(src/person_msgs) by extension 'colcon_pkg'
[2.212s] Level 1:colcon.colcon_core.package_identification:_identify(src/person_msgs) by extensions ['colcon_meta']
[2.212s] Level 1:colcon.colcon_core.package_identification:_identify(src/person_msgs) by extension 'colcon_meta'
[2.212s] Level 1:colcon.colcon_core.package_identification:_identify(src/person_msgs) by extensions ['ros']
[2.212s] Level 1:colcon.colcon_core.package_identification:_identify(src/person_msgs) by extension 'ros'
[2.212s] DEBUG:colcon.colcon_core.package_identification:Package 'src/person_msgs' with type 'ros.ament_cmake' and name 'person_msgs'
[2.212s] Level 1:colcon.colcon_core.package_discovery:discover_packages(recursive) using defaults
[2.212s] Level 1:colcon.colcon_core.package_discovery:discover_packages(ignore) discover
[2.212s] Level 1:colcon.colcon_core.package_discovery:discover_packages(ignore) using defaults
[2.212s] Level 1:colcon.colcon_core.package_discovery:discover_packages(path) discover
[2.212s] Level 1:colcon.colcon_core.package_discovery:discover_packages(path) using defaults
[2.383s] Level 1:colcon.colcon_core.package_discovery:discover_packages(prefix_path) check parameters
[2.383s] Level 1:colcon.colcon_core.package_discovery:discover_packages(prefix_path) discover
[2.452s] DEBUG:colcon.colcon_installed_package_information.package_discovery:Found 2 installed packages in /home/nishi/ros2_ws/install
[2.493s] DEBUG:colcon.colcon_installed_package_information.package_discovery:Found 256 installed packages in /opt/ros/foxy
[2.495s] Level 1:colcon.colcon_core.package_discovery:discover_packages(prefix_path) using defaults
[2.618s] Level 5:colcon.colcon_core.verb:set package 'mypkg' build argument 'cmake_args' from command line to 'None'
[2.618s] Level 5:colcon.colcon_core.verb:set package 'mypkg' build argument 'cmake_target' from command line to 'None'
[2.618s] Level 5:colcon.colcon_core.verb:set package 'mypkg' build argument 'cmake_target_skip_unavailable' from command line to 'False'
[2.618s] Level 5:colcon.colcon_core.verb:set package 'mypkg' build argument 'cmake_clean_cache' from command line to 'False'
[2.618s] Level 5:colcon.colcon_core.verb:set package 'mypkg' build argument 'cmake_clean_first' from command line to 'False'
[2.618s] Level 5:colcon.colcon_core.verb:set package 'mypkg' build argument 'cmake_force_configure' from command line to 'False'
[2.618s] Level 5:colcon.colcon_core.verb:set package 'mypkg' build argument 'ament_cmake_args' from command line to 'None'
[2.618s] Level 5:colcon.colcon_core.verb:set package 'mypkg' build argument 'catkin_cmake_args' from command line to 'None'
[2.618s] Level 5:colcon.colcon_core.verb:set package 'mypkg' build argument 'catkin_skip_building_tests' from command line to 'False'
[2.618s] DEBUG:colcon.colcon_core.verb:Building package 'mypkg' with the following arguments: {'ament_cmake_args': None, 'build_base': '/home/nishi/ros2_ws/build/mypkg', 'catkin_cmake_args': None, 'catkin_skip_building_tests': False, 'cmake_args': None, 'cmake_clean_cache': False, 'cmake_clean_first': False, 'cmake_force_configure': False, 'cmake_target': None, 'cmake_target_skip_unavailable': False, 'install_base': '/home/nishi/ros2_ws/install/mypkg', 'merge_install': False, 'path': '/home/nishi/ros2_ws/src/mypkg', 'symlink_install': False, 'test_result_base': None}
[2.644s] Level 5:colcon.colcon_core.verb:set package 'person_msgs' build argument 'cmake_args' from command line to 'None'
[2.644s] Level 5:colcon.colcon_core.verb:set package 'person_msgs' build argument 'cmake_target' from command line to 'None'
[2.644s] Level 5:colcon.colcon_core.verb:set package 'person_msgs' build argument 'cmake_target_skip_unavailable' from command line to 'False'
[2.644s] Level 5:colcon.colcon_core.verb:set package 'person_msgs' build argument 'cmake_clean_cache' from command line to 'False'
[2.644s] Level 5:colcon.colcon_core.verb:set package 'person_msgs' build argument 'cmake_clean_first' from command line to 'False'
[2.644s] Level 5:colcon.colcon_core.verb:set package 'person_msgs' build argument 'cmake_force_configure' from command line to 'False'
[2.644s] Level 5:colcon.colcon_core.verb:set package 'person_msgs' build argument 'ament_cmake_args' from command line to 'None'
[2.644s] Level 5:colcon.colcon_core.verb:set package 'person_msgs' build argument 'catkin_cmake_args' from command line to 'None'
[2.644s] Level 5:colcon.colcon_core.verb:set package 'person_msgs' build argument 'catkin_skip_building_tests' from command line to 'False'
[2.644s] DEBUG:colcon.colcon_core.verb:Building package 'person_msgs' with the following arguments: {'ament_cmake_args': None, 'build_base': '/home/nishi/ros2_ws/build/person_msgs', 'catkin_cmake_args': None, 'catkin_skip_building_tests': False, 'cmake_args': None, 'cmake_clean_cache': False, 'cmake_clean_first': False, 'cmake_force_configure': False, 'cmake_target': None, 'cmake_target_skip_unavailable': False, 'install_base': '/home/nishi/ros2_ws/install/person_msgs', 'merge_install': False, 'path': '/home/nishi/ros2_ws/src/person_msgs', 'symlink_install': False, 'test_result_base': None}
[2.670s] INFO:colcon.colcon_core.executor:Executing jobs using 'parallel' executor
[2.714s] DEBUG:colcon.colcon_parallel_executor.executor.parallel:run_until_complete
[2.714s] INFO:colcon.colcon_ros.task.ament_python.build:Building ROS package in '/home/nishi/ros2_ws/src/mypkg' with build type 'ament_python'
[2.715s] Level 1:colcon.colcon_core.shell:create_environment_hook('mypkg', 'ament_prefix_path')
[2.746s] INFO:colcon.colcon_core.plugin_system:Skipping extension 'colcon_core.shell.bat': Not used on non-Windows systems
[2.747s] INFO:colcon.colcon_core.shell:Creating environment hook '/home/nishi/ros2_ws/install/mypkg/share/mypkg/hook/ament_prefix_path.ps1'
[2.747s] INFO:colcon.colcon_core.shell:Creating environment descriptor '/home/nishi/ros2_ws/install/mypkg/share/mypkg/hook/ament_prefix_path.dsv'
[2.748s] INFO:colcon.colcon_core.shell:Creating environment hook '/home/nishi/ros2_ws/install/mypkg/share/mypkg/hook/ament_prefix_path.sh'
[2.775s] INFO:colcon.colcon_core.shell:Skip shell extension 'powershell' for command environment: Not usable outside of PowerShell
[2.775s] DEBUG:colcon.colcon_core.shell:Skip shell extension 'dsv' for command environment
[2.873s] INFO:colcon.colcon_ros.task.ament_cmake.build:Building ROS package in '/home/nishi/ros2_ws/src/person_msgs' with build type 'ament_cmake'
[2.873s] INFO:colcon.colcon_cmake.task.cmake.build:Building CMake package in '/home/nishi/ros2_ws/src/person_msgs'
[2.907s] INFO:colcon.colcon_core.shell:Skip shell extension 'powershell' for command environment: Not usable outside of PowerShell
[2.907s] DEBUG:colcon.colcon_core.shell:Skip shell extension 'dsv' for command environment
[3.306s] INFO:colcon.colcon_core.task.python.build:Building Python package in '/home/nishi/ros2_ws/src/mypkg'
[3.346s] INFO:colcon.colcon_core.shell:Skip shell extension 'powershell' for command environment: Not usable outside of PowerShell
[3.346s] DEBUG:colcon.colcon_core.shell:Skip shell extension 'dsv' for command environment
[3.467s] DEBUG:colcon.colcon_core.event_handler.log_command:Invoking command in '/home/nishi/ros2_ws/build/person_msgs': CMAKE_PREFIX_PATH=${CMAKE_PREFIX_PATH}:/home/nishi/ros2_ws/install/mypkg:/opt/ros/foxy /usr/bin/cmake --build /home/nishi/ros2_ws/build/person_msgs -- -j8 -l8
[3.690s] DEBUG:colcon.colcon_core.event_handler.log_command:Invoked command in '/home/nishi/ros2_ws/build/person_msgs' returned '0': CMAKE_PREFIX_PATH=${CMAKE_PREFIX_PATH}:/home/nishi/ros2_ws/install/mypkg:/opt/ros/foxy /usr/bin/cmake --build /home/nishi/ros2_ws/build/person_msgs -- -j8 -l8
[3.786s] DEBUG:colcon.colcon_core.event_handler.log_command:Invoking command in '/home/nishi/ros2_ws/build/person_msgs': CMAKE_PREFIX_PATH=${CMAKE_PREFIX_PATH}:/home/nishi/ros2_ws/install/mypkg:/opt/ros/foxy /usr/bin/cmake --install /home/nishi/ros2_ws/build/person_msgs
[3.861s] Level 1:colcon.colcon_core.environment:create_environment_scripts_only(person_msgs)
[3.861s] DEBUG:colcon.colcon_core.event_handler.log_command:Invoked command in '/home/nishi/ros2_ws/build/person_msgs' returned '0': CMAKE_PREFIX_PATH=${CMAKE_PREFIX_PATH}:/home/nishi/ros2_ws/install/mypkg:/opt/ros/foxy /usr/bin/cmake --install /home/nishi/ros2_ws/build/person_msgs
[3.903s] Level 1:colcon.colcon_core.environment:checking '/home/nishi/ros2_ws/install/person_msgs' for CMake module files
[3.903s] Level 1:colcon.colcon_core.environment:checking '/home/nishi/ros2_ws/install/person_msgs' for CMake config files
[3.904s] Level 1:colcon.colcon_core.shell:create_environment_hook('person_msgs', 'cmake_prefix_path')
[3.931s] INFO:colcon.colcon_core.shell:Creating environment hook '/home/nishi/ros2_ws/install/person_msgs/share/person_msgs/hook/cmake_prefix_path.ps1'
[3.932s] INFO:colcon.colcon_core.shell:Creating environment descriptor '/home/nishi/ros2_ws/install/person_msgs/share/person_msgs/hook/cmake_prefix_path.dsv'
[3.933s] INFO:colcon.colcon_core.shell:Creating environment hook '/home/nishi/ros2_ws/install/person_msgs/share/person_msgs/hook/cmake_prefix_path.sh'
[3.934s] Level 1:colcon.colcon_core.environment:checking '/home/nishi/ros2_ws/install/person_msgs/lib'
[3.934s] Level 1:colcon.colcon_core.shell:create_environment_hook('person_msgs', 'ld_library_path_lib')
[3.969s] INFO:colcon.colcon_core.shell:Creating environment hook '/home/nishi/ros2_ws/install/person_msgs/share/person_msgs/hook/ld_library_path_lib.ps1'
[3.969s] INFO:colcon.colcon_core.shell:Creating environment descriptor '/home/nishi/ros2_ws/install/person_msgs/share/person_msgs/hook/ld_library_path_lib.dsv'
[3.970s] INFO:colcon.colcon_core.shell:Creating environment hook '/home/nishi/ros2_ws/install/person_msgs/share/person_msgs/hook/ld_library_path_lib.sh'
[3.970s] Level 1:colcon.colcon_core.environment:checking '/home/nishi/ros2_ws/install/person_msgs/bin'
[3.970s] Level 1:colcon.colcon_core.environment:checking '/home/nishi/ros2_ws/install/person_msgs/lib/pkgconfig/person_msgs.pc'
[3.970s] Level 1:colcon.colcon_core.environment:checking '/home/nishi/ros2_ws/install/person_msgs/lib/python3.8/site-packages'
[3.970s] Level 1:colcon.colcon_core.shell:create_environment_hook('person_msgs', 'pythonpath')
[4.002s] INFO:colcon.colcon_core.shell:Creating environment hook '/home/nishi/ros2_ws/install/person_msgs/share/person_msgs/hook/pythonpath.ps1'
[4.003s] INFO:colcon.colcon_core.shell:Creating environment descriptor '/home/nishi/ros2_ws/install/person_msgs/share/person_msgs/hook/pythonpath.dsv'
[4.003s] INFO:colcon.colcon_core.shell:Creating environment hook '/home/nishi/ros2_ws/install/person_msgs/share/person_msgs/hook/pythonpath.sh'
[4.004s] Level 1:colcon.colcon_core.environment:checking '/home/nishi/ros2_ws/install/person_msgs/bin'
[4.049s] INFO:colcon.colcon_core.shell:Creating package script '/home/nishi/ros2_ws/install/person_msgs/share/person_msgs/package.ps1'
[4.051s] INFO:colcon.colcon_core.shell:Creating package descriptor '/home/nishi/ros2_ws/install/person_msgs/share/person_msgs/package.dsv'
[4.052s] INFO:colcon.colcon_core.shell:Creating package script '/home/nishi/ros2_ws/install/person_msgs/share/person_msgs/package.sh'
[4.053s] INFO:colcon.colcon_core.shell:Creating package script '/home/nishi/ros2_ws/install/person_msgs/share/person_msgs/package.bash'
[4.054s] INFO:colcon.colcon_core.shell:Creating package script '/home/nishi/ros2_ws/install/person_msgs/share/person_msgs/package.zsh'
[4.055s] Level 1:colcon.colcon_core.environment:create_file_with_runtime_dependencies(/home/nishi/ros2_ws/install/person_msgs/share/colcon-core/packages/person_msgs)
[4.064s] DEBUG:colcon.colcon_core.event_handler.log_command:Invoking command in '/home/nishi/ros2_ws/src/mypkg': PYTHONPATH=/home/nishi/ros2_ws/build/mypkg/prefix_override:/home/nishi/ros2_ws/install/mypkg/lib/python3.8/site-packages:${PYTHONPATH} /usr/bin/python3 setup.py egg_info --egg-base ../../build/mypkg build --build-base /home/nishi/ros2_ws/build/mypkg/build install --record /home/nishi/ros2_ws/build/mypkg/install.log --install-scripts $base/lib/mypkg --single-version-externally-managed
[4.170s] Level 1:colcon.colcon_core.environment:create_environment_scripts_only(person_msgs)
[4.200s] Level 1:colcon.colcon_core.environment:checking '/home/nishi/ros2_ws/install/person_msgs' for CMake module files
[4.201s] Level 1:colcon.colcon_core.environment:checking '/home/nishi/ros2_ws/install/person_msgs' for CMake config files
[4.201s] Level 1:colcon.colcon_core.shell:create_environment_hook('person_msgs', 'cmake_prefix_path')
[4.245s] INFO:colcon.colcon_core.shell:Creating environment hook '/home/nishi/ros2_ws/install/person_msgs/share/person_msgs/hook/cmake_prefix_path.ps1'
[4.246s] INFO:colcon.colcon_core.shell:Creating environment descriptor '/home/nishi/ros2_ws/install/person_msgs/share/person_msgs/hook/cmake_prefix_path.dsv'
[4.246s] INFO:colcon.colcon_core.shell:Creating environment hook '/home/nishi/ros2_ws/install/person_msgs/share/person_msgs/hook/cmake_prefix_path.sh'
[4.247s] Level 1:colcon.colcon_core.environment:checking '/home/nishi/ros2_ws/install/person_msgs/lib'
[4.247s] Level 1:colcon.colcon_core.shell:create_environment_hook('person_msgs', 'ld_library_path_lib')
[4.283s] INFO:colcon.colcon_core.shell:Creating environment hook '/home/nishi/ros2_ws/install/person_msgs/share/person_msgs/hook/ld_library_path_lib.ps1'
[4.285s] INFO:colcon.colcon_core.shell:Creating environment descriptor '/home/nishi/ros2_ws/install/person_msgs/share/person_msgs/hook/ld_library_path_lib.dsv'
[4.287s] INFO:colcon.colcon_core.shell:Creating environment hook '/home/nishi/ros2_ws/install/person_msgs/share/person_msgs/hook/ld_library_path_lib.sh'
[4.287s] Level 1:colcon.colcon_core.environment:checking '/home/nishi/ros2_ws/install/person_msgs/bin'
[4.287s] Level 1:colcon.colcon_core.environment:checking '/home/nishi/ros2_ws/install/person_msgs/lib/pkgconfig/person_msgs.pc'
[4.287s] Level 1:colcon.colcon_core.environment:checking '/home/nishi/ros2_ws/install/person_msgs/lib/python3.8/site-packages'
[4.287s] Level 1:colcon.colcon_core.shell:create_environment_hook('person_msgs', 'pythonpath')
[4.315s] INFO:colcon.colcon_core.shell:Creating environment hook '/home/nishi/ros2_ws/install/person_msgs/share/person_msgs/hook/pythonpath.ps1'
[4.315s] INFO:colcon.colcon_core.shell:Creating environment descriptor '/home/nishi/ros2_ws/install/person_msgs/share/person_msgs/hook/pythonpath.dsv'
[4.316s] INFO:colcon.colcon_core.shell:Creating environment hook '/home/nishi/ros2_ws/install/person_msgs/share/person_msgs/hook/pythonpath.sh'
[4.316s] Level 1:colcon.colcon_core.environment:checking '/home/nishi/ros2_ws/install/person_msgs/bin'
[4.359s] INFO:colcon.colcon_core.shell:Creating package script '/home/nishi/ros2_ws/install/person_msgs/share/person_msgs/package.ps1'
[4.360s] INFO:colcon.colcon_core.shell:Creating package descriptor '/home/nishi/ros2_ws/install/person_msgs/share/person_msgs/package.dsv'
[4.361s] INFO:colcon.colcon_core.shell:Creating package script '/home/nishi/ros2_ws/install/person_msgs/share/person_msgs/package.sh'
[4.362s] INFO:colcon.colcon_core.shell:Creating package script '/home/nishi/ros2_ws/install/person_msgs/share/person_msgs/package.bash'
[4.362s] INFO:colcon.colcon_core.shell:Creating package script '/home/nishi/ros2_ws/install/person_msgs/share/person_msgs/package.zsh'
[4.362s] Level 1:colcon.colcon_core.environment:create_file_with_runtime_dependencies(/home/nishi/ros2_ws/install/person_msgs/share/colcon-core/packages/person_msgs)
[4.367s] DEBUG:colcon.colcon_core.event_handler.log_command:Invoked command in '/home/nishi/ros2_ws/src/mypkg' returned '0': PYTHONPATH=/home/nishi/ros2_ws/build/mypkg/prefix_override:/home/nishi/ros2_ws/install/mypkg/lib/python3.8/site-packages:${PYTHONPATH} /usr/bin/python3 setup.py egg_info --egg-base ../../build/mypkg build --build-base /home/nishi/ros2_ws/build/mypkg/build install --record /home/nishi/ros2_ws/build/mypkg/install.log --install-scripts $base/lib/mypkg --single-version-externally-managed
[4.395s] Level 1:colcon.colcon_core.environment:checking '/home/nishi/ros2_ws/install/mypkg' for CMake module files
[4.397s] Level 1:colcon.colcon_core.environment:checking '/home/nishi/ros2_ws/install/mypkg' for CMake config files
[4.397s] Level 1:colcon.colcon_core.environment:checking '/home/nishi/ros2_ws/install/mypkg/lib'
[4.398s] Level 1:colcon.colcon_core.environment:checking '/home/nishi/ros2_ws/install/mypkg/bin'
[4.398s] Level 1:colcon.colcon_core.environment:checking '/home/nishi/ros2_ws/install/mypkg/lib/pkgconfig/mypkg.pc'
[4.398s] Level 1:colcon.colcon_core.environment:checking '/home/nishi/ros2_ws/install/mypkg/lib/python3.8/site-packages'
[4.398s] Level 1:colcon.colcon_core.shell:create_environment_hook('mypkg', 'pythonpath')
[4.429s] INFO:colcon.colcon_core.shell:Creating environment hook '/home/nishi/ros2_ws/install/mypkg/share/mypkg/hook/pythonpath.ps1'
[4.430s] INFO:colcon.colcon_core.shell:Creating environment descriptor '/home/nishi/ros2_ws/install/mypkg/share/mypkg/hook/pythonpath.dsv'
[4.430s] INFO:colcon.colcon_core.shell:Creating environment hook '/home/nishi/ros2_ws/install/mypkg/share/mypkg/hook/pythonpath.sh'
[4.431s] Level 1:colcon.colcon_core.environment:checking '/home/nishi/ros2_ws/install/mypkg/bin'
[4.431s] Level 1:colcon.colcon_core.environment:create_environment_scripts_only(mypkg)
[4.464s] INFO:colcon.colcon_core.shell:Creating package script '/home/nishi/ros2_ws/install/mypkg/share/mypkg/package.ps1'
[4.465s] INFO:colcon.colcon_core.shell:Creating package descriptor '/home/nishi/ros2_ws/install/mypkg/share/mypkg/package.dsv'
[4.465s] INFO:colcon.colcon_core.shell:Creating package script '/home/nishi/ros2_ws/install/mypkg/share/mypkg/package.sh'
[4.466s] INFO:colcon.colcon_core.shell:Creating package script '/home/nishi/ros2_ws/install/mypkg/share/mypkg/package.bash'
[4.466s] INFO:colcon.colcon_core.shell:Creating package script '/home/nishi/ros2_ws/install/mypkg/share/mypkg/package.zsh'
[4.467s] Level 1:colcon.colcon_core.environment:create_file_with_runtime_dependencies(/home/nishi/ros2_ws/install/mypkg/share/colcon-core/packages/mypkg)
[4.467s] DEBUG:colcon.colcon_parallel_executor.executor.parallel:closing loop
[4.468s] DEBUG:colcon.colcon_parallel_executor.executor.parallel:loop closed
[4.469s] DEBUG:colcon.colcon_parallel_executor.executor.parallel:run_until_complete finished with '0'
[4.469s] DEBUG:colcon.colcon_core.event_reactor:joining thread
[4.591s] INFO:colcon.colcon_core.plugin_system:Skipping extension 'colcon_notification.desktop_notification.notify_send': Could not find 'notify-send'
[4.591s] INFO:colcon.colcon_core.plugin_system:Skipping extension 'colcon_notification.desktop_notification.terminal_notifier': Not used on non-Darwin systems
[4.591s] INFO:colcon.colcon_core.plugin_system:Skipping extension 'colcon_notification.desktop_notification.win32': Not used on non-Windows systems
[4.591s] INFO:colcon.colcon_notification.desktop_notification:Sending desktop notification using 'notify2'
[4.605s] DEBUG:colcon.colcon_notification.desktop_notification.notify2:Failed to initialize notify2: org.freedesktop.DBus.Error.ServiceUnknown: The name org.freedesktop.Notifications was not provided by any .service files
[4.605s] DEBUG:colcon.colcon_core.event_reactor:joined thread
[4.666s] INFO:colcon.colcon_core.shell:Creating prefix script '/home/nishi/ros2_ws/install/local_setup.ps1'
[4.668s] INFO:colcon.colcon_core.shell:Creating prefix util module '/home/nishi/ros2_ws/install/_local_setup_util_ps1.py'
[4.669s] INFO:colcon.colcon_core.shell:Creating prefix chain script '/home/nishi/ros2_ws/install/setup.ps1'
[4.697s] INFO:colcon.colcon_core.shell:Creating prefix script '/home/nishi/ros2_ws/install/local_setup.sh'
[4.698s] INFO:colcon.colcon_core.shell:Creating prefix util module '/home/nishi/ros2_ws/install/_local_setup_util_sh.py'
[4.698s] INFO:colcon.colcon_core.shell:Creating prefix chain script '/home/nishi/ros2_ws/install/setup.sh'
[4.737s] INFO:colcon.colcon_core.shell:Creating prefix script '/home/nishi/ros2_ws/install/local_setup.bash'
[4.738s] INFO:colcon.colcon_core.shell:Creating prefix chain script '/home/nishi/ros2_ws/install/setup.bash'
[4.772s] INFO:colcon.colcon_core.shell:Creating prefix script '/home/nishi/ros2_ws/install/local_setup.zsh'
[4.773s] INFO:colcon.colcon_core.shell:Creating prefix chain script '/home/nishi/ros2_ws/install/setup.zsh'
