[1.072s] Invoking command in '/home/nishi/ros2_ws/src/mypkg': PYTHONPATH=/home/nishi/ros2_ws/build/mypkg/prefix_override:/home/nishi/ros2_ws/install/mypkg/lib/python3.8/site-packages:${PYTHONPATH} /usr/bin/python3 setup.py egg_info --egg-base ../../build/mypkg build --build-base /home/nishi/ros2_ws/build/mypkg/build install --record /home/nishi/ros2_ws/build/mypkg/install.log --install-scripts $base/lib/mypkg --single-version-externally-managed
[1.260s] running egg_info
[1.260s] writing ../../build/mypkg/mypkg.egg-info/PKG-INFO
[1.261s] writing dependency_links to ../../build/mypkg/mypkg.egg-info/dependency_links.txt
[1.261s] writing entry points to ../../build/mypkg/mypkg.egg-info/entry_points.txt
[1.270s] writing requirements to ../../build/mypkg/mypkg.egg-info/requires.txt
[1.271s] writing top-level names to ../../build/mypkg/mypkg.egg-info/top_level.txt
[1.293s] reading manifest file '../../build/mypkg/mypkg.egg-info/SOURCES.txt'
[1.293s] writing manifest file '../../build/mypkg/mypkg.egg-info/SOURCES.txt'
[1.294s] running build
[1.294s] running build_py
[1.294s] copying mypkg/listener.py -> /home/nishi/ros2_ws/build/mypkg/build/lib/mypkg
[1.295s] running install
[1.296s] running install_lib
[1.297s] copying /home/nishi/ros2_ws/build/mypkg/build/lib/mypkg/listener.py -> /home/nishi/ros2_ws/install/mypkg/lib/python3.8/site-packages/mypkg
[1.298s] byte-compiling /home/nishi/ros2_ws/install/mypkg/lib/python3.8/site-packages/mypkg/listener.py to listener.cpython-38.pyc
[1.300s]   File "/home/nishi/ros2_ws/install/mypkg/lib/python3.8/site-packages/mypkg/listener.py", line 19
[1.300s]     response =　future.result()
[1.300s]               　     ^
[1.300s] SyntaxError: invalid character in identifier
[1.301s] 
[1.301s] running install_data
[1.301s] running install_egg_info
[1.302s] removing '/home/nishi/ros2_ws/install/mypkg/lib/python3.8/site-packages/mypkg-0.0.0-py3.8.egg-info' (and everything under it)
[1.303s] Copying ../../build/mypkg/mypkg.egg-info to /home/nishi/ros2_ws/install/mypkg/lib/python3.8/site-packages/mypkg-0.0.0-py3.8.egg-info
[1.303s] running install_scripts
[1.320s] Installing listener script to /home/nishi/ros2_ws/install/mypkg/lib/mypkg
[1.320s] Installing talker script to /home/nishi/ros2_ws/install/mypkg/lib/mypkg
[1.321s] writing list of installed files to '/home/nishi/ros2_ws/build/mypkg/install.log'
[1.343s] Invoked command in '/home/nishi/ros2_ws/src/mypkg' returned '0': PYTHONPATH=/home/nishi/ros2_ws/build/mypkg/prefix_override:/home/nishi/ros2_ws/install/mypkg/lib/python3.8/site-packages:${PYTHONPATH} /usr/bin/python3 setup.py egg_info --egg-base ../../build/mypkg build --build-base /home/nishi/ros2_ws/build/mypkg/build install --record /home/nishi/ros2_ws/build/mypkg/install.log --install-scripts $base/lib/mypkg --single-version-externally-managed
