[1.090s] Invoking command in '/home/nishi/ros2_ws/src/mypkg': PYTHONPATH=/home/nishi/ros2_ws/build/mypkg/prefix_override:/home/nishi/ros2_ws/install/mypkg/lib/python3.8/site-packages:${PYTHONPATH} /usr/bin/python3 setup.py egg_info --egg-base ../../build/mypkg build --build-base /home/nishi/ros2_ws/build/mypkg/build install --record /home/nishi/ros2_ws/build/mypkg/install.log --install-scripts $base/lib/mypkg --single-version-externally-managed
[1.328s] running egg_info
[1.329s] writing ../../build/mypkg/mypkg.egg-info/PKG-INFO
[1.337s] writing dependency_links to ../../build/mypkg/mypkg.egg-info/dependency_links.txt
[1.341s] writing entry points to ../../build/mypkg/mypkg.egg-info/entry_points.txt
[1.341s] writing requirements to ../../build/mypkg/mypkg.egg-info/requires.txt
[1.342s] writing top-level names to ../../build/mypkg/mypkg.egg-info/top_level.txt
[1.355s] reading manifest file '../../build/mypkg/mypkg.egg-info/SOURCES.txt'
[1.355s] writing manifest file '../../build/mypkg/mypkg.egg-info/SOURCES.txt'
[1.356s] running build
[1.356s] running build_py
[1.356s] copying mypkg/listener.py -> /home/nishi/ros2_ws/build/mypkg/build/lib/mypkg
[1.357s] running install
[1.358s] running install_lib
[1.359s] copying /home/nishi/ros2_ws/build/mypkg/build/lib/mypkg/listener.py -> /home/nishi/ros2_ws/install/mypkg/lib/python3.8/site-packages/mypkg
[1.360s] byte-compiling /home/nishi/ros2_ws/install/mypkg/lib/python3.8/site-packages/mypkg/listener.py to listener.cpython-38.pyc
[1.362s] running install_data
[1.363s] running install_egg_info
[1.365s] removing '/home/nishi/ros2_ws/install/mypkg/lib/python3.8/site-packages/mypkg-0.0.0-py3.8.egg-info' (and everything under it)
[1.365s] Copying ../../build/mypkg/mypkg.egg-info to /home/nishi/ros2_ws/install/mypkg/lib/python3.8/site-packages/mypkg-0.0.0-py3.8.egg-info
[1.367s] running install_scripts
[1.390s] Installing listener script to /home/nishi/ros2_ws/install/mypkg/lib/mypkg
[1.390s] Installing talker script to /home/nishi/ros2_ws/install/mypkg/lib/mypkg
[1.390s] writing list of installed files to '/home/nishi/ros2_ws/build/mypkg/install.log'
[1.415s] Invoked command in '/home/nishi/ros2_ws/src/mypkg' returned '0': PYTHONPATH=/home/nishi/ros2_ws/build/mypkg/prefix_override:/home/nishi/ros2_ws/install/mypkg/lib/python3.8/site-packages:${PYTHONPATH} /usr/bin/python3 setup.py egg_info --egg-base ../../build/mypkg build --build-base /home/nishi/ros2_ws/build/mypkg/build install --record /home/nishi/ros2_ws/build/mypkg/install.log --install-scripts $base/lib/mypkg --single-version-externally-managed
