[1.427s] Invoking command in '/home/nishi/ros2_ws/src/mypkg': PYTHONPATH=/home/nishi/ros2_ws/build/mypkg/prefix_override:/home/nishi/ros2_ws/install/mypkg/lib/python3.8/site-packages:${PYTHONPATH} /usr/bin/python3 setup.py egg_info --egg-base ../../build/mypkg build --build-base /home/nishi/ros2_ws/build/mypkg/build install --record /home/nishi/ros2_ws/build/mypkg/install.log --install-scripts $base/lib/mypkg --single-version-externally-managed
[1.641s] running egg_info
[1.641s] writing ../../build/mypkg/mypkg.egg-info/PKG-INFO
[1.642s] writing dependency_links to ../../build/mypkg/mypkg.egg-info/dependency_links.txt
[1.642s] writing entry points to ../../build/mypkg/mypkg.egg-info/entry_points.txt
[1.642s] writing requirements to ../../build/mypkg/mypkg.egg-info/requires.txt
[1.643s] writing top-level names to ../../build/mypkg/mypkg.egg-info/top_level.txt
[1.684s] reading manifest file '../../build/mypkg/mypkg.egg-info/SOURCES.txt'
[1.685s] writing manifest file '../../build/mypkg/mypkg.egg-info/SOURCES.txt'
[1.685s] running build
[1.685s] running build_py
[1.686s] running install
[1.686s] running install_lib
[1.688s] running install_data
[1.689s] running install_egg_info
[1.691s] removing '/home/nishi/ros2_ws/install/mypkg/lib/python3.8/site-packages/mypkg-0.0.0-py3.8.egg-info' (and everything under it)
[1.691s] Copying ../../build/mypkg/mypkg.egg-info to /home/nishi/ros2_ws/install/mypkg/lib/python3.8/site-packages/mypkg-0.0.0-py3.8.egg-info
[1.692s] running install_scripts
[1.712s] Installing listener script to /home/nishi/ros2_ws/install/mypkg/lib/mypkg
[1.712s] Installing talker script to /home/nishi/ros2_ws/install/mypkg/lib/mypkg
[1.712s] writing list of installed files to '/home/nishi/ros2_ws/build/mypkg/install.log'
[1.739s] Invoked command in '/home/nishi/ros2_ws/src/mypkg' returned '0': PYTHONPATH=/home/nishi/ros2_ws/build/mypkg/prefix_override:/home/nishi/ros2_ws/install/mypkg/lib/python3.8/site-packages:${PYTHONPATH} /usr/bin/python3 setup.py egg_info --egg-base ../../build/mypkg build --build-base /home/nishi/ros2_ws/build/mypkg/build install --record /home/nishi/ros2_ws/build/mypkg/install.log --install-scripts $base/lib/mypkg --single-version-externally-managed
