[1.172s] Invoking command in '/home/nishi/ros2_ws/src/mypkg': PYTHONPATH=/home/nishi/ros2_ws/build/mypkg/prefix_override:/home/nishi/ros2_ws/install/mypkg/lib/python3.8/site-packages:${PYTHONPATH} /usr/bin/python3 setup.py egg_info --egg-base ../../build/mypkg build --build-base /home/nishi/ros2_ws/build/mypkg/build install --record /home/nishi/ros2_ws/build/mypkg/install.log --install-scripts $base/lib/mypkg --single-version-externally-managed
[1.359s] running egg_info
[1.359s] writing ../../build/mypkg/mypkg.egg-info/PKG-INFO
[1.359s] writing dependency_links to ../../build/mypkg/mypkg.egg-info/dependency_links.txt
[1.360s] writing entry points to ../../build/mypkg/mypkg.egg-info/entry_points.txt
[1.360s] writing requirements to ../../build/mypkg/mypkg.egg-info/requires.txt
[1.361s] writing top-level names to ../../build/mypkg/mypkg.egg-info/top_level.txt
[1.392s] reading manifest file '../../build/mypkg/mypkg.egg-info/SOURCES.txt'
[1.393s] writing manifest file '../../build/mypkg/mypkg.egg-info/SOURCES.txt'
[1.395s] running build
[1.395s] running build_py
[1.397s] copying mypkg/listener.py -> /home/nishi/ros2_ws/build/mypkg/build/lib/mypkg
[1.399s] running install
[1.399s] running install_lib
[1.400s] copying /home/nishi/ros2_ws/build/mypkg/build/lib/mypkg/listener.py -> /home/nishi/ros2_ws/install/mypkg/lib/python3.8/site-packages/mypkg
[1.400s] byte-compiling /home/nishi/ros2_ws/install/mypkg/lib/python3.8/site-packages/mypkg/listener.py to listener.cpython-38.pyc
[1.400s]   File "/home/nishi/ros2_ws/install/mypkg/lib/python3.8/site-packages/mypkg/listener.py", line 29
[1.400s]     if __name__ == '__main__'
[1.400s]                             ^
[1.400s] SyntaxError: invalid syntax
[1.401s] 
[1.401s] running install_data
[1.402s] running install_egg_info
[1.402s] removing '/home/nishi/ros2_ws/install/mypkg/lib/python3.8/site-packages/mypkg-0.0.0-py3.8.egg-info' (and everything under it)
[1.402s] Copying ../../build/mypkg/mypkg.egg-info to /home/nishi/ros2_ws/install/mypkg/lib/python3.8/site-packages/mypkg-0.0.0-py3.8.egg-info
[1.402s] running install_scripts
[1.429s] Installing listener script to /home/nishi/ros2_ws/install/mypkg/lib/mypkg
[1.430s] Installing talker script to /home/nishi/ros2_ws/install/mypkg/lib/mypkg
[1.436s] writing list of installed files to '/home/nishi/ros2_ws/build/mypkg/install.log'
[1.443s] Invoked command in '/home/nishi/ros2_ws/src/mypkg' returned '0': PYTHONPATH=/home/nishi/ros2_ws/build/mypkg/prefix_override:/home/nishi/ros2_ws/install/mypkg/lib/python3.8/site-packages:${PYTHONPATH} /usr/bin/python3 setup.py egg_info --egg-base ../../build/mypkg build --build-base /home/nishi/ros2_ws/build/mypkg/build install --record /home/nishi/ros2_ws/build/mypkg/install.log --install-scripts $base/lib/mypkg --single-version-externally-managed
